<?xml version="1.0" encoding="UTF-8"?>
<!-- Generated by org.testng.reporters.JUnitXMLReporter -->
<testsuite hostname="INNOWAVE-383" ignored="0" name="SOI_66_TC12_PC_AgreementCreation_Add_File_2_Agreement" tests="8" failures="1" timestamp="17 abr 2020 09:08:43 GMT" time="39.937" errors="0">
  <testcase name="step01" time="29.064" classname="delivery01.soi_66.SOI_66_TC12_PC_AgreementCreation_Add_File_2_Agreement">
    <failure type="java.lang.Exception" message="Test Failed on Step 1">
      <![CDATA[java.lang.Exception: Test Failed on Step 1
at delivery01.soi_66.SOI_66_TC12_PC_AgreementCreation_Add_File_2_Agreement.step01(SOI_66_TC12_PC_AgreementCreation_Add_File_2_Agreement.java:119)
Caused by: java.lang.Exception: Validation Failed on Step 1
at delivery01.soi_66.SOI_66_TC12_PC_AgreementCreation_Add_File_2_Agreement.step01(SOI_66_TC12_PC_AgreementCreation_Add_File_2_Agreement.java:112)
... 25 more
... Removed 25 stack frames]]>
    </failure>
  </testcase> <!-- step01 -->
  <testcase name="step02" time="0.0" classname="delivery01.soi_66.SOI_66_TC12_PC_AgreementCreation_Add_File_2_Agreement">
    <skipped/>
  </testcase> <!-- step02 -->
  <testcase name="step03" time="0.0" classname="delivery01.soi_66.SOI_66_TC12_PC_AgreementCreation_Add_File_2_Agreement">
    <skipped/>
  </testcase> <!-- step03 -->
  <testcase name="step04" time="0.001" classname="delivery01.soi_66.SOI_66_TC12_PC_AgreementCreation_Add_File_2_Agreement">
    <skipped/>
  </testcase> <!-- step04 -->
  <testcase name="step05" time="0.0" classname="delivery01.soi_66.SOI_66_TC12_PC_AgreementCreation_Add_File_2_Agreement">
    <skipped/>
  </testcase> <!-- step05 -->
  <testcase name="step06" time="0.0" classname="delivery01.soi_66.SOI_66_TC12_PC_AgreementCreation_Add_File_2_Agreement">
    <skipped/>
  </testcase> <!-- step06 -->
  <testcase name="step07" time="0.0" classname="delivery01.soi_66.SOI_66_TC12_PC_AgreementCreation_Add_File_2_Agreement">
    <skipped/>
  </testcase> <!-- step07 -->
  <testcase name="step08" time="0.0" classname="delivery01.soi_66.SOI_66_TC12_PC_AgreementCreation_Add_File_2_Agreement">
    <skipped/>
  </testcase> <!-- step08 -->
</testsuite> <!-- SOI_66_TC12_PC_AgreementCreation_Add_File_2_Agreement -->
