<html>
<head>
<title>TestNG:  Salesforce Partners Community</title>
<link href="../testng.css" rel="stylesheet" type="text/css" />
<link href="../my-testng.css" rel="stylesheet" type="text/css" />

<style type="text/css">
.log { display: none;} 
.stack-trace { display: none;} 
</style>
<script type="text/javascript">
<!--
function flip(e) {
  current = e.style.display;
  if (current == 'block') {
    e.style.display = 'none';
    return 0;
  }
  else {
    e.style.display = 'block';
    return 1;
  }
}

function toggleBox(szDivId, elem, msg1, msg2)
{
  var res = -1;  if (document.getElementById) {
    res = flip(document.getElementById(szDivId));
  }
  else if (document.all) {
    // this is the way old msie versions work
    res = flip(document.all[szDivId]);
  }
  if(elem) {
    if(res == 0) elem.innerHTML = msg1; else elem.innerHTML = msg2;
  }

}

function toggleAllBoxes() {
  if (document.getElementsByTagName) {
    d = document.getElementsByTagName('div');
    for (i = 0; i < d.length; i++) {
      if (d[i].className == 'log') {
        flip(d[i]);
      }
    }
  }
}

// -->
</script>

</head>
<body>
<h2 align='center'>Salesforce Partners Community</h2><table border='1' align="center">
<tr>
<td>Tests passed/Failed/Skipped:</td><td>0/0/30</td>
</tr><tr>
<td>Started on:</td><td>Tue Jan 07 13:36:11 GMT 2020</td>
</tr>
<tr><td>Total time:</td><td>1 seconds (1530 ms)</td>
</tr><tr>
<td>Included groups:</td><td></td>
</tr><tr>
<td>Excluded groups:</td><td></td>
</tr>
</table><p/>
<small><i>(Hover the method name to see the test class name)</i></small><p/>
<table width='100%' border='1' class='invocation-failed'>
<tr><td colspan='4' align='center'><b>FAILED CONFIGURATIONS</b></td></tr>
<tr><td><b>Test method</b></td>
<td width="30%"><b>Exception</b></td>
<td width="10%"><b>Time (seconds)</b></td>
<td><b>Instance</b></td>
</tr>
<tr>
<td title='delivery01.soi_68.OrderCreationForNewContract_EditCreatedOrder_SFPC.beforeTest()'><b>beforeTest</b><br>Test class: delivery01.soi_68.OrderCreationForNewContract_EditCreatedOrder_SFPC</td>
<td><div><pre>org.openqa.selenium.InvalidArgumentException: invalid argument: user data directory is already in use, please specify a unique value for --user-data-dir argument, or don&apos;t use --user-data-dir
Build info: version: &apos;3.141.59&apos;, revision: &apos;e82be7d358&apos;, time: &apos;2018-11-14T08:17:03&apos;
System info: host: &apos;INNOWAVE-383&apos;, ip: &apos;192.168.100.249&apos;, os.name: &apos;Windows 10&apos;, os.arch: &apos;amd64&apos;, os.version: &apos;10.0&apos;, java.version: &apos;1.8.0_212&apos;
Driver info: driver.version: ChromeDriver
remote stacktrace: Backtrace:
	Ordinal0 [0x0054A113+1548563]
	Ordinal0 [0x004CDDA1+1039777]
	Ordinal0 [0x0044E485+517253]
	Ordinal0 [0x003DCB4B+52043]
	Ordinal0 [0x003FB797+178071]
	Ordinal0 [0x003FB59D+177565]
	Ordinal0 [0x003F95FB+169467]
	Ordinal0 [0x003E160A+71178]
	Ordinal0 [0x003E2690+75408]
	Ordinal0 [0x003E2629+75305]
	Ordinal0 [0x004E71B7+1143223]
	GetHandleVerifier [0x005E2B46+507814]
	GetHandleVerifier [0x005E2864+507076]
	GetHandleVerifier [0x005E9F47+537511]
	GetHandleVerifier [0x005E3402+510050]
	Ordinal0 [0x004DF29C+1110684]
	Ordinal0 [0x004E938B+1151883]
	Ordinal0 [0x004E94F3+1152243]
	Ordinal0 [0x004E83F5+1147893]
	BaseThreadInitThunk [0x76CD6359+25]
	RtlGetAppContainerNamedObjectPath [0x770E7B74+228]
	RtlGetAppContainerNamedObjectPath [0x770E7B44+180]

	at org.openqa.selenium.remote.W3CHandshakeResponse.lambda$errorHandler$0(W3CHandshakeResponse.java:62)
	at org.openqa.selenium.remote.HandshakeResponse.lambda$getResponseFunction$0(HandshakeResponse.java:30)
	at org.openqa.selenium.remote.ProtocolHandshake.lambda$createSession$0(ProtocolHandshake.java:126)
	at java.util.stream.ReferencePipeline$3$1.accept(ReferencePipeline.java:193)
	at java.util.Spliterators$ArraySpliterator.tryAdvance(Spliterators.java:958)
	at java.util.stream.ReferencePipeline.forEachWithCancel(ReferencePipeline.java:126)
	at java.util.stream.AbstractPipeline.copyIntoWithCancel(AbstractPipeline.java:498)
	at java.util.stream.AbstractPipeline.copyInto(AbstractPipeline.java:485)
	at java.util.stream.AbstractPipeline.wrapAndCopyInto(AbstractPipeline.java:471)
	at java.util.stream.FindOps$FindOp.evaluateSequential(FindOps.java:152)
	at java.util.stream.AbstractPipeline.evaluate(AbstractPipeline.java:234)
	at java.util.stream.ReferencePipeline.findFirst(ReferencePipeline.java:464)
	at org.openqa.selenium.remote.ProtocolHandshake.createSession(ProtocolHandshake.java:128)
	at org.openqa.selenium.remote.ProtocolHandshake.createSession(ProtocolHandshake.java:74)
	at org.openqa.selenium.remote.HttpCommandExecutor.execute(HttpCommandExecutor.java:136)
	at org.openqa.selenium.remote.service.DriverCommandExecutor.execute(DriverCommandExecutor.java:83)
	at org.openqa.selenium.remote.RemoteWebDriver.execute(RemoteWebDriver.java:552)
	at org.openqa.selenium.remote.RemoteWebDriver.startSession(RemoteWebDriver.java:213)
	at org.openqa.selenium.remote.RemoteWebDriver.&lt;init&gt;(RemoteWebDriver.java:131)
	at org.openqa.selenium.chrome.ChromeDriver.&lt;init&gt;(ChromeDriver.java:181)
	at org.openqa.selenium.chrome.ChromeDriver.&lt;init&gt;(ChromeDriver.java:168)
	at org.openqa.selenium.chrome.ChromeDriver.&lt;init&gt;(ChromeDriver.java:157)
	at delivery01.soi_68.OrderCreationForNewContract_EditCreatedOrder_SFPC.beforeTest(OrderCreationForNewContract_EditCreatedOrder_SFPC.java:88)
... Removed 28 stack frames</pre></div><a href='#' onClick='toggleBox("stack-trace1975873209", this, "Click to show all stack frames", "Click to hide stack frames")'>Click to show all stack frames</a>
<div class='stack-trace' id='stack-trace1975873209'><pre>org.openqa.selenium.InvalidArgumentException: invalid argument: user data directory is already in use, please specify a unique value for --user-data-dir argument, or don&apos;t use --user-data-dir
Build info: version: &apos;3.141.59&apos;, revision: &apos;e82be7d358&apos;, time: &apos;2018-11-14T08:17:03&apos;
System info: host: &apos;INNOWAVE-383&apos;, ip: &apos;192.168.100.249&apos;, os.name: &apos;Windows 10&apos;, os.arch: &apos;amd64&apos;, os.version: &apos;10.0&apos;, java.version: &apos;1.8.0_212&apos;
Driver info: driver.version: ChromeDriver
remote stacktrace: Backtrace:
	Ordinal0 [0x0054A113+1548563]
	Ordinal0 [0x004CDDA1+1039777]
	Ordinal0 [0x0044E485+517253]
	Ordinal0 [0x003DCB4B+52043]
	Ordinal0 [0x003FB797+178071]
	Ordinal0 [0x003FB59D+177565]
	Ordinal0 [0x003F95FB+169467]
	Ordinal0 [0x003E160A+71178]
	Ordinal0 [0x003E2690+75408]
	Ordinal0 [0x003E2629+75305]
	Ordinal0 [0x004E71B7+1143223]
	GetHandleVerifier [0x005E2B46+507814]
	GetHandleVerifier [0x005E2864+507076]
	GetHandleVerifier [0x005E9F47+537511]
	GetHandleVerifier [0x005E3402+510050]
	Ordinal0 [0x004DF29C+1110684]
	Ordinal0 [0x004E938B+1151883]
	Ordinal0 [0x004E94F3+1152243]
	Ordinal0 [0x004E83F5+1147893]
	BaseThreadInitThunk [0x76CD6359+25]
	RtlGetAppContainerNamedObjectPath [0x770E7B74+228]
	RtlGetAppContainerNamedObjectPath [0x770E7B44+180]

	at sun.reflect.NativeConstructorAccessorImpl.newInstance0(Native Method)
	at sun.reflect.NativeConstructorAccessorImpl.newInstance(NativeConstructorAccessorImpl.java:62)
	at sun.reflect.DelegatingConstructorAccessorImpl.newInstance(DelegatingConstructorAccessorImpl.java:45)
	at java.lang.reflect.Constructor.newInstance(Constructor.java:423)
	at org.openqa.selenium.remote.W3CHandshakeResponse.lambda$errorHandler$0(W3CHandshakeResponse.java:62)
	at org.openqa.selenium.remote.HandshakeResponse.lambda$getResponseFunction$0(HandshakeResponse.java:30)
	at org.openqa.selenium.remote.ProtocolHandshake.lambda$createSession$0(ProtocolHandshake.java:126)
	at java.util.stream.ReferencePipeline$3$1.accept(ReferencePipeline.java:193)
	at java.util.Spliterators$ArraySpliterator.tryAdvance(Spliterators.java:958)
	at java.util.stream.ReferencePipeline.forEachWithCancel(ReferencePipeline.java:126)
	at java.util.stream.AbstractPipeline.copyIntoWithCancel(AbstractPipeline.java:498)
	at java.util.stream.AbstractPipeline.copyInto(AbstractPipeline.java:485)
	at java.util.stream.AbstractPipeline.wrapAndCopyInto(AbstractPipeline.java:471)
	at java.util.stream.FindOps$FindOp.evaluateSequential(FindOps.java:152)
	at java.util.stream.AbstractPipeline.evaluate(AbstractPipeline.java:234)
	at java.util.stream.ReferencePipeline.findFirst(ReferencePipeline.java:464)
	at org.openqa.selenium.remote.ProtocolHandshake.createSession(ProtocolHandshake.java:128)
	at org.openqa.selenium.remote.ProtocolHandshake.createSession(ProtocolHandshake.java:74)
	at org.openqa.selenium.remote.HttpCommandExecutor.execute(HttpCommandExecutor.java:136)
	at org.openqa.selenium.remote.service.DriverCommandExecutor.execute(DriverCommandExecutor.java:83)
	at org.openqa.selenium.remote.RemoteWebDriver.execute(RemoteWebDriver.java:552)
	at org.openqa.selenium.remote.RemoteWebDriver.startSession(RemoteWebDriver.java:213)
	at org.openqa.selenium.remote.RemoteWebDriver.&lt;init&gt;(RemoteWebDriver.java:131)
	at org.openqa.selenium.chrome.ChromeDriver.&lt;init&gt;(ChromeDriver.java:181)
	at org.openqa.selenium.chrome.ChromeDriver.&lt;init&gt;(ChromeDriver.java:168)
	at org.openqa.selenium.chrome.ChromeDriver.&lt;init&gt;(ChromeDriver.java:157)
	at delivery01.soi_68.OrderCreationForNewContract_EditCreatedOrder_SFPC.beforeTest(OrderCreationForNewContract_EditCreatedOrder_SFPC.java:88)
	at sun.reflect.NativeMethodAccessorImpl.invoke0(Native Method)
	at sun.reflect.NativeMethodAccessorImpl.invoke(NativeMethodAccessorImpl.java:62)
	at sun.reflect.DelegatingMethodAccessorImpl.invoke(DelegatingMethodAccessorImpl.java:43)
	at java.lang.reflect.Method.invoke(Method.java:498)
	at org.testng.internal.MethodInvocationHelper.invokeMethod(MethodInvocationHelper.java:124)
	at org.testng.internal.MethodInvocationHelper.invokeMethodConsideringTimeout(MethodInvocationHelper.java:59)
	at org.testng.internal.Invoker.invokeConfigurationMethod(Invoker.java:458)
	at org.testng.internal.Invoker.invokeConfigurations(Invoker.java:222)
	at org.testng.internal.Invoker.invokeConfigurations(Invoker.java:142)
	at org.testng.TestRunner.beforeRun(TestRunner.java:529)
	at org.testng.TestRunner.run(TestRunner.java:497)
	at org.testng.SuiteRunner.runTest(SuiteRunner.java:455)
	at org.testng.SuiteRunner.runSequentially(SuiteRunner.java:450)
	at org.testng.SuiteRunner.privateRun(SuiteRunner.java:415)
	at org.testng.SuiteRunner.run(SuiteRunner.java:364)
	at org.testng.SuiteRunnerWorker.runSuite(SuiteRunnerWorker.java:52)
	at org.testng.SuiteRunnerWorker.run(SuiteRunnerWorker.java:84)
	at org.testng.TestNG.runSuitesSequentially(TestNG.java:1208)
	at org.testng.TestNG.runSuitesLocally(TestNG.java:1137)
	at org.testng.TestNG.runSuites(TestNG.java:1049)
	at org.testng.TestNG.run(TestNG.java:1017)
	at org.testng.remote.AbstractRemoteTestNG.run(AbstractRemoteTestNG.java:115)
	at org.testng.remote.RemoteTestNG.initAndRun(RemoteTestNG.java:251)
	at org.testng.remote.RemoteTestNG.main(RemoteTestNG.java:77)
</pre></div></td>
<td>1</td>
<td>delivery01.soi_68.OrderCreationForNewContract_EditCreatedOrder_SFPC@5bcab519</td></tr>
</table><p>
<table width='100%' border='1' class='invocation-skipped'>
<tr><td colspan='4' align='center'><b>SKIPPED CONFIGURATIONS</b></td></tr>
<tr><td><b>Test method</b></td>
<td width="30%"><b>Exception</b></td>
<td width="10%"><b>Time (seconds)</b></td>
<td><b>Instance</b></td>
</tr>
<tr>
<td title='delivery01.soi_68.OrderCreationForNewContract_EditCreatedOrder_SFPC.beforeTest()'><b>beforeTest</b><br>Test class: delivery01.soi_68.OrderCreationForNewContract_EditCreatedOrder_SFPC</td>
<td></td>
<td>0</td>
<td>delivery01.soi_68.OrderCreationForNewContract_OrderCreation_From_OPTYClosure_Won_MobileVoice_SFPC@5700d6b1</td></tr>
<tr>
<td title='delivery01.soi_68.OrderCreationForNewContract_EditCreatedOrder_SFPC.beforeTest()'><b>beforeTest</b><br>Test class: delivery01.soi_68.OrderCreationForNewContract_EditCreatedOrder_SFPC</td>
<td></td>
<td>0</td>
<td>delivery01.soi_68.OrderCreationForNewContract_OrderCreation_From_OPTYClosure_Won_NotMobileVoice_SFPC@6fd02e5</td></tr>
<tr>
<td title='delivery01.soi_68.OrderCreationForNewContract_EditCreatedOrder_SFPC.afterTest()'><b>afterTest</b><br>Test class: delivery01.soi_68.OrderCreationForNewContract_EditCreatedOrder_SFPC</td>
<td></td>
<td>0</td>
<td>delivery01.soi_68.OrderCreationForNewContract_EditCreatedOrder_SFPC@5bcab519</td></tr>
<tr>
<td title='delivery01.soi_68.OrderCreationForNewContract_EditCreatedOrder_SFPC.afterTest()'><b>afterTest</b><br>Test class: delivery01.soi_68.OrderCreationForNewContract_EditCreatedOrder_SFPC</td>
<td></td>
<td>0</td>
<td>delivery01.soi_68.OrderCreationForNewContract_OrderCreation_From_OPTYClosure_Won_MobileVoice_SFPC@5700d6b1</td></tr>
<tr>
<td title='delivery01.soi_68.OrderCreationForNewContract_EditCreatedOrder_SFPC.afterTest()'><b>afterTest</b><br>Test class: delivery01.soi_68.OrderCreationForNewContract_EditCreatedOrder_SFPC</td>
<td></td>
<td>0</td>
<td>delivery01.soi_68.OrderCreationForNewContract_OrderCreation_From_OPTYClosure_Won_NotMobileVoice_SFPC@6fd02e5</td></tr>
</table><p>
<table width='100%' border='1' class='invocation-skipped'>
<tr><td colspan='4' align='center'><b>SKIPPED TESTS</b></td></tr>
<tr><td><b>Test method</b></td>
<td width="30%"><b>Exception</b></td>
<td width="10%"><b>Time (seconds)</b></td>
<td><b>Instance</b></td>
</tr>
<tr>
<td title='delivery01.soi_68.OrderCreationForNewContract_OrderCreation_From_OPTYClosure_Won_MobileVoice_SFPC.step01()'><b>step01</b><br>Test class: delivery01.soi_68.OrderCreationForNewContract_OrderCreation_From_OPTYClosure_Won_MobileVoice_SFPC</td>
<td><div><pre>org.openqa.selenium.InvalidArgumentException: invalid argument: user data directory is already in use, please specify a unique value for --user-data-dir argument, or don&apos;t use --user-data-dir
Build info: version: &apos;3.141.59&apos;, revision: &apos;e82be7d358&apos;, time: &apos;2018-11-14T08:17:03&apos;
System info: host: &apos;INNOWAVE-383&apos;, ip: &apos;192.168.100.249&apos;, os.name: &apos;Windows 10&apos;, os.arch: &apos;amd64&apos;, os.version: &apos;10.0&apos;, java.version: &apos;1.8.0_212&apos;
Driver info: driver.version: ChromeDriver
remote stacktrace: Backtrace:
	Ordinal0 [0x0054A113+1548563]
	Ordinal0 [0x004CDDA1+1039777]
	Ordinal0 [0x0044E485+517253]
	Ordinal0 [0x003DCB4B+52043]
	Ordinal0 [0x003FB797+178071]
	Ordinal0 [0x003FB59D+177565]
	Ordinal0 [0x003F95FB+169467]
	Ordinal0 [0x003E160A+71178]
	Ordinal0 [0x003E2690+75408]
	Ordinal0 [0x003E2629+75305]
	Ordinal0 [0x004E71B7+1143223]
	GetHandleVerifier [0x005E2B46+507814]
	GetHandleVerifier [0x005E2864+507076]
	GetHandleVerifier [0x005E9F47+537511]
	GetHandleVerifier [0x005E3402+510050]
	Ordinal0 [0x004DF29C+1110684]
	Ordinal0 [0x004E938B+1151883]
	Ordinal0 [0x004E94F3+1152243]
	Ordinal0 [0x004E83F5+1147893]
	BaseThreadInitThunk [0x76CD6359+25]
	RtlGetAppContainerNamedObjectPath [0x770E7B74+228]
	RtlGetAppContainerNamedObjectPath [0x770E7B44+180]

	at org.openqa.selenium.remote.W3CHandshakeResponse.lambda$errorHandler$0(W3CHandshakeResponse.java:62)
	at org.openqa.selenium.remote.HandshakeResponse.lambda$getResponseFunction$0(HandshakeResponse.java:30)
	at org.openqa.selenium.remote.ProtocolHandshake.lambda$createSession$0(ProtocolHandshake.java:126)
	at java.util.stream.ReferencePipeline$3$1.accept(ReferencePipeline.java:193)
	at java.util.Spliterators$ArraySpliterator.tryAdvance(Spliterators.java:958)
	at java.util.stream.ReferencePipeline.forEachWithCancel(ReferencePipeline.java:126)
	at java.util.stream.AbstractPipeline.copyIntoWithCancel(AbstractPipeline.java:498)
	at java.util.stream.AbstractPipeline.copyInto(AbstractPipeline.java:485)
	at java.util.stream.AbstractPipeline.wrapAndCopyInto(AbstractPipeline.java:471)
	at java.util.stream.FindOps$FindOp.evaluateSequential(FindOps.java:152)
	at java.util.stream.AbstractPipeline.evaluate(AbstractPipeline.java:234)
	at java.util.stream.ReferencePipeline.findFirst(ReferencePipeline.java:464)
	at org.openqa.selenium.remote.ProtocolHandshake.createSession(ProtocolHandshake.java:128)
	at org.openqa.selenium.remote.ProtocolHandshake.createSession(ProtocolHandshake.java:74)
	at org.openqa.selenium.remote.HttpCommandExecutor.execute(HttpCommandExecutor.java:136)
	at org.openqa.selenium.remote.service.DriverCommandExecutor.execute(DriverCommandExecutor.java:83)
	at org.openqa.selenium.remote.RemoteWebDriver.execute(RemoteWebDriver.java:552)
	at org.openqa.selenium.remote.RemoteWebDriver.startSession(RemoteWebDriver.java:213)
	at org.openqa.selenium.remote.RemoteWebDriver.&lt;init&gt;(RemoteWebDriver.java:131)
	at org.openqa.selenium.chrome.ChromeDriver.&lt;init&gt;(ChromeDriver.java:181)
	at org.openqa.selenium.chrome.ChromeDriver.&lt;init&gt;(ChromeDriver.java:168)
	at org.openqa.selenium.chrome.ChromeDriver.&lt;init&gt;(ChromeDriver.java:157)
	at delivery01.soi_68.OrderCreationForNewContract_EditCreatedOrder_SFPC.beforeTest(OrderCreationForNewContract_EditCreatedOrder_SFPC.java:88)
... Removed 28 stack frames</pre></div><a href='#' onClick='toggleBox("stack-trace996125997", this, "Click to show all stack frames", "Click to hide stack frames")'>Click to show all stack frames</a>
<div class='stack-trace' id='stack-trace996125997'><pre>org.openqa.selenium.InvalidArgumentException: invalid argument: user data directory is already in use, please specify a unique value for --user-data-dir argument, or don&apos;t use --user-data-dir
Build info: version: &apos;3.141.59&apos;, revision: &apos;e82be7d358&apos;, time: &apos;2018-11-14T08:17:03&apos;
System info: host: &apos;INNOWAVE-383&apos;, ip: &apos;192.168.100.249&apos;, os.name: &apos;Windows 10&apos;, os.arch: &apos;amd64&apos;, os.version: &apos;10.0&apos;, java.version: &apos;1.8.0_212&apos;
Driver info: driver.version: ChromeDriver
remote stacktrace: Backtrace:
	Ordinal0 [0x0054A113+1548563]
	Ordinal0 [0x004CDDA1+1039777]
	Ordinal0 [0x0044E485+517253]
	Ordinal0 [0x003DCB4B+52043]
	Ordinal0 [0x003FB797+178071]
	Ordinal0 [0x003FB59D+177565]
	Ordinal0 [0x003F95FB+169467]
	Ordinal0 [0x003E160A+71178]
	Ordinal0 [0x003E2690+75408]
	Ordinal0 [0x003E2629+75305]
	Ordinal0 [0x004E71B7+1143223]
	GetHandleVerifier [0x005E2B46+507814]
	GetHandleVerifier [0x005E2864+507076]
	GetHandleVerifier [0x005E9F47+537511]
	GetHandleVerifier [0x005E3402+510050]
	Ordinal0 [0x004DF29C+1110684]
	Ordinal0 [0x004E938B+1151883]
	Ordinal0 [0x004E94F3+1152243]
	Ordinal0 [0x004E83F5+1147893]
	BaseThreadInitThunk [0x76CD6359+25]
	RtlGetAppContainerNamedObjectPath [0x770E7B74+228]
	RtlGetAppContainerNamedObjectPath [0x770E7B44+180]

	at sun.reflect.NativeConstructorAccessorImpl.newInstance0(Native Method)
	at sun.reflect.NativeConstructorAccessorImpl.newInstance(NativeConstructorAccessorImpl.java:62)
	at sun.reflect.DelegatingConstructorAccessorImpl.newInstance(DelegatingConstructorAccessorImpl.java:45)
	at java.lang.reflect.Constructor.newInstance(Constructor.java:423)
	at org.openqa.selenium.remote.W3CHandshakeResponse.lambda$errorHandler$0(W3CHandshakeResponse.java:62)
	at org.openqa.selenium.remote.HandshakeResponse.lambda$getResponseFunction$0(HandshakeResponse.java:30)
	at org.openqa.selenium.remote.ProtocolHandshake.lambda$createSession$0(ProtocolHandshake.java:126)
	at java.util.stream.ReferencePipeline$3$1.accept(ReferencePipeline.java:193)
	at java.util.Spliterators$ArraySpliterator.tryAdvance(Spliterators.java:958)
	at java.util.stream.ReferencePipeline.forEachWithCancel(ReferencePipeline.java:126)
	at java.util.stream.AbstractPipeline.copyIntoWithCancel(AbstractPipeline.java:498)
	at java.util.stream.AbstractPipeline.copyInto(AbstractPipeline.java:485)
	at java.util.stream.AbstractPipeline.wrapAndCopyInto(AbstractPipeline.java:471)
	at java.util.stream.FindOps$FindOp.evaluateSequential(FindOps.java:152)
	at java.util.stream.AbstractPipeline.evaluate(AbstractPipeline.java:234)
	at java.util.stream.ReferencePipeline.findFirst(ReferencePipeline.java:464)
	at org.openqa.selenium.remote.ProtocolHandshake.createSession(ProtocolHandshake.java:128)
	at org.openqa.selenium.remote.ProtocolHandshake.createSession(ProtocolHandshake.java:74)
	at org.openqa.selenium.remote.HttpCommandExecutor.execute(HttpCommandExecutor.java:136)
	at org.openqa.selenium.remote.service.DriverCommandExecutor.execute(DriverCommandExecutor.java:83)
	at org.openqa.selenium.remote.RemoteWebDriver.execute(RemoteWebDriver.java:552)
	at org.openqa.selenium.remote.RemoteWebDriver.startSession(RemoteWebDriver.java:213)
	at org.openqa.selenium.remote.RemoteWebDriver.&lt;init&gt;(RemoteWebDriver.java:131)
	at org.openqa.selenium.chrome.ChromeDriver.&lt;init&gt;(ChromeDriver.java:181)
	at org.openqa.selenium.chrome.ChromeDriver.&lt;init&gt;(ChromeDriver.java:168)
	at org.openqa.selenium.chrome.ChromeDriver.&lt;init&gt;(ChromeDriver.java:157)
	at delivery01.soi_68.OrderCreationForNewContract_EditCreatedOrder_SFPC.beforeTest(OrderCreationForNewContract_EditCreatedOrder_SFPC.java:88)
	at sun.reflect.NativeMethodAccessorImpl.invoke0(Native Method)
	at sun.reflect.NativeMethodAccessorImpl.invoke(NativeMethodAccessorImpl.java:62)
	at sun.reflect.DelegatingMethodAccessorImpl.invoke(DelegatingMethodAccessorImpl.java:43)
	at java.lang.reflect.Method.invoke(Method.java:498)
	at org.testng.internal.MethodInvocationHelper.invokeMethod(MethodInvocationHelper.java:124)
	at org.testng.internal.MethodInvocationHelper.invokeMethodConsideringTimeout(MethodInvocationHelper.java:59)
	at org.testng.internal.Invoker.invokeConfigurationMethod(Invoker.java:458)
	at org.testng.internal.Invoker.invokeConfigurations(Invoker.java:222)
	at org.testng.internal.Invoker.invokeConfigurations(Invoker.java:142)
	at org.testng.TestRunner.beforeRun(TestRunner.java:529)
	at org.testng.TestRunner.run(TestRunner.java:497)
	at org.testng.SuiteRunner.runTest(SuiteRunner.java:455)
	at org.testng.SuiteRunner.runSequentially(SuiteRunner.java:450)
	at org.testng.SuiteRunner.privateRun(SuiteRunner.java:415)
	at org.testng.SuiteRunner.run(SuiteRunner.java:364)
	at org.testng.SuiteRunnerWorker.runSuite(SuiteRunnerWorker.java:52)
	at org.testng.SuiteRunnerWorker.run(SuiteRunnerWorker.java:84)
	at org.testng.TestNG.runSuitesSequentially(TestNG.java:1208)
	at org.testng.TestNG.runSuitesLocally(TestNG.java:1137)
	at org.testng.TestNG.runSuites(TestNG.java:1049)
	at org.testng.TestNG.run(TestNG.java:1017)
	at org.testng.remote.AbstractRemoteTestNG.run(AbstractRemoteTestNG.java:115)
	at org.testng.remote.RemoteTestNG.initAndRun(RemoteTestNG.java:251)
	at org.testng.remote.RemoteTestNG.main(RemoteTestNG.java:77)
</pre></div></td>
<td>0</td>
<td>delivery01.soi_68.OrderCreationForNewContract_OrderCreation_From_OPTYClosure_Won_MobileVoice_SFPC@5700d6b1</td></tr>
<tr>
<td title='delivery01.soi_68.OrderCreationForNewContract_OrderCreation_From_OPTYClosure_Won_NotMobileVoice_SFPC.step01()'><b>step01</b><br>Test class: delivery01.soi_68.OrderCreationForNewContract_OrderCreation_From_OPTYClosure_Won_NotMobileVoice_SFPC</td>
<td><div><pre>org.openqa.selenium.InvalidArgumentException: invalid argument: user data directory is already in use, please specify a unique value for --user-data-dir argument, or don&apos;t use --user-data-dir
Build info: version: &apos;3.141.59&apos;, revision: &apos;e82be7d358&apos;, time: &apos;2018-11-14T08:17:03&apos;
System info: host: &apos;INNOWAVE-383&apos;, ip: &apos;192.168.100.249&apos;, os.name: &apos;Windows 10&apos;, os.arch: &apos;amd64&apos;, os.version: &apos;10.0&apos;, java.version: &apos;1.8.0_212&apos;
Driver info: driver.version: ChromeDriver
remote stacktrace: Backtrace:
	Ordinal0 [0x0054A113+1548563]
	Ordinal0 [0x004CDDA1+1039777]
	Ordinal0 [0x0044E485+517253]
	Ordinal0 [0x003DCB4B+52043]
	Ordinal0 [0x003FB797+178071]
	Ordinal0 [0x003FB59D+177565]
	Ordinal0 [0x003F95FB+169467]
	Ordinal0 [0x003E160A+71178]
	Ordinal0 [0x003E2690+75408]
	Ordinal0 [0x003E2629+75305]
	Ordinal0 [0x004E71B7+1143223]
	GetHandleVerifier [0x005E2B46+507814]
	GetHandleVerifier [0x005E2864+507076]
	GetHandleVerifier [0x005E9F47+537511]
	GetHandleVerifier [0x005E3402+510050]
	Ordinal0 [0x004DF29C+1110684]
	Ordinal0 [0x004E938B+1151883]
	Ordinal0 [0x004E94F3+1152243]
	Ordinal0 [0x004E83F5+1147893]
	BaseThreadInitThunk [0x76CD6359+25]
	RtlGetAppContainerNamedObjectPath [0x770E7B74+228]
	RtlGetAppContainerNamedObjectPath [0x770E7B44+180]

	at org.openqa.selenium.remote.W3CHandshakeResponse.lambda$errorHandler$0(W3CHandshakeResponse.java:62)
	at org.openqa.selenium.remote.HandshakeResponse.lambda$getResponseFunction$0(HandshakeResponse.java:30)
	at org.openqa.selenium.remote.ProtocolHandshake.lambda$createSession$0(ProtocolHandshake.java:126)
	at java.util.stream.ReferencePipeline$3$1.accept(ReferencePipeline.java:193)
	at java.util.Spliterators$ArraySpliterator.tryAdvance(Spliterators.java:958)
	at java.util.stream.ReferencePipeline.forEachWithCancel(ReferencePipeline.java:126)
	at java.util.stream.AbstractPipeline.copyIntoWithCancel(AbstractPipeline.java:498)
	at java.util.stream.AbstractPipeline.copyInto(AbstractPipeline.java:485)
	at java.util.stream.AbstractPipeline.wrapAndCopyInto(AbstractPipeline.java:471)
	at java.util.stream.FindOps$FindOp.evaluateSequential(FindOps.java:152)
	at java.util.stream.AbstractPipeline.evaluate(AbstractPipeline.java:234)
	at java.util.stream.ReferencePipeline.findFirst(ReferencePipeline.java:464)
	at org.openqa.selenium.remote.ProtocolHandshake.createSession(ProtocolHandshake.java:128)
	at org.openqa.selenium.remote.ProtocolHandshake.createSession(ProtocolHandshake.java:74)
	at org.openqa.selenium.remote.HttpCommandExecutor.execute(HttpCommandExecutor.java:136)
	at org.openqa.selenium.remote.service.DriverCommandExecutor.execute(DriverCommandExecutor.java:83)
	at org.openqa.selenium.remote.RemoteWebDriver.execute(RemoteWebDriver.java:552)
	at org.openqa.selenium.remote.RemoteWebDriver.startSession(RemoteWebDriver.java:213)
	at org.openqa.selenium.remote.RemoteWebDriver.&lt;init&gt;(RemoteWebDriver.java:131)
	at org.openqa.selenium.chrome.ChromeDriver.&lt;init&gt;(ChromeDriver.java:181)
	at org.openqa.selenium.chrome.ChromeDriver.&lt;init&gt;(ChromeDriver.java:168)
	at org.openqa.selenium.chrome.ChromeDriver.&lt;init&gt;(ChromeDriver.java:157)
	at delivery01.soi_68.OrderCreationForNewContract_EditCreatedOrder_SFPC.beforeTest(OrderCreationForNewContract_EditCreatedOrder_SFPC.java:88)
... Removed 28 stack frames</pre></div><a href='#' onClick='toggleBox("stack-trace412111214", this, "Click to show all stack frames", "Click to hide stack frames")'>Click to show all stack frames</a>
<div class='stack-trace' id='stack-trace412111214'><pre>org.openqa.selenium.InvalidArgumentException: invalid argument: user data directory is already in use, please specify a unique value for --user-data-dir argument, or don&apos;t use --user-data-dir
Build info: version: &apos;3.141.59&apos;, revision: &apos;e82be7d358&apos;, time: &apos;2018-11-14T08:17:03&apos;
System info: host: &apos;INNOWAVE-383&apos;, ip: &apos;192.168.100.249&apos;, os.name: &apos;Windows 10&apos;, os.arch: &apos;amd64&apos;, os.version: &apos;10.0&apos;, java.version: &apos;1.8.0_212&apos;
Driver info: driver.version: ChromeDriver
remote stacktrace: Backtrace:
	Ordinal0 [0x0054A113+1548563]
	Ordinal0 [0x004CDDA1+1039777]
	Ordinal0 [0x0044E485+517253]
	Ordinal0 [0x003DCB4B+52043]
	Ordinal0 [0x003FB797+178071]
	Ordinal0 [0x003FB59D+177565]
	Ordinal0 [0x003F95FB+169467]
	Ordinal0 [0x003E160A+71178]
	Ordinal0 [0x003E2690+75408]
	Ordinal0 [0x003E2629+75305]
	Ordinal0 [0x004E71B7+1143223]
	GetHandleVerifier [0x005E2B46+507814]
	GetHandleVerifier [0x005E2864+507076]
	GetHandleVerifier [0x005E9F47+537511]
	GetHandleVerifier [0x005E3402+510050]
	Ordinal0 [0x004DF29C+1110684]
	Ordinal0 [0x004E938B+1151883]
	Ordinal0 [0x004E94F3+1152243]
	Ordinal0 [0x004E83F5+1147893]
	BaseThreadInitThunk [0x76CD6359+25]
	RtlGetAppContainerNamedObjectPath [0x770E7B74+228]
	RtlGetAppContainerNamedObjectPath [0x770E7B44+180]

	at sun.reflect.NativeConstructorAccessorImpl.newInstance0(Native Method)
	at sun.reflect.NativeConstructorAccessorImpl.newInstance(NativeConstructorAccessorImpl.java:62)
	at sun.reflect.DelegatingConstructorAccessorImpl.newInstance(DelegatingConstructorAccessorImpl.java:45)
	at java.lang.reflect.Constructor.newInstance(Constructor.java:423)
	at org.openqa.selenium.remote.W3CHandshakeResponse.lambda$errorHandler$0(W3CHandshakeResponse.java:62)
	at org.openqa.selenium.remote.HandshakeResponse.lambda$getResponseFunction$0(HandshakeResponse.java:30)
	at org.openqa.selenium.remote.ProtocolHandshake.lambda$createSession$0(ProtocolHandshake.java:126)
	at java.util.stream.ReferencePipeline$3$1.accept(ReferencePipeline.java:193)
	at java.util.Spliterators$ArraySpliterator.tryAdvance(Spliterators.java:958)
	at java.util.stream.ReferencePipeline.forEachWithCancel(ReferencePipeline.java:126)
	at java.util.stream.AbstractPipeline.copyIntoWithCancel(AbstractPipeline.java:498)
	at java.util.stream.AbstractPipeline.copyInto(AbstractPipeline.java:485)
	at java.util.stream.AbstractPipeline.wrapAndCopyInto(AbstractPipeline.java:471)
	at java.util.stream.FindOps$FindOp.evaluateSequential(FindOps.java:152)
	at java.util.stream.AbstractPipeline.evaluate(AbstractPipeline.java:234)
	at java.util.stream.ReferencePipeline.findFirst(ReferencePipeline.java:464)
	at org.openqa.selenium.remote.ProtocolHandshake.createSession(ProtocolHandshake.java:128)
	at org.openqa.selenium.remote.ProtocolHandshake.createSession(ProtocolHandshake.java:74)
	at org.openqa.selenium.remote.HttpCommandExecutor.execute(HttpCommandExecutor.java:136)
	at org.openqa.selenium.remote.service.DriverCommandExecutor.execute(DriverCommandExecutor.java:83)
	at org.openqa.selenium.remote.RemoteWebDriver.execute(RemoteWebDriver.java:552)
	at org.openqa.selenium.remote.RemoteWebDriver.startSession(RemoteWebDriver.java:213)
	at org.openqa.selenium.remote.RemoteWebDriver.&lt;init&gt;(RemoteWebDriver.java:131)
	at org.openqa.selenium.chrome.ChromeDriver.&lt;init&gt;(ChromeDriver.java:181)
	at org.openqa.selenium.chrome.ChromeDriver.&lt;init&gt;(ChromeDriver.java:168)
	at org.openqa.selenium.chrome.ChromeDriver.&lt;init&gt;(ChromeDriver.java:157)
	at delivery01.soi_68.OrderCreationForNewContract_EditCreatedOrder_SFPC.beforeTest(OrderCreationForNewContract_EditCreatedOrder_SFPC.java:88)
	at sun.reflect.NativeMethodAccessorImpl.invoke0(Native Method)
	at sun.reflect.NativeMethodAccessorImpl.invoke(NativeMethodAccessorImpl.java:62)
	at sun.reflect.DelegatingMethodAccessorImpl.invoke(DelegatingMethodAccessorImpl.java:43)
	at java.lang.reflect.Method.invoke(Method.java:498)
	at org.testng.internal.MethodInvocationHelper.invokeMethod(MethodInvocationHelper.java:124)
	at org.testng.internal.MethodInvocationHelper.invokeMethodConsideringTimeout(MethodInvocationHelper.java:59)
	at org.testng.internal.Invoker.invokeConfigurationMethod(Invoker.java:458)
	at org.testng.internal.Invoker.invokeConfigurations(Invoker.java:222)
	at org.testng.internal.Invoker.invokeConfigurations(Invoker.java:142)
	at org.testng.TestRunner.beforeRun(TestRunner.java:529)
	at org.testng.TestRunner.run(TestRunner.java:497)
	at org.testng.SuiteRunner.runTest(SuiteRunner.java:455)
	at org.testng.SuiteRunner.runSequentially(SuiteRunner.java:450)
	at org.testng.SuiteRunner.privateRun(SuiteRunner.java:415)
	at org.testng.SuiteRunner.run(SuiteRunner.java:364)
	at org.testng.SuiteRunnerWorker.runSuite(SuiteRunnerWorker.java:52)
	at org.testng.SuiteRunnerWorker.run(SuiteRunnerWorker.java:84)
	at org.testng.TestNG.runSuitesSequentially(TestNG.java:1208)
	at org.testng.TestNG.runSuitesLocally(TestNG.java:1137)
	at org.testng.TestNG.runSuites(TestNG.java:1049)
	at org.testng.TestNG.run(TestNG.java:1017)
	at org.testng.remote.AbstractRemoteTestNG.run(AbstractRemoteTestNG.java:115)
	at org.testng.remote.RemoteTestNG.initAndRun(RemoteTestNG.java:251)
	at org.testng.remote.RemoteTestNG.main(RemoteTestNG.java:77)
</pre></div></td>
<td>0</td>
<td>delivery01.soi_68.OrderCreationForNewContract_OrderCreation_From_OPTYClosure_Won_NotMobileVoice_SFPC@6fd02e5</td></tr>
<tr>
<td title='delivery01.soi_68.OrderCreationForNewContract_EditCreatedOrder_SFPC.step01()'><b>step01</b><br>Test class: delivery01.soi_68.OrderCreationForNewContract_EditCreatedOrder_SFPC</td>
<td><div><pre>org.openqa.selenium.InvalidArgumentException: invalid argument: user data directory is already in use, please specify a unique value for --user-data-dir argument, or don&apos;t use --user-data-dir
Build info: version: &apos;3.141.59&apos;, revision: &apos;e82be7d358&apos;, time: &apos;2018-11-14T08:17:03&apos;
System info: host: &apos;INNOWAVE-383&apos;, ip: &apos;192.168.100.249&apos;, os.name: &apos;Windows 10&apos;, os.arch: &apos;amd64&apos;, os.version: &apos;10.0&apos;, java.version: &apos;1.8.0_212&apos;
Driver info: driver.version: ChromeDriver
remote stacktrace: Backtrace:
	Ordinal0 [0x0054A113+1548563]
	Ordinal0 [0x004CDDA1+1039777]
	Ordinal0 [0x0044E485+517253]
	Ordinal0 [0x003DCB4B+52043]
	Ordinal0 [0x003FB797+178071]
	Ordinal0 [0x003FB59D+177565]
	Ordinal0 [0x003F95FB+169467]
	Ordinal0 [0x003E160A+71178]
	Ordinal0 [0x003E2690+75408]
	Ordinal0 [0x003E2629+75305]
	Ordinal0 [0x004E71B7+1143223]
	GetHandleVerifier [0x005E2B46+507814]
	GetHandleVerifier [0x005E2864+507076]
	GetHandleVerifier [0x005E9F47+537511]
	GetHandleVerifier [0x005E3402+510050]
	Ordinal0 [0x004DF29C+1110684]
	Ordinal0 [0x004E938B+1151883]
	Ordinal0 [0x004E94F3+1152243]
	Ordinal0 [0x004E83F5+1147893]
	BaseThreadInitThunk [0x76CD6359+25]
	RtlGetAppContainerNamedObjectPath [0x770E7B74+228]
	RtlGetAppContainerNamedObjectPath [0x770E7B44+180]

	at org.openqa.selenium.remote.W3CHandshakeResponse.lambda$errorHandler$0(W3CHandshakeResponse.java:62)
	at org.openqa.selenium.remote.HandshakeResponse.lambda$getResponseFunction$0(HandshakeResponse.java:30)
	at org.openqa.selenium.remote.ProtocolHandshake.lambda$createSession$0(ProtocolHandshake.java:126)
	at java.util.stream.ReferencePipeline$3$1.accept(ReferencePipeline.java:193)
	at java.util.Spliterators$ArraySpliterator.tryAdvance(Spliterators.java:958)
	at java.util.stream.ReferencePipeline.forEachWithCancel(ReferencePipeline.java:126)
	at java.util.stream.AbstractPipeline.copyIntoWithCancel(AbstractPipeline.java:498)
	at java.util.stream.AbstractPipeline.copyInto(AbstractPipeline.java:485)
	at java.util.stream.AbstractPipeline.wrapAndCopyInto(AbstractPipeline.java:471)
	at java.util.stream.FindOps$FindOp.evaluateSequential(FindOps.java:152)
	at java.util.stream.AbstractPipeline.evaluate(AbstractPipeline.java:234)
	at java.util.stream.ReferencePipeline.findFirst(ReferencePipeline.java:464)
	at org.openqa.selenium.remote.ProtocolHandshake.createSession(ProtocolHandshake.java:128)
	at org.openqa.selenium.remote.ProtocolHandshake.createSession(ProtocolHandshake.java:74)
	at org.openqa.selenium.remote.HttpCommandExecutor.execute(HttpCommandExecutor.java:136)
	at org.openqa.selenium.remote.service.DriverCommandExecutor.execute(DriverCommandExecutor.java:83)
	at org.openqa.selenium.remote.RemoteWebDriver.execute(RemoteWebDriver.java:552)
	at org.openqa.selenium.remote.RemoteWebDriver.startSession(RemoteWebDriver.java:213)
	at org.openqa.selenium.remote.RemoteWebDriver.&lt;init&gt;(RemoteWebDriver.java:131)
	at org.openqa.selenium.chrome.ChromeDriver.&lt;init&gt;(ChromeDriver.java:181)
	at org.openqa.selenium.chrome.ChromeDriver.&lt;init&gt;(ChromeDriver.java:168)
	at org.openqa.selenium.chrome.ChromeDriver.&lt;init&gt;(ChromeDriver.java:157)
	at delivery01.soi_68.OrderCreationForNewContract_EditCreatedOrder_SFPC.beforeTest(OrderCreationForNewContract_EditCreatedOrder_SFPC.java:88)
... Removed 28 stack frames</pre></div><a href='#' onClick='toggleBox("stack-trace1153302647", this, "Click to show all stack frames", "Click to hide stack frames")'>Click to show all stack frames</a>
<div class='stack-trace' id='stack-trace1153302647'><pre>org.openqa.selenium.InvalidArgumentException: invalid argument: user data directory is already in use, please specify a unique value for --user-data-dir argument, or don&apos;t use --user-data-dir
Build info: version: &apos;3.141.59&apos;, revision: &apos;e82be7d358&apos;, time: &apos;2018-11-14T08:17:03&apos;
System info: host: &apos;INNOWAVE-383&apos;, ip: &apos;192.168.100.249&apos;, os.name: &apos;Windows 10&apos;, os.arch: &apos;amd64&apos;, os.version: &apos;10.0&apos;, java.version: &apos;1.8.0_212&apos;
Driver info: driver.version: ChromeDriver
remote stacktrace: Backtrace:
	Ordinal0 [0x0054A113+1548563]
	Ordinal0 [0x004CDDA1+1039777]
	Ordinal0 [0x0044E485+517253]
	Ordinal0 [0x003DCB4B+52043]
	Ordinal0 [0x003FB797+178071]
	Ordinal0 [0x003FB59D+177565]
	Ordinal0 [0x003F95FB+169467]
	Ordinal0 [0x003E160A+71178]
	Ordinal0 [0x003E2690+75408]
	Ordinal0 [0x003E2629+75305]
	Ordinal0 [0x004E71B7+1143223]
	GetHandleVerifier [0x005E2B46+507814]
	GetHandleVerifier [0x005E2864+507076]
	GetHandleVerifier [0x005E9F47+537511]
	GetHandleVerifier [0x005E3402+510050]
	Ordinal0 [0x004DF29C+1110684]
	Ordinal0 [0x004E938B+1151883]
	Ordinal0 [0x004E94F3+1152243]
	Ordinal0 [0x004E83F5+1147893]
	BaseThreadInitThunk [0x76CD6359+25]
	RtlGetAppContainerNamedObjectPath [0x770E7B74+228]
	RtlGetAppContainerNamedObjectPath [0x770E7B44+180]

	at sun.reflect.NativeConstructorAccessorImpl.newInstance0(Native Method)
	at sun.reflect.NativeConstructorAccessorImpl.newInstance(NativeConstructorAccessorImpl.java:62)
	at sun.reflect.DelegatingConstructorAccessorImpl.newInstance(DelegatingConstructorAccessorImpl.java:45)
	at java.lang.reflect.Constructor.newInstance(Constructor.java:423)
	at org.openqa.selenium.remote.W3CHandshakeResponse.lambda$errorHandler$0(W3CHandshakeResponse.java:62)
	at org.openqa.selenium.remote.HandshakeResponse.lambda$getResponseFunction$0(HandshakeResponse.java:30)
	at org.openqa.selenium.remote.ProtocolHandshake.lambda$createSession$0(ProtocolHandshake.java:126)
	at java.util.stream.ReferencePipeline$3$1.accept(ReferencePipeline.java:193)
	at java.util.Spliterators$ArraySpliterator.tryAdvance(Spliterators.java:958)
	at java.util.stream.ReferencePipeline.forEachWithCancel(ReferencePipeline.java:126)
	at java.util.stream.AbstractPipeline.copyIntoWithCancel(AbstractPipeline.java:498)
	at java.util.stream.AbstractPipeline.copyInto(AbstractPipeline.java:485)
	at java.util.stream.AbstractPipeline.wrapAndCopyInto(AbstractPipeline.java:471)
	at java.util.stream.FindOps$FindOp.evaluateSequential(FindOps.java:152)
	at java.util.stream.AbstractPipeline.evaluate(AbstractPipeline.java:234)
	at java.util.stream.ReferencePipeline.findFirst(ReferencePipeline.java:464)
	at org.openqa.selenium.remote.ProtocolHandshake.createSession(ProtocolHandshake.java:128)
	at org.openqa.selenium.remote.ProtocolHandshake.createSession(ProtocolHandshake.java:74)
	at org.openqa.selenium.remote.HttpCommandExecutor.execute(HttpCommandExecutor.java:136)
	at org.openqa.selenium.remote.service.DriverCommandExecutor.execute(DriverCommandExecutor.java:83)
	at org.openqa.selenium.remote.RemoteWebDriver.execute(RemoteWebDriver.java:552)
	at org.openqa.selenium.remote.RemoteWebDriver.startSession(RemoteWebDriver.java:213)
	at org.openqa.selenium.remote.RemoteWebDriver.&lt;init&gt;(RemoteWebDriver.java:131)
	at org.openqa.selenium.chrome.ChromeDriver.&lt;init&gt;(ChromeDriver.java:181)
	at org.openqa.selenium.chrome.ChromeDriver.&lt;init&gt;(ChromeDriver.java:168)
	at org.openqa.selenium.chrome.ChromeDriver.&lt;init&gt;(ChromeDriver.java:157)
	at delivery01.soi_68.OrderCreationForNewContract_EditCreatedOrder_SFPC.beforeTest(OrderCreationForNewContract_EditCreatedOrder_SFPC.java:88)
	at sun.reflect.NativeMethodAccessorImpl.invoke0(Native Method)
	at sun.reflect.NativeMethodAccessorImpl.invoke(NativeMethodAccessorImpl.java:62)
	at sun.reflect.DelegatingMethodAccessorImpl.invoke(DelegatingMethodAccessorImpl.java:43)
	at java.lang.reflect.Method.invoke(Method.java:498)
	at org.testng.internal.MethodInvocationHelper.invokeMethod(MethodInvocationHelper.java:124)
	at org.testng.internal.MethodInvocationHelper.invokeMethodConsideringTimeout(MethodInvocationHelper.java:59)
	at org.testng.internal.Invoker.invokeConfigurationMethod(Invoker.java:458)
	at org.testng.internal.Invoker.invokeConfigurations(Invoker.java:222)
	at org.testng.internal.Invoker.invokeConfigurations(Invoker.java:142)
	at org.testng.TestRunner.beforeRun(TestRunner.java:529)
	at org.testng.TestRunner.run(TestRunner.java:497)
	at org.testng.SuiteRunner.runTest(SuiteRunner.java:455)
	at org.testng.SuiteRunner.runSequentially(SuiteRunner.java:450)
	at org.testng.SuiteRunner.privateRun(SuiteRunner.java:415)
	at org.testng.SuiteRunner.run(SuiteRunner.java:364)
	at org.testng.SuiteRunnerWorker.runSuite(SuiteRunnerWorker.java:52)
	at org.testng.SuiteRunnerWorker.run(SuiteRunnerWorker.java:84)
	at org.testng.TestNG.runSuitesSequentially(TestNG.java:1208)
	at org.testng.TestNG.runSuitesLocally(TestNG.java:1137)
	at org.testng.TestNG.runSuites(TestNG.java:1049)
	at org.testng.TestNG.run(TestNG.java:1017)
	at org.testng.remote.AbstractRemoteTestNG.run(AbstractRemoteTestNG.java:115)
	at org.testng.remote.RemoteTestNG.initAndRun(RemoteTestNG.java:251)
	at org.testng.remote.RemoteTestNG.main(RemoteTestNG.java:77)
</pre></div></td>
<td>0</td>
<td>delivery01.soi_68.OrderCreationForNewContract_EditCreatedOrder_SFPC@5bcab519</td></tr>
<tr>
<td title='delivery01.soi_68.OrderCreationForNewContract_OrderCreation_From_OPTYClosure_Won_MobileVoice_SFPC.step02()'><b>step02</b><br>Test class: delivery01.soi_68.OrderCreationForNewContract_OrderCreation_From_OPTYClosure_Won_MobileVoice_SFPC</td>
<td><div><pre>java.lang.Throwable: Method OrderCreationForNewContract_OrderCreation_From_OPTYClosure_Won_MobileVoice_SFPC.step02()[pri:0, instance:delivery01.soi_68.OrderCreationForNewContract_OrderCreation_From_OPTYClosure_Won_MobileVoice_SFPC@5700d6b1] depends on not successfully finished methods
... Removed 18 stack frames</pre></div><a href='#' onClick='toggleBox("stack-trace1052317717", this, "Click to show all stack frames", "Click to hide stack frames")'>Click to show all stack frames</a>
<div class='stack-trace' id='stack-trace1052317717'><pre>java.lang.Throwable: Method OrderCreationForNewContract_OrderCreation_From_OPTYClosure_Won_MobileVoice_SFPC.step02()[pri:0, instance:delivery01.soi_68.OrderCreationForNewContract_OrderCreation_From_OPTYClosure_Won_MobileVoice_SFPC@5700d6b1] depends on not successfully finished methods
	at org.testng.internal.Invoker.invokeTestMethods(Invoker.java:888)
	at org.testng.internal.TestMethodWorker.invokeTestMethods(TestMethodWorker.java:125)
	at org.testng.internal.TestMethodWorker.run(TestMethodWorker.java:109)
	at org.testng.TestRunner.privateRun(TestRunner.java:648)
	at org.testng.TestRunner.run(TestRunner.java:505)
	at org.testng.SuiteRunner.runTest(SuiteRunner.java:455)
	at org.testng.SuiteRunner.runSequentially(SuiteRunner.java:450)
	at org.testng.SuiteRunner.privateRun(SuiteRunner.java:415)
	at org.testng.SuiteRunner.run(SuiteRunner.java:364)
	at org.testng.SuiteRunnerWorker.runSuite(SuiteRunnerWorker.java:52)
	at org.testng.SuiteRunnerWorker.run(SuiteRunnerWorker.java:84)
	at org.testng.TestNG.runSuitesSequentially(TestNG.java:1208)
	at org.testng.TestNG.runSuitesLocally(TestNG.java:1137)
	at org.testng.TestNG.runSuites(TestNG.java:1049)
	at org.testng.TestNG.run(TestNG.java:1017)
	at org.testng.remote.AbstractRemoteTestNG.run(AbstractRemoteTestNG.java:115)
	at org.testng.remote.RemoteTestNG.initAndRun(RemoteTestNG.java:251)
	at org.testng.remote.RemoteTestNG.main(RemoteTestNG.java:77)
</pre></div></td>
<td>0</td>
<td>null</td></tr>
<tr>
<td title='delivery01.soi_68.OrderCreationForNewContract_OrderCreation_From_OPTYClosure_Won_NotMobileVoice_SFPC.step02()'><b>step02</b><br>Test class: delivery01.soi_68.OrderCreationForNewContract_OrderCreation_From_OPTYClosure_Won_NotMobileVoice_SFPC</td>
<td><div><pre>java.lang.Throwable: Method OrderCreationForNewContract_OrderCreation_From_OPTYClosure_Won_NotMobileVoice_SFPC.step02()[pri:0, instance:delivery01.soi_68.OrderCreationForNewContract_OrderCreation_From_OPTYClosure_Won_NotMobileVoice_SFPC@6fd02e5] depends on not successfully finished methods
... Removed 18 stack frames</pre></div><a href='#' onClick='toggleBox("stack-trace381708767", this, "Click to show all stack frames", "Click to hide stack frames")'>Click to show all stack frames</a>
<div class='stack-trace' id='stack-trace381708767'><pre>java.lang.Throwable: Method OrderCreationForNewContract_OrderCreation_From_OPTYClosure_Won_NotMobileVoice_SFPC.step02()[pri:0, instance:delivery01.soi_68.OrderCreationForNewContract_OrderCreation_From_OPTYClosure_Won_NotMobileVoice_SFPC@6fd02e5] depends on not successfully finished methods
	at org.testng.internal.Invoker.invokeTestMethods(Invoker.java:888)
	at org.testng.internal.TestMethodWorker.invokeTestMethods(TestMethodWorker.java:125)
	at org.testng.internal.TestMethodWorker.run(TestMethodWorker.java:109)
	at org.testng.TestRunner.privateRun(TestRunner.java:648)
	at org.testng.TestRunner.run(TestRunner.java:505)
	at org.testng.SuiteRunner.runTest(SuiteRunner.java:455)
	at org.testng.SuiteRunner.runSequentially(SuiteRunner.java:450)
	at org.testng.SuiteRunner.privateRun(SuiteRunner.java:415)
	at org.testng.SuiteRunner.run(SuiteRunner.java:364)
	at org.testng.SuiteRunnerWorker.runSuite(SuiteRunnerWorker.java:52)
	at org.testng.SuiteRunnerWorker.run(SuiteRunnerWorker.java:84)
	at org.testng.TestNG.runSuitesSequentially(TestNG.java:1208)
	at org.testng.TestNG.runSuitesLocally(TestNG.java:1137)
	at org.testng.TestNG.runSuites(TestNG.java:1049)
	at org.testng.TestNG.run(TestNG.java:1017)
	at org.testng.remote.AbstractRemoteTestNG.run(AbstractRemoteTestNG.java:115)
	at org.testng.remote.RemoteTestNG.initAndRun(RemoteTestNG.java:251)
	at org.testng.remote.RemoteTestNG.main(RemoteTestNG.java:77)
</pre></div></td>
<td>0</td>
<td>null</td></tr>
<tr>
<td title='delivery01.soi_68.OrderCreationForNewContract_EditCreatedOrder_SFPC.step02()'><b>step02</b><br>Test class: delivery01.soi_68.OrderCreationForNewContract_EditCreatedOrder_SFPC</td>
<td><div><pre>java.lang.Throwable: Method OrderCreationForNewContract_EditCreatedOrder_SFPC.step02()[pri:0, instance:delivery01.soi_68.OrderCreationForNewContract_EditCreatedOrder_SFPC@5bcab519] depends on not successfully finished methods
... Removed 18 stack frames</pre></div><a href='#' onClick='toggleBox("stack-trace1928301845", this, "Click to show all stack frames", "Click to hide stack frames")'>Click to show all stack frames</a>
<div class='stack-trace' id='stack-trace1928301845'><pre>java.lang.Throwable: Method OrderCreationForNewContract_EditCreatedOrder_SFPC.step02()[pri:0, instance:delivery01.soi_68.OrderCreationForNewContract_EditCreatedOrder_SFPC@5bcab519] depends on not successfully finished methods
	at org.testng.internal.Invoker.invokeTestMethods(Invoker.java:888)
	at org.testng.internal.TestMethodWorker.invokeTestMethods(TestMethodWorker.java:125)
	at org.testng.internal.TestMethodWorker.run(TestMethodWorker.java:109)
	at org.testng.TestRunner.privateRun(TestRunner.java:648)
	at org.testng.TestRunner.run(TestRunner.java:505)
	at org.testng.SuiteRunner.runTest(SuiteRunner.java:455)
	at org.testng.SuiteRunner.runSequentially(SuiteRunner.java:450)
	at org.testng.SuiteRunner.privateRun(SuiteRunner.java:415)
	at org.testng.SuiteRunner.run(SuiteRunner.java:364)
	at org.testng.SuiteRunnerWorker.runSuite(SuiteRunnerWorker.java:52)
	at org.testng.SuiteRunnerWorker.run(SuiteRunnerWorker.java:84)
	at org.testng.TestNG.runSuitesSequentially(TestNG.java:1208)
	at org.testng.TestNG.runSuitesLocally(TestNG.java:1137)
	at org.testng.TestNG.runSuites(TestNG.java:1049)
	at org.testng.TestNG.run(TestNG.java:1017)
	at org.testng.remote.AbstractRemoteTestNG.run(AbstractRemoteTestNG.java:115)
	at org.testng.remote.RemoteTestNG.initAndRun(RemoteTestNG.java:251)
	at org.testng.remote.RemoteTestNG.main(RemoteTestNG.java:77)
</pre></div></td>
<td>0</td>
<td>null</td></tr>
<tr>
<td title='delivery01.soi_68.OrderCreationForNewContract_OrderCreation_From_OPTYClosure_Won_MobileVoice_SFPC.step03()'><b>step03</b><br>Test class: delivery01.soi_68.OrderCreationForNewContract_OrderCreation_From_OPTYClosure_Won_MobileVoice_SFPC</td>
<td><div><pre>java.lang.Throwable: Method OrderCreationForNewContract_OrderCreation_From_OPTYClosure_Won_MobileVoice_SFPC.step03()[pri:0, instance:delivery01.soi_68.OrderCreationForNewContract_OrderCreation_From_OPTYClosure_Won_MobileVoice_SFPC@5700d6b1] depends on not successfully finished methods
... Removed 18 stack frames</pre></div><a href='#' onClick='toggleBox("stack-trace271379554", this, "Click to show all stack frames", "Click to hide stack frames")'>Click to show all stack frames</a>
<div class='stack-trace' id='stack-trace271379554'><pre>java.lang.Throwable: Method OrderCreationForNewContract_OrderCreation_From_OPTYClosure_Won_MobileVoice_SFPC.step03()[pri:0, instance:delivery01.soi_68.OrderCreationForNewContract_OrderCreation_From_OPTYClosure_Won_MobileVoice_SFPC@5700d6b1] depends on not successfully finished methods
	at org.testng.internal.Invoker.invokeTestMethods(Invoker.java:888)
	at org.testng.internal.TestMethodWorker.invokeTestMethods(TestMethodWorker.java:125)
	at org.testng.internal.TestMethodWorker.run(TestMethodWorker.java:109)
	at org.testng.TestRunner.privateRun(TestRunner.java:648)
	at org.testng.TestRunner.run(TestRunner.java:505)
	at org.testng.SuiteRunner.runTest(SuiteRunner.java:455)
	at org.testng.SuiteRunner.runSequentially(SuiteRunner.java:450)
	at org.testng.SuiteRunner.privateRun(SuiteRunner.java:415)
	at org.testng.SuiteRunner.run(SuiteRunner.java:364)
	at org.testng.SuiteRunnerWorker.runSuite(SuiteRunnerWorker.java:52)
	at org.testng.SuiteRunnerWorker.run(SuiteRunnerWorker.java:84)
	at org.testng.TestNG.runSuitesSequentially(TestNG.java:1208)
	at org.testng.TestNG.runSuitesLocally(TestNG.java:1137)
	at org.testng.TestNG.runSuites(TestNG.java:1049)
	at org.testng.TestNG.run(TestNG.java:1017)
	at org.testng.remote.AbstractRemoteTestNG.run(AbstractRemoteTestNG.java:115)
	at org.testng.remote.RemoteTestNG.initAndRun(RemoteTestNG.java:251)
	at org.testng.remote.RemoteTestNG.main(RemoteTestNG.java:77)
</pre></div></td>
<td>0</td>
<td>null</td></tr>
<tr>
<td title='delivery01.soi_68.OrderCreationForNewContract_OrderCreation_From_OPTYClosure_Won_NotMobileVoice_SFPC.step03()'><b>step03</b><br>Test class: delivery01.soi_68.OrderCreationForNewContract_OrderCreation_From_OPTYClosure_Won_NotMobileVoice_SFPC</td>
<td><div><pre>java.lang.Throwable: Method OrderCreationForNewContract_OrderCreation_From_OPTYClosure_Won_NotMobileVoice_SFPC.step03()[pri:0, instance:delivery01.soi_68.OrderCreationForNewContract_OrderCreation_From_OPTYClosure_Won_NotMobileVoice_SFPC@6fd02e5] depends on not successfully finished methods
... Removed 18 stack frames</pre></div><a href='#' onClick='toggleBox("stack-trace837659261", this, "Click to show all stack frames", "Click to hide stack frames")'>Click to show all stack frames</a>
<div class='stack-trace' id='stack-trace837659261'><pre>java.lang.Throwable: Method OrderCreationForNewContract_OrderCreation_From_OPTYClosure_Won_NotMobileVoice_SFPC.step03()[pri:0, instance:delivery01.soi_68.OrderCreationForNewContract_OrderCreation_From_OPTYClosure_Won_NotMobileVoice_SFPC@6fd02e5] depends on not successfully finished methods
	at org.testng.internal.Invoker.invokeTestMethods(Invoker.java:888)
	at org.testng.internal.TestMethodWorker.invokeTestMethods(TestMethodWorker.java:125)
	at org.testng.internal.TestMethodWorker.run(TestMethodWorker.java:109)
	at org.testng.TestRunner.privateRun(TestRunner.java:648)
	at org.testng.TestRunner.run(TestRunner.java:505)
	at org.testng.SuiteRunner.runTest(SuiteRunner.java:455)
	at org.testng.SuiteRunner.runSequentially(SuiteRunner.java:450)
	at org.testng.SuiteRunner.privateRun(SuiteRunner.java:415)
	at org.testng.SuiteRunner.run(SuiteRunner.java:364)
	at org.testng.SuiteRunnerWorker.runSuite(SuiteRunnerWorker.java:52)
	at org.testng.SuiteRunnerWorker.run(SuiteRunnerWorker.java:84)
	at org.testng.TestNG.runSuitesSequentially(TestNG.java:1208)
	at org.testng.TestNG.runSuitesLocally(TestNG.java:1137)
	at org.testng.TestNG.runSuites(TestNG.java:1049)
	at org.testng.TestNG.run(TestNG.java:1017)
	at org.testng.remote.AbstractRemoteTestNG.run(AbstractRemoteTestNG.java:115)
	at org.testng.remote.RemoteTestNG.initAndRun(RemoteTestNG.java:251)
	at org.testng.remote.RemoteTestNG.main(RemoteTestNG.java:77)
</pre></div></td>
<td>0</td>
<td>null</td></tr>
<tr>
<td title='delivery01.soi_68.OrderCreationForNewContract_EditCreatedOrder_SFPC.step03()'><b>step03</b><br>Test class: delivery01.soi_68.OrderCreationForNewContract_EditCreatedOrder_SFPC</td>
<td><div><pre>java.lang.Throwable: Method OrderCreationForNewContract_EditCreatedOrder_SFPC.step03()[pri:0, instance:delivery01.soi_68.OrderCreationForNewContract_EditCreatedOrder_SFPC@5bcab519] depends on not successfully finished methods
... Removed 18 stack frames</pre></div><a href='#' onClick='toggleBox("stack-trace1579280783", this, "Click to show all stack frames", "Click to hide stack frames")'>Click to show all stack frames</a>
<div class='stack-trace' id='stack-trace1579280783'><pre>java.lang.Throwable: Method OrderCreationForNewContract_EditCreatedOrder_SFPC.step03()[pri:0, instance:delivery01.soi_68.OrderCreationForNewContract_EditCreatedOrder_SFPC@5bcab519] depends on not successfully finished methods
	at org.testng.internal.Invoker.invokeTestMethods(Invoker.java:888)
	at org.testng.internal.TestMethodWorker.invokeTestMethods(TestMethodWorker.java:125)
	at org.testng.internal.TestMethodWorker.run(TestMethodWorker.java:109)
	at org.testng.TestRunner.privateRun(TestRunner.java:648)
	at org.testng.TestRunner.run(TestRunner.java:505)
	at org.testng.SuiteRunner.runTest(SuiteRunner.java:455)
	at org.testng.SuiteRunner.runSequentially(SuiteRunner.java:450)
	at org.testng.SuiteRunner.privateRun(SuiteRunner.java:415)
	at org.testng.SuiteRunner.run(SuiteRunner.java:364)
	at org.testng.SuiteRunnerWorker.runSuite(SuiteRunnerWorker.java:52)
	at org.testng.SuiteRunnerWorker.run(SuiteRunnerWorker.java:84)
	at org.testng.TestNG.runSuitesSequentially(TestNG.java:1208)
	at org.testng.TestNG.runSuitesLocally(TestNG.java:1137)
	at org.testng.TestNG.runSuites(TestNG.java:1049)
	at org.testng.TestNG.run(TestNG.java:1017)
	at org.testng.remote.AbstractRemoteTestNG.run(AbstractRemoteTestNG.java:115)
	at org.testng.remote.RemoteTestNG.initAndRun(RemoteTestNG.java:251)
	at org.testng.remote.RemoteTestNG.main(RemoteTestNG.java:77)
</pre></div></td>
<td>0</td>
<td>null</td></tr>
<tr>
<td title='delivery01.soi_68.OrderCreationForNewContract_OrderCreation_From_OPTYClosure_Won_MobileVoice_SFPC.step04()'><b>step04</b><br>Test class: delivery01.soi_68.OrderCreationForNewContract_OrderCreation_From_OPTYClosure_Won_MobileVoice_SFPC</td>
<td><div><pre>java.lang.Throwable: Method OrderCreationForNewContract_OrderCreation_From_OPTYClosure_Won_MobileVoice_SFPC.step04()[pri:0, instance:delivery01.soi_68.OrderCreationForNewContract_OrderCreation_From_OPTYClosure_Won_MobileVoice_SFPC@5700d6b1] depends on not successfully finished methods
... Removed 18 stack frames</pre></div><a href='#' onClick='toggleBox("stack-trace41489123", this, "Click to show all stack frames", "Click to hide stack frames")'>Click to show all stack frames</a>
<div class='stack-trace' id='stack-trace41489123'><pre>java.lang.Throwable: Method OrderCreationForNewContract_OrderCreation_From_OPTYClosure_Won_MobileVoice_SFPC.step04()[pri:0, instance:delivery01.soi_68.OrderCreationForNewContract_OrderCreation_From_OPTYClosure_Won_MobileVoice_SFPC@5700d6b1] depends on not successfully finished methods
	at org.testng.internal.Invoker.invokeTestMethods(Invoker.java:888)
	at org.testng.internal.TestMethodWorker.invokeTestMethods(TestMethodWorker.java:125)
	at org.testng.internal.TestMethodWorker.run(TestMethodWorker.java:109)
	at org.testng.TestRunner.privateRun(TestRunner.java:648)
	at org.testng.TestRunner.run(TestRunner.java:505)
	at org.testng.SuiteRunner.runTest(SuiteRunner.java:455)
	at org.testng.SuiteRunner.runSequentially(SuiteRunner.java:450)
	at org.testng.SuiteRunner.privateRun(SuiteRunner.java:415)
	at org.testng.SuiteRunner.run(SuiteRunner.java:364)
	at org.testng.SuiteRunnerWorker.runSuite(SuiteRunnerWorker.java:52)
	at org.testng.SuiteRunnerWorker.run(SuiteRunnerWorker.java:84)
	at org.testng.TestNG.runSuitesSequentially(TestNG.java:1208)
	at org.testng.TestNG.runSuitesLocally(TestNG.java:1137)
	at org.testng.TestNG.runSuites(TestNG.java:1049)
	at org.testng.TestNG.run(TestNG.java:1017)
	at org.testng.remote.AbstractRemoteTestNG.run(AbstractRemoteTestNG.java:115)
	at org.testng.remote.RemoteTestNG.initAndRun(RemoteTestNG.java:251)
	at org.testng.remote.RemoteTestNG.main(RemoteTestNG.java:77)
</pre></div></td>
<td>0</td>
<td>null</td></tr>
<tr>
<td title='delivery01.soi_68.OrderCreationForNewContract_OrderCreation_From_OPTYClosure_Won_NotMobileVoice_SFPC.step04()'><b>step04</b><br>Test class: delivery01.soi_68.OrderCreationForNewContract_OrderCreation_From_OPTYClosure_Won_NotMobileVoice_SFPC</td>
<td><div><pre>java.lang.Throwable: Method OrderCreationForNewContract_OrderCreation_From_OPTYClosure_Won_NotMobileVoice_SFPC.step04()[pri:0, instance:delivery01.soi_68.OrderCreationForNewContract_OrderCreation_From_OPTYClosure_Won_NotMobileVoice_SFPC@6fd02e5] depends on not successfully finished methods
... Removed 18 stack frames</pre></div><a href='#' onClick='toggleBox("stack-trace859236022", this, "Click to show all stack frames", "Click to hide stack frames")'>Click to show all stack frames</a>
<div class='stack-trace' id='stack-trace859236022'><pre>java.lang.Throwable: Method OrderCreationForNewContract_OrderCreation_From_OPTYClosure_Won_NotMobileVoice_SFPC.step04()[pri:0, instance:delivery01.soi_68.OrderCreationForNewContract_OrderCreation_From_OPTYClosure_Won_NotMobileVoice_SFPC@6fd02e5] depends on not successfully finished methods
	at org.testng.internal.Invoker.invokeTestMethods(Invoker.java:888)
	at org.testng.internal.TestMethodWorker.invokeTestMethods(TestMethodWorker.java:125)
	at org.testng.internal.TestMethodWorker.run(TestMethodWorker.java:109)
	at org.testng.TestRunner.privateRun(TestRunner.java:648)
	at org.testng.TestRunner.run(TestRunner.java:505)
	at org.testng.SuiteRunner.runTest(SuiteRunner.java:455)
	at org.testng.SuiteRunner.runSequentially(SuiteRunner.java:450)
	at org.testng.SuiteRunner.privateRun(SuiteRunner.java:415)
	at org.testng.SuiteRunner.run(SuiteRunner.java:364)
	at org.testng.SuiteRunnerWorker.runSuite(SuiteRunnerWorker.java:52)
	at org.testng.SuiteRunnerWorker.run(SuiteRunnerWorker.java:84)
	at org.testng.TestNG.runSuitesSequentially(TestNG.java:1208)
	at org.testng.TestNG.runSuitesLocally(TestNG.java:1137)
	at org.testng.TestNG.runSuites(TestNG.java:1049)
	at org.testng.TestNG.run(TestNG.java:1017)
	at org.testng.remote.AbstractRemoteTestNG.run(AbstractRemoteTestNG.java:115)
	at org.testng.remote.RemoteTestNG.initAndRun(RemoteTestNG.java:251)
	at org.testng.remote.RemoteTestNG.main(RemoteTestNG.java:77)
</pre></div></td>
<td>0</td>
<td>null</td></tr>
<tr>
<td title='delivery01.soi_68.OrderCreationForNewContract_EditCreatedOrder_SFPC.step04()'><b>step04</b><br>Test class: delivery01.soi_68.OrderCreationForNewContract_EditCreatedOrder_SFPC</td>
<td><div><pre>java.lang.Throwable: Method OrderCreationForNewContract_EditCreatedOrder_SFPC.step04()[pri:0, instance:delivery01.soi_68.OrderCreationForNewContract_EditCreatedOrder_SFPC@5bcab519] depends on not successfully finished methods
... Removed 18 stack frames</pre></div><a href='#' onClick='toggleBox("stack-trace1595938139", this, "Click to show all stack frames", "Click to hide stack frames")'>Click to show all stack frames</a>
<div class='stack-trace' id='stack-trace1595938139'><pre>java.lang.Throwable: Method OrderCreationForNewContract_EditCreatedOrder_SFPC.step04()[pri:0, instance:delivery01.soi_68.OrderCreationForNewContract_EditCreatedOrder_SFPC@5bcab519] depends on not successfully finished methods
	at org.testng.internal.Invoker.invokeTestMethods(Invoker.java:888)
	at org.testng.internal.TestMethodWorker.invokeTestMethods(TestMethodWorker.java:125)
	at org.testng.internal.TestMethodWorker.run(TestMethodWorker.java:109)
	at org.testng.TestRunner.privateRun(TestRunner.java:648)
	at org.testng.TestRunner.run(TestRunner.java:505)
	at org.testng.SuiteRunner.runTest(SuiteRunner.java:455)
	at org.testng.SuiteRunner.runSequentially(SuiteRunner.java:450)
	at org.testng.SuiteRunner.privateRun(SuiteRunner.java:415)
	at org.testng.SuiteRunner.run(SuiteRunner.java:364)
	at org.testng.SuiteRunnerWorker.runSuite(SuiteRunnerWorker.java:52)
	at org.testng.SuiteRunnerWorker.run(SuiteRunnerWorker.java:84)
	at org.testng.TestNG.runSuitesSequentially(TestNG.java:1208)
	at org.testng.TestNG.runSuitesLocally(TestNG.java:1137)
	at org.testng.TestNG.runSuites(TestNG.java:1049)
	at org.testng.TestNG.run(TestNG.java:1017)
	at org.testng.remote.AbstractRemoteTestNG.run(AbstractRemoteTestNG.java:115)
	at org.testng.remote.RemoteTestNG.initAndRun(RemoteTestNG.java:251)
	at org.testng.remote.RemoteTestNG.main(RemoteTestNG.java:77)
</pre></div></td>
<td>0</td>
<td>null</td></tr>
<tr>
<td title='delivery01.soi_68.OrderCreationForNewContract_OrderCreation_From_OPTYClosure_Won_MobileVoice_SFPC.step05()'><b>step05</b><br>Test class: delivery01.soi_68.OrderCreationForNewContract_OrderCreation_From_OPTYClosure_Won_MobileVoice_SFPC</td>
<td><div><pre>java.lang.Throwable: Method OrderCreationForNewContract_OrderCreation_From_OPTYClosure_Won_MobileVoice_SFPC.step05()[pri:0, instance:delivery01.soi_68.OrderCreationForNewContract_OrderCreation_From_OPTYClosure_Won_MobileVoice_SFPC@5700d6b1] depends on not successfully finished methods
... Removed 18 stack frames</pre></div><a href='#' onClick='toggleBox("stack-trace1124162665", this, "Click to show all stack frames", "Click to hide stack frames")'>Click to show all stack frames</a>
<div class='stack-trace' id='stack-trace1124162665'><pre>java.lang.Throwable: Method OrderCreationForNewContract_OrderCreation_From_OPTYClosure_Won_MobileVoice_SFPC.step05()[pri:0, instance:delivery01.soi_68.OrderCreationForNewContract_OrderCreation_From_OPTYClosure_Won_MobileVoice_SFPC@5700d6b1] depends on not successfully finished methods
	at org.testng.internal.Invoker.invokeTestMethods(Invoker.java:888)
	at org.testng.internal.TestMethodWorker.invokeTestMethods(TestMethodWorker.java:125)
	at org.testng.internal.TestMethodWorker.run(TestMethodWorker.java:109)
	at org.testng.TestRunner.privateRun(TestRunner.java:648)
	at org.testng.TestRunner.run(TestRunner.java:505)
	at org.testng.SuiteRunner.runTest(SuiteRunner.java:455)
	at org.testng.SuiteRunner.runSequentially(SuiteRunner.java:450)
	at org.testng.SuiteRunner.privateRun(SuiteRunner.java:415)
	at org.testng.SuiteRunner.run(SuiteRunner.java:364)
	at org.testng.SuiteRunnerWorker.runSuite(SuiteRunnerWorker.java:52)
	at org.testng.SuiteRunnerWorker.run(SuiteRunnerWorker.java:84)
	at org.testng.TestNG.runSuitesSequentially(TestNG.java:1208)
	at org.testng.TestNG.runSuitesLocally(TestNG.java:1137)
	at org.testng.TestNG.runSuites(TestNG.java:1049)
	at org.testng.TestNG.run(TestNG.java:1017)
	at org.testng.remote.AbstractRemoteTestNG.run(AbstractRemoteTestNG.java:115)
	at org.testng.remote.RemoteTestNG.initAndRun(RemoteTestNG.java:251)
	at org.testng.remote.RemoteTestNG.main(RemoteTestNG.java:77)
</pre></div></td>
<td>0</td>
<td>null</td></tr>
<tr>
<td title='delivery01.soi_68.OrderCreationForNewContract_OrderCreation_From_OPTYClosure_Won_NotMobileVoice_SFPC.step05()'><b>step05</b><br>Test class: delivery01.soi_68.OrderCreationForNewContract_OrderCreation_From_OPTYClosure_Won_NotMobileVoice_SFPC</td>
<td><div><pre>java.lang.Throwable: Method OrderCreationForNewContract_OrderCreation_From_OPTYClosure_Won_NotMobileVoice_SFPC.step05()[pri:0, instance:delivery01.soi_68.OrderCreationForNewContract_OrderCreation_From_OPTYClosure_Won_NotMobileVoice_SFPC@6fd02e5] depends on not successfully finished methods
... Removed 18 stack frames</pre></div><a href='#' onClick='toggleBox("stack-trace542980314", this, "Click to show all stack frames", "Click to hide stack frames")'>Click to show all stack frames</a>
<div class='stack-trace' id='stack-trace542980314'><pre>java.lang.Throwable: Method OrderCreationForNewContract_OrderCreation_From_OPTYClosure_Won_NotMobileVoice_SFPC.step05()[pri:0, instance:delivery01.soi_68.OrderCreationForNewContract_OrderCreation_From_OPTYClosure_Won_NotMobileVoice_SFPC@6fd02e5] depends on not successfully finished methods
	at org.testng.internal.Invoker.invokeTestMethods(Invoker.java:888)
	at org.testng.internal.TestMethodWorker.invokeTestMethods(TestMethodWorker.java:125)
	at org.testng.internal.TestMethodWorker.run(TestMethodWorker.java:109)
	at org.testng.TestRunner.privateRun(TestRunner.java:648)
	at org.testng.TestRunner.run(TestRunner.java:505)
	at org.testng.SuiteRunner.runTest(SuiteRunner.java:455)
	at org.testng.SuiteRunner.runSequentially(SuiteRunner.java:450)
	at org.testng.SuiteRunner.privateRun(SuiteRunner.java:415)
	at org.testng.SuiteRunner.run(SuiteRunner.java:364)
	at org.testng.SuiteRunnerWorker.runSuite(SuiteRunnerWorker.java:52)
	at org.testng.SuiteRunnerWorker.run(SuiteRunnerWorker.java:84)
	at org.testng.TestNG.runSuitesSequentially(TestNG.java:1208)
	at org.testng.TestNG.runSuitesLocally(TestNG.java:1137)
	at org.testng.TestNG.runSuites(TestNG.java:1049)
	at org.testng.TestNG.run(TestNG.java:1017)
	at org.testng.remote.AbstractRemoteTestNG.run(AbstractRemoteTestNG.java:115)
	at org.testng.remote.RemoteTestNG.initAndRun(RemoteTestNG.java:251)
	at org.testng.remote.RemoteTestNG.main(RemoteTestNG.java:77)
</pre></div></td>
<td>0</td>
<td>null</td></tr>
<tr>
<td title='delivery01.soi_68.OrderCreationForNewContract_EditCreatedOrder_SFPC.step05()'><b>step05</b><br>Test class: delivery01.soi_68.OrderCreationForNewContract_EditCreatedOrder_SFPC</td>
<td><div><pre>java.lang.Throwable: Method OrderCreationForNewContract_EditCreatedOrder_SFPC.step05()[pri:0, instance:delivery01.soi_68.OrderCreationForNewContract_EditCreatedOrder_SFPC@5bcab519] depends on not successfully finished methods
... Removed 18 stack frames</pre></div><a href='#' onClick='toggleBox("stack-trace596706728", this, "Click to show all stack frames", "Click to hide stack frames")'>Click to show all stack frames</a>
<div class='stack-trace' id='stack-trace596706728'><pre>java.lang.Throwable: Method OrderCreationForNewContract_EditCreatedOrder_SFPC.step05()[pri:0, instance:delivery01.soi_68.OrderCreationForNewContract_EditCreatedOrder_SFPC@5bcab519] depends on not successfully finished methods
	at org.testng.internal.Invoker.invokeTestMethods(Invoker.java:888)
	at org.testng.internal.TestMethodWorker.invokeTestMethods(TestMethodWorker.java:125)
	at org.testng.internal.TestMethodWorker.run(TestMethodWorker.java:109)
	at org.testng.TestRunner.privateRun(TestRunner.java:648)
	at org.testng.TestRunner.run(TestRunner.java:505)
	at org.testng.SuiteRunner.runTest(SuiteRunner.java:455)
	at org.testng.SuiteRunner.runSequentially(SuiteRunner.java:450)
	at org.testng.SuiteRunner.privateRun(SuiteRunner.java:415)
	at org.testng.SuiteRunner.run(SuiteRunner.java:364)
	at org.testng.SuiteRunnerWorker.runSuite(SuiteRunnerWorker.java:52)
	at org.testng.SuiteRunnerWorker.run(SuiteRunnerWorker.java:84)
	at org.testng.TestNG.runSuitesSequentially(TestNG.java:1208)
	at org.testng.TestNG.runSuitesLocally(TestNG.java:1137)
	at org.testng.TestNG.runSuites(TestNG.java:1049)
	at org.testng.TestNG.run(TestNG.java:1017)
	at org.testng.remote.AbstractRemoteTestNG.run(AbstractRemoteTestNG.java:115)
	at org.testng.remote.RemoteTestNG.initAndRun(RemoteTestNG.java:251)
	at org.testng.remote.RemoteTestNG.main(RemoteTestNG.java:77)
</pre></div></td>
<td>0</td>
<td>null</td></tr>
<tr>
<td title='delivery01.soi_68.OrderCreationForNewContract_OrderCreation_From_OPTYClosure_Won_MobileVoice_SFPC.step06()'><b>step06</b><br>Test class: delivery01.soi_68.OrderCreationForNewContract_OrderCreation_From_OPTYClosure_Won_MobileVoice_SFPC</td>
<td><div><pre>java.lang.Throwable: Method OrderCreationForNewContract_OrderCreation_From_OPTYClosure_Won_MobileVoice_SFPC.step06()[pri:0, instance:delivery01.soi_68.OrderCreationForNewContract_OrderCreation_From_OPTYClosure_Won_MobileVoice_SFPC@5700d6b1] depends on not successfully finished methods
... Removed 18 stack frames</pre></div><a href='#' onClick='toggleBox("stack-trace1270836494", this, "Click to show all stack frames", "Click to hide stack frames")'>Click to show all stack frames</a>
<div class='stack-trace' id='stack-trace1270836494'><pre>java.lang.Throwable: Method OrderCreationForNewContract_OrderCreation_From_OPTYClosure_Won_MobileVoice_SFPC.step06()[pri:0, instance:delivery01.soi_68.OrderCreationForNewContract_OrderCreation_From_OPTYClosure_Won_MobileVoice_SFPC@5700d6b1] depends on not successfully finished methods
	at org.testng.internal.Invoker.invokeTestMethods(Invoker.java:888)
	at org.testng.internal.TestMethodWorker.invokeTestMethods(TestMethodWorker.java:125)
	at org.testng.internal.TestMethodWorker.run(TestMethodWorker.java:109)
	at org.testng.TestRunner.privateRun(TestRunner.java:648)
	at org.testng.TestRunner.run(TestRunner.java:505)
	at org.testng.SuiteRunner.runTest(SuiteRunner.java:455)
	at org.testng.SuiteRunner.runSequentially(SuiteRunner.java:450)
	at org.testng.SuiteRunner.privateRun(SuiteRunner.java:415)
	at org.testng.SuiteRunner.run(SuiteRunner.java:364)
	at org.testng.SuiteRunnerWorker.runSuite(SuiteRunnerWorker.java:52)
	at org.testng.SuiteRunnerWorker.run(SuiteRunnerWorker.java:84)
	at org.testng.TestNG.runSuitesSequentially(TestNG.java:1208)
	at org.testng.TestNG.runSuitesLocally(TestNG.java:1137)
	at org.testng.TestNG.runSuites(TestNG.java:1049)
	at org.testng.TestNG.run(TestNG.java:1017)
	at org.testng.remote.AbstractRemoteTestNG.run(AbstractRemoteTestNG.java:115)
	at org.testng.remote.RemoteTestNG.initAndRun(RemoteTestNG.java:251)
	at org.testng.remote.RemoteTestNG.main(RemoteTestNG.java:77)
</pre></div></td>
<td>0</td>
<td>null</td></tr>
<tr>
<td title='delivery01.soi_68.OrderCreationForNewContract_OrderCreation_From_OPTYClosure_Won_NotMobileVoice_SFPC.step06()'><b>step06</b><br>Test class: delivery01.soi_68.OrderCreationForNewContract_OrderCreation_From_OPTYClosure_Won_NotMobileVoice_SFPC</td>
<td><div><pre>java.lang.Throwable: Method OrderCreationForNewContract_OrderCreation_From_OPTYClosure_Won_NotMobileVoice_SFPC.step06()[pri:0, instance:delivery01.soi_68.OrderCreationForNewContract_OrderCreation_From_OPTYClosure_Won_NotMobileVoice_SFPC@6fd02e5] depends on not successfully finished methods
... Removed 18 stack frames</pre></div><a href='#' onClick='toggleBox("stack-trace1842853283", this, "Click to show all stack frames", "Click to hide stack frames")'>Click to show all stack frames</a>
<div class='stack-trace' id='stack-trace1842853283'><pre>java.lang.Throwable: Method OrderCreationForNewContract_OrderCreation_From_OPTYClosure_Won_NotMobileVoice_SFPC.step06()[pri:0, instance:delivery01.soi_68.OrderCreationForNewContract_OrderCreation_From_OPTYClosure_Won_NotMobileVoice_SFPC@6fd02e5] depends on not successfully finished methods
	at org.testng.internal.Invoker.invokeTestMethods(Invoker.java:888)
	at org.testng.internal.TestMethodWorker.invokeTestMethods(TestMethodWorker.java:125)
	at org.testng.internal.TestMethodWorker.run(TestMethodWorker.java:109)
	at org.testng.TestRunner.privateRun(TestRunner.java:648)
	at org.testng.TestRunner.run(TestRunner.java:505)
	at org.testng.SuiteRunner.runTest(SuiteRunner.java:455)
	at org.testng.SuiteRunner.runSequentially(SuiteRunner.java:450)
	at org.testng.SuiteRunner.privateRun(SuiteRunner.java:415)
	at org.testng.SuiteRunner.run(SuiteRunner.java:364)
	at org.testng.SuiteRunnerWorker.runSuite(SuiteRunnerWorker.java:52)
	at org.testng.SuiteRunnerWorker.run(SuiteRunnerWorker.java:84)
	at org.testng.TestNG.runSuitesSequentially(TestNG.java:1208)
	at org.testng.TestNG.runSuitesLocally(TestNG.java:1137)
	at org.testng.TestNG.runSuites(TestNG.java:1049)
	at org.testng.TestNG.run(TestNG.java:1017)
	at org.testng.remote.AbstractRemoteTestNG.run(AbstractRemoteTestNG.java:115)
	at org.testng.remote.RemoteTestNG.initAndRun(RemoteTestNG.java:251)
	at org.testng.remote.RemoteTestNG.main(RemoteTestNG.java:77)
</pre></div></td>
<td>0</td>
<td>null</td></tr>
<tr>
<td title='delivery01.soi_68.OrderCreationForNewContract_EditCreatedOrder_SFPC.step06()'><b>step06</b><br>Test class: delivery01.soi_68.OrderCreationForNewContract_EditCreatedOrder_SFPC</td>
<td><div><pre>java.lang.Throwable: Method OrderCreationForNewContract_EditCreatedOrder_SFPC.step06()[pri:0, instance:delivery01.soi_68.OrderCreationForNewContract_EditCreatedOrder_SFPC@5bcab519] depends on not successfully finished methods
... Removed 18 stack frames</pre></div><a href='#' onClick='toggleBox("stack-trace1620823990", this, "Click to show all stack frames", "Click to hide stack frames")'>Click to show all stack frames</a>
<div class='stack-trace' id='stack-trace1620823990'><pre>java.lang.Throwable: Method OrderCreationForNewContract_EditCreatedOrder_SFPC.step06()[pri:0, instance:delivery01.soi_68.OrderCreationForNewContract_EditCreatedOrder_SFPC@5bcab519] depends on not successfully finished methods
	at org.testng.internal.Invoker.invokeTestMethods(Invoker.java:888)
	at org.testng.internal.TestMethodWorker.invokeTestMethods(TestMethodWorker.java:125)
	at org.testng.internal.TestMethodWorker.run(TestMethodWorker.java:109)
	at org.testng.TestRunner.privateRun(TestRunner.java:648)
	at org.testng.TestRunner.run(TestRunner.java:505)
	at org.testng.SuiteRunner.runTest(SuiteRunner.java:455)
	at org.testng.SuiteRunner.runSequentially(SuiteRunner.java:450)
	at org.testng.SuiteRunner.privateRun(SuiteRunner.java:415)
	at org.testng.SuiteRunner.run(SuiteRunner.java:364)
	at org.testng.SuiteRunnerWorker.runSuite(SuiteRunnerWorker.java:52)
	at org.testng.SuiteRunnerWorker.run(SuiteRunnerWorker.java:84)
	at org.testng.TestNG.runSuitesSequentially(TestNG.java:1208)
	at org.testng.TestNG.runSuitesLocally(TestNG.java:1137)
	at org.testng.TestNG.runSuites(TestNG.java:1049)
	at org.testng.TestNG.run(TestNG.java:1017)
	at org.testng.remote.AbstractRemoteTestNG.run(AbstractRemoteTestNG.java:115)
	at org.testng.remote.RemoteTestNG.initAndRun(RemoteTestNG.java:251)
	at org.testng.remote.RemoteTestNG.main(RemoteTestNG.java:77)
</pre></div></td>
<td>0</td>
<td>null</td></tr>
<tr>
<td title='delivery01.soi_68.OrderCreationForNewContract_OrderCreation_From_OPTYClosure_Won_MobileVoice_SFPC.step07()'><b>step07</b><br>Test class: delivery01.soi_68.OrderCreationForNewContract_OrderCreation_From_OPTYClosure_Won_MobileVoice_SFPC</td>
<td><div><pre>java.lang.Throwable: Method OrderCreationForNewContract_OrderCreation_From_OPTYClosure_Won_MobileVoice_SFPC.step07()[pri:0, instance:delivery01.soi_68.OrderCreationForNewContract_OrderCreation_From_OPTYClosure_Won_MobileVoice_SFPC@5700d6b1] depends on not successfully finished methods
... Removed 18 stack frames</pre></div><a href='#' onClick='toggleBox("stack-trace2031951755", this, "Click to show all stack frames", "Click to hide stack frames")'>Click to show all stack frames</a>
<div class='stack-trace' id='stack-trace2031951755'><pre>java.lang.Throwable: Method OrderCreationForNewContract_OrderCreation_From_OPTYClosure_Won_MobileVoice_SFPC.step07()[pri:0, instance:delivery01.soi_68.OrderCreationForNewContract_OrderCreation_From_OPTYClosure_Won_MobileVoice_SFPC@5700d6b1] depends on not successfully finished methods
	at org.testng.internal.Invoker.invokeTestMethods(Invoker.java:888)
	at org.testng.internal.TestMethodWorker.invokeTestMethods(TestMethodWorker.java:125)
	at org.testng.internal.TestMethodWorker.run(TestMethodWorker.java:109)
	at org.testng.TestRunner.privateRun(TestRunner.java:648)
	at org.testng.TestRunner.run(TestRunner.java:505)
	at org.testng.SuiteRunner.runTest(SuiteRunner.java:455)
	at org.testng.SuiteRunner.runSequentially(SuiteRunner.java:450)
	at org.testng.SuiteRunner.privateRun(SuiteRunner.java:415)
	at org.testng.SuiteRunner.run(SuiteRunner.java:364)
	at org.testng.SuiteRunnerWorker.runSuite(SuiteRunnerWorker.java:52)
	at org.testng.SuiteRunnerWorker.run(SuiteRunnerWorker.java:84)
	at org.testng.TestNG.runSuitesSequentially(TestNG.java:1208)
	at org.testng.TestNG.runSuitesLocally(TestNG.java:1137)
	at org.testng.TestNG.runSuites(TestNG.java:1049)
	at org.testng.TestNG.run(TestNG.java:1017)
	at org.testng.remote.AbstractRemoteTestNG.run(AbstractRemoteTestNG.java:115)
	at org.testng.remote.RemoteTestNG.initAndRun(RemoteTestNG.java:251)
	at org.testng.remote.RemoteTestNG.main(RemoteTestNG.java:77)
</pre></div></td>
<td>0</td>
<td>null</td></tr>
<tr>
<td title='delivery01.soi_68.OrderCreationForNewContract_OrderCreation_From_OPTYClosure_Won_NotMobileVoice_SFPC.step07()'><b>step07</b><br>Test class: delivery01.soi_68.OrderCreationForNewContract_OrderCreation_From_OPTYClosure_Won_NotMobileVoice_SFPC</td>
<td><div><pre>java.lang.Throwable: Method OrderCreationForNewContract_OrderCreation_From_OPTYClosure_Won_NotMobileVoice_SFPC.step07()[pri:0, instance:delivery01.soi_68.OrderCreationForNewContract_OrderCreation_From_OPTYClosure_Won_NotMobileVoice_SFPC@6fd02e5] depends on not successfully finished methods
... Removed 18 stack frames</pre></div><a href='#' onClick='toggleBox("stack-trace644082020", this, "Click to show all stack frames", "Click to hide stack frames")'>Click to show all stack frames</a>
<div class='stack-trace' id='stack-trace644082020'><pre>java.lang.Throwable: Method OrderCreationForNewContract_OrderCreation_From_OPTYClosure_Won_NotMobileVoice_SFPC.step07()[pri:0, instance:delivery01.soi_68.OrderCreationForNewContract_OrderCreation_From_OPTYClosure_Won_NotMobileVoice_SFPC@6fd02e5] depends on not successfully finished methods
	at org.testng.internal.Invoker.invokeTestMethods(Invoker.java:888)
	at org.testng.internal.TestMethodWorker.invokeTestMethods(TestMethodWorker.java:125)
	at org.testng.internal.TestMethodWorker.run(TestMethodWorker.java:109)
	at org.testng.TestRunner.privateRun(TestRunner.java:648)
	at org.testng.TestRunner.run(TestRunner.java:505)
	at org.testng.SuiteRunner.runTest(SuiteRunner.java:455)
	at org.testng.SuiteRunner.runSequentially(SuiteRunner.java:450)
	at org.testng.SuiteRunner.privateRun(SuiteRunner.java:415)
	at org.testng.SuiteRunner.run(SuiteRunner.java:364)
	at org.testng.SuiteRunnerWorker.runSuite(SuiteRunnerWorker.java:52)
	at org.testng.SuiteRunnerWorker.run(SuiteRunnerWorker.java:84)
	at org.testng.TestNG.runSuitesSequentially(TestNG.java:1208)
	at org.testng.TestNG.runSuitesLocally(TestNG.java:1137)
	at org.testng.TestNG.runSuites(TestNG.java:1049)
	at org.testng.TestNG.run(TestNG.java:1017)
	at org.testng.remote.AbstractRemoteTestNG.run(AbstractRemoteTestNG.java:115)
	at org.testng.remote.RemoteTestNG.initAndRun(RemoteTestNG.java:251)
	at org.testng.remote.RemoteTestNG.main(RemoteTestNG.java:77)
</pre></div></td>
<td>0</td>
<td>null</td></tr>
<tr>
<td title='delivery01.soi_68.OrderCreationForNewContract_EditCreatedOrder_SFPC.step07()'><b>step07</b><br>Test class: delivery01.soi_68.OrderCreationForNewContract_EditCreatedOrder_SFPC</td>
<td><div><pre>java.lang.Throwable: Method OrderCreationForNewContract_EditCreatedOrder_SFPC.step07()[pri:0, instance:delivery01.soi_68.OrderCreationForNewContract_EditCreatedOrder_SFPC@5bcab519] depends on not successfully finished methods
... Removed 18 stack frames</pre></div><a href='#' onClick='toggleBox("stack-trace1443055846", this, "Click to show all stack frames", "Click to hide stack frames")'>Click to show all stack frames</a>
<div class='stack-trace' id='stack-trace1443055846'><pre>java.lang.Throwable: Method OrderCreationForNewContract_EditCreatedOrder_SFPC.step07()[pri:0, instance:delivery01.soi_68.OrderCreationForNewContract_EditCreatedOrder_SFPC@5bcab519] depends on not successfully finished methods
	at org.testng.internal.Invoker.invokeTestMethods(Invoker.java:888)
	at org.testng.internal.TestMethodWorker.invokeTestMethods(TestMethodWorker.java:125)
	at org.testng.internal.TestMethodWorker.run(TestMethodWorker.java:109)
	at org.testng.TestRunner.privateRun(TestRunner.java:648)
	at org.testng.TestRunner.run(TestRunner.java:505)
	at org.testng.SuiteRunner.runTest(SuiteRunner.java:455)
	at org.testng.SuiteRunner.runSequentially(SuiteRunner.java:450)
	at org.testng.SuiteRunner.privateRun(SuiteRunner.java:415)
	at org.testng.SuiteRunner.run(SuiteRunner.java:364)
	at org.testng.SuiteRunnerWorker.runSuite(SuiteRunnerWorker.java:52)
	at org.testng.SuiteRunnerWorker.run(SuiteRunnerWorker.java:84)
	at org.testng.TestNG.runSuitesSequentially(TestNG.java:1208)
	at org.testng.TestNG.runSuitesLocally(TestNG.java:1137)
	at org.testng.TestNG.runSuites(TestNG.java:1049)
	at org.testng.TestNG.run(TestNG.java:1017)
	at org.testng.remote.AbstractRemoteTestNG.run(AbstractRemoteTestNG.java:115)
	at org.testng.remote.RemoteTestNG.initAndRun(RemoteTestNG.java:251)
	at org.testng.remote.RemoteTestNG.main(RemoteTestNG.java:77)
</pre></div></td>
<td>0</td>
<td>null</td></tr>
<tr>
<td title='delivery01.soi_68.OrderCreationForNewContract_OrderCreation_From_OPTYClosure_Won_MobileVoice_SFPC.step08()'><b>step08</b><br>Test class: delivery01.soi_68.OrderCreationForNewContract_OrderCreation_From_OPTYClosure_Won_MobileVoice_SFPC</td>
<td><div><pre>java.lang.Throwable: Method OrderCreationForNewContract_OrderCreation_From_OPTYClosure_Won_MobileVoice_SFPC.step08()[pri:0, instance:delivery01.soi_68.OrderCreationForNewContract_OrderCreation_From_OPTYClosure_Won_MobileVoice_SFPC@5700d6b1] depends on not successfully finished methods
... Removed 18 stack frames</pre></div><a href='#' onClick='toggleBox("stack-trace351417028", this, "Click to show all stack frames", "Click to hide stack frames")'>Click to show all stack frames</a>
<div class='stack-trace' id='stack-trace351417028'><pre>java.lang.Throwable: Method OrderCreationForNewContract_OrderCreation_From_OPTYClosure_Won_MobileVoice_SFPC.step08()[pri:0, instance:delivery01.soi_68.OrderCreationForNewContract_OrderCreation_From_OPTYClosure_Won_MobileVoice_SFPC@5700d6b1] depends on not successfully finished methods
	at org.testng.internal.Invoker.invokeTestMethods(Invoker.java:888)
	at org.testng.internal.TestMethodWorker.invokeTestMethods(TestMethodWorker.java:125)
	at org.testng.internal.TestMethodWorker.run(TestMethodWorker.java:109)
	at org.testng.TestRunner.privateRun(TestRunner.java:648)
	at org.testng.TestRunner.run(TestRunner.java:505)
	at org.testng.SuiteRunner.runTest(SuiteRunner.java:455)
	at org.testng.SuiteRunner.runSequentially(SuiteRunner.java:450)
	at org.testng.SuiteRunner.privateRun(SuiteRunner.java:415)
	at org.testng.SuiteRunner.run(SuiteRunner.java:364)
	at org.testng.SuiteRunnerWorker.runSuite(SuiteRunnerWorker.java:52)
	at org.testng.SuiteRunnerWorker.run(SuiteRunnerWorker.java:84)
	at org.testng.TestNG.runSuitesSequentially(TestNG.java:1208)
	at org.testng.TestNG.runSuitesLocally(TestNG.java:1137)
	at org.testng.TestNG.runSuites(TestNG.java:1049)
	at org.testng.TestNG.run(TestNG.java:1017)
	at org.testng.remote.AbstractRemoteTestNG.run(AbstractRemoteTestNG.java:115)
	at org.testng.remote.RemoteTestNG.initAndRun(RemoteTestNG.java:251)
	at org.testng.remote.RemoteTestNG.main(RemoteTestNG.java:77)
</pre></div></td>
<td>0</td>
<td>null</td></tr>
<tr>
<td title='delivery01.soi_68.OrderCreationForNewContract_OrderCreation_From_OPTYClosure_Won_NotMobileVoice_SFPC.step08()'><b>step08</b><br>Test class: delivery01.soi_68.OrderCreationForNewContract_OrderCreation_From_OPTYClosure_Won_NotMobileVoice_SFPC</td>
<td><div><pre>java.lang.Throwable: Method OrderCreationForNewContract_OrderCreation_From_OPTYClosure_Won_NotMobileVoice_SFPC.step08()[pri:0, instance:delivery01.soi_68.OrderCreationForNewContract_OrderCreation_From_OPTYClosure_Won_NotMobileVoice_SFPC@6fd02e5] depends on not successfully finished methods
... Removed 18 stack frames</pre></div><a href='#' onClick='toggleBox("stack-trace412925308", this, "Click to show all stack frames", "Click to hide stack frames")'>Click to show all stack frames</a>
<div class='stack-trace' id='stack-trace412925308'><pre>java.lang.Throwable: Method OrderCreationForNewContract_OrderCreation_From_OPTYClosure_Won_NotMobileVoice_SFPC.step08()[pri:0, instance:delivery01.soi_68.OrderCreationForNewContract_OrderCreation_From_OPTYClosure_Won_NotMobileVoice_SFPC@6fd02e5] depends on not successfully finished methods
	at org.testng.internal.Invoker.invokeTestMethods(Invoker.java:888)
	at org.testng.internal.TestMethodWorker.invokeTestMethods(TestMethodWorker.java:125)
	at org.testng.internal.TestMethodWorker.run(TestMethodWorker.java:109)
	at org.testng.TestRunner.privateRun(TestRunner.java:648)
	at org.testng.TestRunner.run(TestRunner.java:505)
	at org.testng.SuiteRunner.runTest(SuiteRunner.java:455)
	at org.testng.SuiteRunner.runSequentially(SuiteRunner.java:450)
	at org.testng.SuiteRunner.privateRun(SuiteRunner.java:415)
	at org.testng.SuiteRunner.run(SuiteRunner.java:364)
	at org.testng.SuiteRunnerWorker.runSuite(SuiteRunnerWorker.java:52)
	at org.testng.SuiteRunnerWorker.run(SuiteRunnerWorker.java:84)
	at org.testng.TestNG.runSuitesSequentially(TestNG.java:1208)
	at org.testng.TestNG.runSuitesLocally(TestNG.java:1137)
	at org.testng.TestNG.runSuites(TestNG.java:1049)
	at org.testng.TestNG.run(TestNG.java:1017)
	at org.testng.remote.AbstractRemoteTestNG.run(AbstractRemoteTestNG.java:115)
	at org.testng.remote.RemoteTestNG.initAndRun(RemoteTestNG.java:251)
	at org.testng.remote.RemoteTestNG.main(RemoteTestNG.java:77)
</pre></div></td>
<td>0</td>
<td>null</td></tr>
<tr>
<td title='delivery01.soi_68.OrderCreationForNewContract_EditCreatedOrder_SFPC.step08()'><b>step08</b><br>Test class: delivery01.soi_68.OrderCreationForNewContract_EditCreatedOrder_SFPC</td>
<td><div><pre>java.lang.Throwable: Method OrderCreationForNewContract_EditCreatedOrder_SFPC.step08()[pri:0, instance:delivery01.soi_68.OrderCreationForNewContract_EditCreatedOrder_SFPC@5bcab519] depends on not successfully finished methods
... Removed 18 stack frames</pre></div><a href='#' onClick='toggleBox("stack-trace589311950", this, "Click to show all stack frames", "Click to hide stack frames")'>Click to show all stack frames</a>
<div class='stack-trace' id='stack-trace589311950'><pre>java.lang.Throwable: Method OrderCreationForNewContract_EditCreatedOrder_SFPC.step08()[pri:0, instance:delivery01.soi_68.OrderCreationForNewContract_EditCreatedOrder_SFPC@5bcab519] depends on not successfully finished methods
	at org.testng.internal.Invoker.invokeTestMethods(Invoker.java:888)
	at org.testng.internal.TestMethodWorker.invokeTestMethods(TestMethodWorker.java:125)
	at org.testng.internal.TestMethodWorker.run(TestMethodWorker.java:109)
	at org.testng.TestRunner.privateRun(TestRunner.java:648)
	at org.testng.TestRunner.run(TestRunner.java:505)
	at org.testng.SuiteRunner.runTest(SuiteRunner.java:455)
	at org.testng.SuiteRunner.runSequentially(SuiteRunner.java:450)
	at org.testng.SuiteRunner.privateRun(SuiteRunner.java:415)
	at org.testng.SuiteRunner.run(SuiteRunner.java:364)
	at org.testng.SuiteRunnerWorker.runSuite(SuiteRunnerWorker.java:52)
	at org.testng.SuiteRunnerWorker.run(SuiteRunnerWorker.java:84)
	at org.testng.TestNG.runSuitesSequentially(TestNG.java:1208)
	at org.testng.TestNG.runSuitesLocally(TestNG.java:1137)
	at org.testng.TestNG.runSuites(TestNG.java:1049)
	at org.testng.TestNG.run(TestNG.java:1017)
	at org.testng.remote.AbstractRemoteTestNG.run(AbstractRemoteTestNG.java:115)
	at org.testng.remote.RemoteTestNG.initAndRun(RemoteTestNG.java:251)
	at org.testng.remote.RemoteTestNG.main(RemoteTestNG.java:77)
</pre></div></td>
<td>0</td>
<td>null</td></tr>
<tr>
<td title='delivery01.soi_68.OrderCreationForNewContract_OrderCreation_From_OPTYClosure_Won_MobileVoice_SFPC.step09()'><b>step09</b><br>Test class: delivery01.soi_68.OrderCreationForNewContract_OrderCreation_From_OPTYClosure_Won_MobileVoice_SFPC</td>
<td><div><pre>java.lang.Throwable: Method OrderCreationForNewContract_OrderCreation_From_OPTYClosure_Won_MobileVoice_SFPC.step09()[pri:0, instance:delivery01.soi_68.OrderCreationForNewContract_OrderCreation_From_OPTYClosure_Won_MobileVoice_SFPC@5700d6b1] depends on not successfully finished methods
... Removed 18 stack frames</pre></div><a href='#' onClick='toggleBox("stack-trace38544126", this, "Click to show all stack frames", "Click to hide stack frames")'>Click to show all stack frames</a>
<div class='stack-trace' id='stack-trace38544126'><pre>java.lang.Throwable: Method OrderCreationForNewContract_OrderCreation_From_OPTYClosure_Won_MobileVoice_SFPC.step09()[pri:0, instance:delivery01.soi_68.OrderCreationForNewContract_OrderCreation_From_OPTYClosure_Won_MobileVoice_SFPC@5700d6b1] depends on not successfully finished methods
	at org.testng.internal.Invoker.invokeTestMethods(Invoker.java:888)
	at org.testng.internal.TestMethodWorker.invokeTestMethods(TestMethodWorker.java:125)
	at org.testng.internal.TestMethodWorker.run(TestMethodWorker.java:109)
	at org.testng.TestRunner.privateRun(TestRunner.java:648)
	at org.testng.TestRunner.run(TestRunner.java:505)
	at org.testng.SuiteRunner.runTest(SuiteRunner.java:455)
	at org.testng.SuiteRunner.runSequentially(SuiteRunner.java:450)
	at org.testng.SuiteRunner.privateRun(SuiteRunner.java:415)
	at org.testng.SuiteRunner.run(SuiteRunner.java:364)
	at org.testng.SuiteRunnerWorker.runSuite(SuiteRunnerWorker.java:52)
	at org.testng.SuiteRunnerWorker.run(SuiteRunnerWorker.java:84)
	at org.testng.TestNG.runSuitesSequentially(TestNG.java:1208)
	at org.testng.TestNG.runSuitesLocally(TestNG.java:1137)
	at org.testng.TestNG.runSuites(TestNG.java:1049)
	at org.testng.TestNG.run(TestNG.java:1017)
	at org.testng.remote.AbstractRemoteTestNG.run(AbstractRemoteTestNG.java:115)
	at org.testng.remote.RemoteTestNG.initAndRun(RemoteTestNG.java:251)
	at org.testng.remote.RemoteTestNG.main(RemoteTestNG.java:77)
</pre></div></td>
<td>0</td>
<td>null</td></tr>
<tr>
<td title='delivery01.soi_68.OrderCreationForNewContract_OrderCreation_From_OPTYClosure_Won_NotMobileVoice_SFPC.step09()'><b>step09</b><br>Test class: delivery01.soi_68.OrderCreationForNewContract_OrderCreation_From_OPTYClosure_Won_NotMobileVoice_SFPC</td>
<td><div><pre>java.lang.Throwable: Method OrderCreationForNewContract_OrderCreation_From_OPTYClosure_Won_NotMobileVoice_SFPC.step09()[pri:0, instance:delivery01.soi_68.OrderCreationForNewContract_OrderCreation_From_OPTYClosure_Won_NotMobileVoice_SFPC@6fd02e5] depends on not successfully finished methods
... Removed 18 stack frames</pre></div><a href='#' onClick='toggleBox("stack-trace1122130699", this, "Click to show all stack frames", "Click to hide stack frames")'>Click to show all stack frames</a>
<div class='stack-trace' id='stack-trace1122130699'><pre>java.lang.Throwable: Method OrderCreationForNewContract_OrderCreation_From_OPTYClosure_Won_NotMobileVoice_SFPC.step09()[pri:0, instance:delivery01.soi_68.OrderCreationForNewContract_OrderCreation_From_OPTYClosure_Won_NotMobileVoice_SFPC@6fd02e5] depends on not successfully finished methods
	at org.testng.internal.Invoker.invokeTestMethods(Invoker.java:888)
	at org.testng.internal.TestMethodWorker.invokeTestMethods(TestMethodWorker.java:125)
	at org.testng.internal.TestMethodWorker.run(TestMethodWorker.java:109)
	at org.testng.TestRunner.privateRun(TestRunner.java:648)
	at org.testng.TestRunner.run(TestRunner.java:505)
	at org.testng.SuiteRunner.runTest(SuiteRunner.java:455)
	at org.testng.SuiteRunner.runSequentially(SuiteRunner.java:450)
	at org.testng.SuiteRunner.privateRun(SuiteRunner.java:415)
	at org.testng.SuiteRunner.run(SuiteRunner.java:364)
	at org.testng.SuiteRunnerWorker.runSuite(SuiteRunnerWorker.java:52)
	at org.testng.SuiteRunnerWorker.run(SuiteRunnerWorker.java:84)
	at org.testng.TestNG.runSuitesSequentially(TestNG.java:1208)
	at org.testng.TestNG.runSuitesLocally(TestNG.java:1137)
	at org.testng.TestNG.runSuites(TestNG.java:1049)
	at org.testng.TestNG.run(TestNG.java:1017)
	at org.testng.remote.AbstractRemoteTestNG.run(AbstractRemoteTestNG.java:115)
	at org.testng.remote.RemoteTestNG.initAndRun(RemoteTestNG.java:251)
	at org.testng.remote.RemoteTestNG.main(RemoteTestNG.java:77)
</pre></div></td>
<td>0</td>
<td>null</td></tr>
<tr>
<td title='delivery01.soi_68.OrderCreationForNewContract_EditCreatedOrder_SFPC.step09()'><b>step09</b><br>Test class: delivery01.soi_68.OrderCreationForNewContract_EditCreatedOrder_SFPC</td>
<td><div><pre>java.lang.Throwable: Method OrderCreationForNewContract_EditCreatedOrder_SFPC.step09()[pri:0, instance:delivery01.soi_68.OrderCreationForNewContract_EditCreatedOrder_SFPC@5bcab519] depends on not successfully finished methods
... Removed 18 stack frames</pre></div><a href='#' onClick='toggleBox("stack-trace932257672", this, "Click to show all stack frames", "Click to hide stack frames")'>Click to show all stack frames</a>
<div class='stack-trace' id='stack-trace932257672'><pre>java.lang.Throwable: Method OrderCreationForNewContract_EditCreatedOrder_SFPC.step09()[pri:0, instance:delivery01.soi_68.OrderCreationForNewContract_EditCreatedOrder_SFPC@5bcab519] depends on not successfully finished methods
	at org.testng.internal.Invoker.invokeTestMethods(Invoker.java:888)
	at org.testng.internal.TestMethodWorker.invokeTestMethods(TestMethodWorker.java:125)
	at org.testng.internal.TestMethodWorker.run(TestMethodWorker.java:109)
	at org.testng.TestRunner.privateRun(TestRunner.java:648)
	at org.testng.TestRunner.run(TestRunner.java:505)
	at org.testng.SuiteRunner.runTest(SuiteRunner.java:455)
	at org.testng.SuiteRunner.runSequentially(SuiteRunner.java:450)
	at org.testng.SuiteRunner.privateRun(SuiteRunner.java:415)
	at org.testng.SuiteRunner.run(SuiteRunner.java:364)
	at org.testng.SuiteRunnerWorker.runSuite(SuiteRunnerWorker.java:52)
	at org.testng.SuiteRunnerWorker.run(SuiteRunnerWorker.java:84)
	at org.testng.TestNG.runSuitesSequentially(TestNG.java:1208)
	at org.testng.TestNG.runSuitesLocally(TestNG.java:1137)
	at org.testng.TestNG.runSuites(TestNG.java:1049)
	at org.testng.TestNG.run(TestNG.java:1017)
	at org.testng.remote.AbstractRemoteTestNG.run(AbstractRemoteTestNG.java:115)
	at org.testng.remote.RemoteTestNG.initAndRun(RemoteTestNG.java:251)
	at org.testng.remote.RemoteTestNG.main(RemoteTestNG.java:77)
</pre></div></td>
<td>0</td>
<td>null</td></tr>
<tr>
<td title='delivery01.soi_68.OrderCreationForNewContract_OrderCreation_From_OPTYClosure_Won_MobileVoice_SFPC.step10()'><b>step10</b><br>Test class: delivery01.soi_68.OrderCreationForNewContract_OrderCreation_From_OPTYClosure_Won_MobileVoice_SFPC</td>
<td><div><pre>java.lang.Throwable: Method OrderCreationForNewContract_OrderCreation_From_OPTYClosure_Won_MobileVoice_SFPC.step10()[pri:0, instance:delivery01.soi_68.OrderCreationForNewContract_OrderCreation_From_OPTYClosure_Won_MobileVoice_SFPC@5700d6b1] depends on not successfully finished methods
... Removed 18 stack frames</pre></div><a href='#' onClick='toggleBox("stack-trace215082566", this, "Click to show all stack frames", "Click to hide stack frames")'>Click to show all stack frames</a>
<div class='stack-trace' id='stack-trace215082566'><pre>java.lang.Throwable: Method OrderCreationForNewContract_OrderCreation_From_OPTYClosure_Won_MobileVoice_SFPC.step10()[pri:0, instance:delivery01.soi_68.OrderCreationForNewContract_OrderCreation_From_OPTYClosure_Won_MobileVoice_SFPC@5700d6b1] depends on not successfully finished methods
	at org.testng.internal.Invoker.invokeTestMethods(Invoker.java:888)
	at org.testng.internal.TestMethodWorker.invokeTestMethods(TestMethodWorker.java:125)
	at org.testng.internal.TestMethodWorker.run(TestMethodWorker.java:109)
	at org.testng.TestRunner.privateRun(TestRunner.java:648)
	at org.testng.TestRunner.run(TestRunner.java:505)
	at org.testng.SuiteRunner.runTest(SuiteRunner.java:455)
	at org.testng.SuiteRunner.runSequentially(SuiteRunner.java:450)
	at org.testng.SuiteRunner.privateRun(SuiteRunner.java:415)
	at org.testng.SuiteRunner.run(SuiteRunner.java:364)
	at org.testng.SuiteRunnerWorker.runSuite(SuiteRunnerWorker.java:52)
	at org.testng.SuiteRunnerWorker.run(SuiteRunnerWorker.java:84)
	at org.testng.TestNG.runSuitesSequentially(TestNG.java:1208)
	at org.testng.TestNG.runSuitesLocally(TestNG.java:1137)
	at org.testng.TestNG.runSuites(TestNG.java:1049)
	at org.testng.TestNG.run(TestNG.java:1017)
	at org.testng.remote.AbstractRemoteTestNG.run(AbstractRemoteTestNG.java:115)
	at org.testng.remote.RemoteTestNG.initAndRun(RemoteTestNG.java:251)
	at org.testng.remote.RemoteTestNG.main(RemoteTestNG.java:77)
</pre></div></td>
<td>0</td>
<td>null</td></tr>
<tr>
<td title='delivery01.soi_68.OrderCreationForNewContract_EditCreatedOrder_SFPC.step10()'><b>step10</b><br>Test class: delivery01.soi_68.OrderCreationForNewContract_EditCreatedOrder_SFPC</td>
<td><div><pre>java.lang.Throwable: Method OrderCreationForNewContract_EditCreatedOrder_SFPC.step10()[pri:0, instance:delivery01.soi_68.OrderCreationForNewContract_EditCreatedOrder_SFPC@5bcab519] depends on not successfully finished methods
... Removed 18 stack frames</pre></div><a href='#' onClick='toggleBox("stack-trace1298146757", this, "Click to show all stack frames", "Click to hide stack frames")'>Click to show all stack frames</a>
<div class='stack-trace' id='stack-trace1298146757'><pre>java.lang.Throwable: Method OrderCreationForNewContract_EditCreatedOrder_SFPC.step10()[pri:0, instance:delivery01.soi_68.OrderCreationForNewContract_EditCreatedOrder_SFPC@5bcab519] depends on not successfully finished methods
	at org.testng.internal.Invoker.invokeTestMethods(Invoker.java:888)
	at org.testng.internal.TestMethodWorker.invokeTestMethods(TestMethodWorker.java:125)
	at org.testng.internal.TestMethodWorker.run(TestMethodWorker.java:109)
	at org.testng.TestRunner.privateRun(TestRunner.java:648)
	at org.testng.TestRunner.run(TestRunner.java:505)
	at org.testng.SuiteRunner.runTest(SuiteRunner.java:455)
	at org.testng.SuiteRunner.runSequentially(SuiteRunner.java:450)
	at org.testng.SuiteRunner.privateRun(SuiteRunner.java:415)
	at org.testng.SuiteRunner.run(SuiteRunner.java:364)
	at org.testng.SuiteRunnerWorker.runSuite(SuiteRunnerWorker.java:52)
	at org.testng.SuiteRunnerWorker.run(SuiteRunnerWorker.java:84)
	at org.testng.TestNG.runSuitesSequentially(TestNG.java:1208)
	at org.testng.TestNG.runSuitesLocally(TestNG.java:1137)
	at org.testng.TestNG.runSuites(TestNG.java:1049)
	at org.testng.TestNG.run(TestNG.java:1017)
	at org.testng.remote.AbstractRemoteTestNG.run(AbstractRemoteTestNG.java:115)
	at org.testng.remote.RemoteTestNG.initAndRun(RemoteTestNG.java:251)
	at org.testng.remote.RemoteTestNG.main(RemoteTestNG.java:77)
</pre></div></td>
<td>0</td>
<td>null</td></tr>
<tr>
<td title='delivery01.soi_68.OrderCreationForNewContract_EditCreatedOrder_SFPC.step11()'><b>step11</b><br>Test class: delivery01.soi_68.OrderCreationForNewContract_EditCreatedOrder_SFPC</td>
<td><div><pre>java.lang.Throwable: Method OrderCreationForNewContract_EditCreatedOrder_SFPC.step11()[pri:0, instance:delivery01.soi_68.OrderCreationForNewContract_EditCreatedOrder_SFPC@5bcab519] depends on not successfully finished methods
... Removed 18 stack frames</pre></div><a href='#' onClick='toggleBox("stack-trace1081769770", this, "Click to show all stack frames", "Click to hide stack frames")'>Click to show all stack frames</a>
<div class='stack-trace' id='stack-trace1081769770'><pre>java.lang.Throwable: Method OrderCreationForNewContract_EditCreatedOrder_SFPC.step11()[pri:0, instance:delivery01.soi_68.OrderCreationForNewContract_EditCreatedOrder_SFPC@5bcab519] depends on not successfully finished methods
	at org.testng.internal.Invoker.invokeTestMethods(Invoker.java:888)
	at org.testng.internal.TestMethodWorker.invokeTestMethods(TestMethodWorker.java:125)
	at org.testng.internal.TestMethodWorker.run(TestMethodWorker.java:109)
	at org.testng.TestRunner.privateRun(TestRunner.java:648)
	at org.testng.TestRunner.run(TestRunner.java:505)
	at org.testng.SuiteRunner.runTest(SuiteRunner.java:455)
	at org.testng.SuiteRunner.runSequentially(SuiteRunner.java:450)
	at org.testng.SuiteRunner.privateRun(SuiteRunner.java:415)
	at org.testng.SuiteRunner.run(SuiteRunner.java:364)
	at org.testng.SuiteRunnerWorker.runSuite(SuiteRunnerWorker.java:52)
	at org.testng.SuiteRunnerWorker.run(SuiteRunnerWorker.java:84)
	at org.testng.TestNG.runSuitesSequentially(TestNG.java:1208)
	at org.testng.TestNG.runSuitesLocally(TestNG.java:1137)
	at org.testng.TestNG.runSuites(TestNG.java:1049)
	at org.testng.TestNG.run(TestNG.java:1017)
	at org.testng.remote.AbstractRemoteTestNG.run(AbstractRemoteTestNG.java:115)
	at org.testng.remote.RemoteTestNG.initAndRun(RemoteTestNG.java:251)
	at org.testng.remote.RemoteTestNG.main(RemoteTestNG.java:77)
</pre></div></td>
<td>0</td>
<td>null</td></tr>
</table><p>
</body>
</html>