<html>
<head>
<title>TestNG:  Salesforce Partners Community</title>
<link href="../testng.css" rel="stylesheet" type="text/css" />
<link href="../my-testng.css" rel="stylesheet" type="text/css" />

<style type="text/css">
.log { display: none;} 
.stack-trace { display: none;} 
</style>
<script type="text/javascript">
<!--
function flip(e) {
  current = e.style.display;
  if (current == 'block') {
    e.style.display = 'none';
    return 0;
  }
  else {
    e.style.display = 'block';
    return 1;
  }
}

function toggleBox(szDivId, elem, msg1, msg2)
{
  var res = -1;  if (document.getElementById) {
    res = flip(document.getElementById(szDivId));
  }
  else if (document.all) {
    // this is the way old msie versions work
    res = flip(document.all[szDivId]);
  }
  if(elem) {
    if(res == 0) elem.innerHTML = msg1; else elem.innerHTML = msg2;
  }

}

function toggleAllBoxes() {
  if (document.getElementsByTagName) {
    d = document.getElementsByTagName('div');
    for (i = 0; i < d.length; i++) {
      if (d[i].className == 'log') {
        flip(d[i]);
      }
    }
  }
}

// -->
</script>

</head>
<body>
<h2 align='center'>Salesforce Partners Community</h2><table border='1' align="center">
<tr>
<td>Tests passed/Failed/Skipped:</td><td>0/0/22</td>
</tr><tr>
<td>Started on:</td><td>Fri Jan 03 15:21:49 GMT 2020</td>
</tr>
<tr><td>Total time:</td><td>0 seconds (690 ms)</td>
</tr><tr>
<td>Included groups:</td><td></td>
</tr><tr>
<td>Excluded groups:</td><td></td>
</tr>
</table><p/>
<small><i>(Hover the method name to see the test class name)</i></small><p/>
<table width='100%' border='1' class='invocation-failed'>
<tr><td colspan='4' align='center'><b>FAILED CONFIGURATIONS</b></td></tr>
<tr><td><b>Test method</b></td>
<td width="30%"><b>Exception</b></td>
<td width="10%"><b>Time (seconds)</b></td>
<td><b>Instance</b></td>
</tr>
<tr>
<td title='delivery01.soi_66.AgreementCreation_From_Oportunity_MobileVoice_Negative_SFPC.beforeTest()'><b>beforeTest</b><br>Test class: delivery01.soi_66.AgreementCreation_From_Oportunity_MobileVoice_Negative_SFPC</td>
<td><div><pre>org.openqa.selenium.WebDriverException: unknown error: cannot create default profile directory
Build info: version: &apos;3.141.59&apos;, revision: &apos;e82be7d358&apos;, time: &apos;2018-11-14T08:17:03&apos;
System info: host: &apos;INNOWAVE-383&apos;, ip: &apos;192.168.100.249&apos;, os.name: &apos;Windows 10&apos;, os.arch: &apos;amd64&apos;, os.version: &apos;10.0&apos;, java.version: &apos;1.8.0_212&apos;
Driver info: driver.version: ChromeDriver
remote stacktrace: Backtrace:
	Ordinal0 [0x00A6A903+1550595]
	Ordinal0 [0x009EA701+1025793]
	Ordinal0 [0x0096C6E5+509669]
	Ordinal0 [0x008FF009+61449]
	Ordinal0 [0x008FC01C+49180]
	Ordinal0 [0x0091ACE7+175335]
	Ordinal0 [0x0091A8ED+174317]
	Ordinal0 [0x00918CDB+167131]
	Ordinal0 [0x0090144A+70730]
	Ordinal0 [0x009024D0+74960]
	Ordinal0 [0x00902469+74857]
	Ordinal0 [0x00A042C7+1131207]
	GetHandleVerifier [0x00B070FD+523789]
	GetHandleVerifier [0x00B06E90+523168]
	GetHandleVerifier [0x00B0E1E7+552695]
	GetHandleVerifier [0x00B078FA+525834]
	Ordinal0 [0x009FB7FC+1095676]
	Ordinal0 [0x00A0633B+1139515]
	Ordinal0 [0x00A064A3+1139875]
	Ordinal0 [0x00A05425+1135653]
	BaseThreadInitThunk [0x76CD6359+25]
	RtlGetAppContainerNamedObjectPath [0x770E7B74+228]
	RtlGetAppContainerNamedObjectPath [0x770E7B44+180]

	at org.openqa.selenium.remote.W3CHandshakeResponse.lambda$errorHandler$0(W3CHandshakeResponse.java:62)
	at org.openqa.selenium.remote.HandshakeResponse.lambda$getResponseFunction$0(HandshakeResponse.java:30)
	at org.openqa.selenium.remote.ProtocolHandshake.lambda$createSession$0(ProtocolHandshake.java:126)
	at java.util.stream.ReferencePipeline$3$1.accept(ReferencePipeline.java:193)
	at java.util.Spliterators$ArraySpliterator.tryAdvance(Spliterators.java:958)
	at java.util.stream.ReferencePipeline.forEachWithCancel(ReferencePipeline.java:126)
	at java.util.stream.AbstractPipeline.copyIntoWithCancel(AbstractPipeline.java:498)
	at java.util.stream.AbstractPipeline.copyInto(AbstractPipeline.java:485)
	at java.util.stream.AbstractPipeline.wrapAndCopyInto(AbstractPipeline.java:471)
	at java.util.stream.FindOps$FindOp.evaluateSequential(FindOps.java:152)
	at java.util.stream.AbstractPipeline.evaluate(AbstractPipeline.java:234)
	at java.util.stream.ReferencePipeline.findFirst(ReferencePipeline.java:464)
	at org.openqa.selenium.remote.ProtocolHandshake.createSession(ProtocolHandshake.java:128)
	at org.openqa.selenium.remote.ProtocolHandshake.createSession(ProtocolHandshake.java:74)
	at org.openqa.selenium.remote.HttpCommandExecutor.execute(HttpCommandExecutor.java:136)
	at org.openqa.selenium.remote.service.DriverCommandExecutor.execute(DriverCommandExecutor.java:83)
	at org.openqa.selenium.remote.RemoteWebDriver.execute(RemoteWebDriver.java:552)
	at org.openqa.selenium.remote.RemoteWebDriver.startSession(RemoteWebDriver.java:213)
	at org.openqa.selenium.remote.RemoteWebDriver.&lt;init&gt;(RemoteWebDriver.java:131)
	at org.openqa.selenium.chrome.ChromeDriver.&lt;init&gt;(ChromeDriver.java:181)
	at org.openqa.selenium.chrome.ChromeDriver.&lt;init&gt;(ChromeDriver.java:168)
	at org.openqa.selenium.chrome.ChromeDriver.&lt;init&gt;(ChromeDriver.java:157)
	at delivery01.soi_66.AgreementCreation_From_Oportunity_MobileVoice_Negative_SFPC.beforeTest(AgreementCreation_From_Oportunity_MobileVoice_Negative_SFPC.java:85)
... Removed 28 stack frames</pre></div><a href='#' onClick='toggleBox("stack-trace2047984839", this, "Click to show all stack frames", "Click to hide stack frames")'>Click to show all stack frames</a>
<div class='stack-trace' id='stack-trace2047984839'><pre>org.openqa.selenium.WebDriverException: unknown error: cannot create default profile directory
Build info: version: &apos;3.141.59&apos;, revision: &apos;e82be7d358&apos;, time: &apos;2018-11-14T08:17:03&apos;
System info: host: &apos;INNOWAVE-383&apos;, ip: &apos;192.168.100.249&apos;, os.name: &apos;Windows 10&apos;, os.arch: &apos;amd64&apos;, os.version: &apos;10.0&apos;, java.version: &apos;1.8.0_212&apos;
Driver info: driver.version: ChromeDriver
remote stacktrace: Backtrace:
	Ordinal0 [0x00A6A903+1550595]
	Ordinal0 [0x009EA701+1025793]
	Ordinal0 [0x0096C6E5+509669]
	Ordinal0 [0x008FF009+61449]
	Ordinal0 [0x008FC01C+49180]
	Ordinal0 [0x0091ACE7+175335]
	Ordinal0 [0x0091A8ED+174317]
	Ordinal0 [0x00918CDB+167131]
	Ordinal0 [0x0090144A+70730]
	Ordinal0 [0x009024D0+74960]
	Ordinal0 [0x00902469+74857]
	Ordinal0 [0x00A042C7+1131207]
	GetHandleVerifier [0x00B070FD+523789]
	GetHandleVerifier [0x00B06E90+523168]
	GetHandleVerifier [0x00B0E1E7+552695]
	GetHandleVerifier [0x00B078FA+525834]
	Ordinal0 [0x009FB7FC+1095676]
	Ordinal0 [0x00A0633B+1139515]
	Ordinal0 [0x00A064A3+1139875]
	Ordinal0 [0x00A05425+1135653]
	BaseThreadInitThunk [0x76CD6359+25]
	RtlGetAppContainerNamedObjectPath [0x770E7B74+228]
	RtlGetAppContainerNamedObjectPath [0x770E7B44+180]

	at sun.reflect.NativeConstructorAccessorImpl.newInstance0(Native Method)
	at sun.reflect.NativeConstructorAccessorImpl.newInstance(NativeConstructorAccessorImpl.java:62)
	at sun.reflect.DelegatingConstructorAccessorImpl.newInstance(DelegatingConstructorAccessorImpl.java:45)
	at java.lang.reflect.Constructor.newInstance(Constructor.java:423)
	at org.openqa.selenium.remote.W3CHandshakeResponse.lambda$errorHandler$0(W3CHandshakeResponse.java:62)
	at org.openqa.selenium.remote.HandshakeResponse.lambda$getResponseFunction$0(HandshakeResponse.java:30)
	at org.openqa.selenium.remote.ProtocolHandshake.lambda$createSession$0(ProtocolHandshake.java:126)
	at java.util.stream.ReferencePipeline$3$1.accept(ReferencePipeline.java:193)
	at java.util.Spliterators$ArraySpliterator.tryAdvance(Spliterators.java:958)
	at java.util.stream.ReferencePipeline.forEachWithCancel(ReferencePipeline.java:126)
	at java.util.stream.AbstractPipeline.copyIntoWithCancel(AbstractPipeline.java:498)
	at java.util.stream.AbstractPipeline.copyInto(AbstractPipeline.java:485)
	at java.util.stream.AbstractPipeline.wrapAndCopyInto(AbstractPipeline.java:471)
	at java.util.stream.FindOps$FindOp.evaluateSequential(FindOps.java:152)
	at java.util.stream.AbstractPipeline.evaluate(AbstractPipeline.java:234)
	at java.util.stream.ReferencePipeline.findFirst(ReferencePipeline.java:464)
	at org.openqa.selenium.remote.ProtocolHandshake.createSession(ProtocolHandshake.java:128)
	at org.openqa.selenium.remote.ProtocolHandshake.createSession(ProtocolHandshake.java:74)
	at org.openqa.selenium.remote.HttpCommandExecutor.execute(HttpCommandExecutor.java:136)
	at org.openqa.selenium.remote.service.DriverCommandExecutor.execute(DriverCommandExecutor.java:83)
	at org.openqa.selenium.remote.RemoteWebDriver.execute(RemoteWebDriver.java:552)
	at org.openqa.selenium.remote.RemoteWebDriver.startSession(RemoteWebDriver.java:213)
	at org.openqa.selenium.remote.RemoteWebDriver.&lt;init&gt;(RemoteWebDriver.java:131)
	at org.openqa.selenium.chrome.ChromeDriver.&lt;init&gt;(ChromeDriver.java:181)
	at org.openqa.selenium.chrome.ChromeDriver.&lt;init&gt;(ChromeDriver.java:168)
	at org.openqa.selenium.chrome.ChromeDriver.&lt;init&gt;(ChromeDriver.java:157)
	at delivery01.soi_66.AgreementCreation_From_Oportunity_MobileVoice_Negative_SFPC.beforeTest(AgreementCreation_From_Oportunity_MobileVoice_Negative_SFPC.java:85)
	at sun.reflect.NativeMethodAccessorImpl.invoke0(Native Method)
	at sun.reflect.NativeMethodAccessorImpl.invoke(NativeMethodAccessorImpl.java:62)
	at sun.reflect.DelegatingMethodAccessorImpl.invoke(DelegatingMethodAccessorImpl.java:43)
	at java.lang.reflect.Method.invoke(Method.java:498)
	at org.testng.internal.MethodInvocationHelper.invokeMethod(MethodInvocationHelper.java:124)
	at org.testng.internal.MethodInvocationHelper.invokeMethodConsideringTimeout(MethodInvocationHelper.java:59)
	at org.testng.internal.Invoker.invokeConfigurationMethod(Invoker.java:458)
	at org.testng.internal.Invoker.invokeConfigurations(Invoker.java:222)
	at org.testng.internal.Invoker.invokeConfigurations(Invoker.java:142)
	at org.testng.TestRunner.beforeRun(TestRunner.java:529)
	at org.testng.TestRunner.run(TestRunner.java:497)
	at org.testng.SuiteRunner.runTest(SuiteRunner.java:455)
	at org.testng.SuiteRunner.runSequentially(SuiteRunner.java:450)
	at org.testng.SuiteRunner.privateRun(SuiteRunner.java:415)
	at org.testng.SuiteRunner.run(SuiteRunner.java:364)
	at org.testng.SuiteRunnerWorker.runSuite(SuiteRunnerWorker.java:52)
	at org.testng.SuiteRunnerWorker.run(SuiteRunnerWorker.java:84)
	at org.testng.TestNG.runSuitesSequentially(TestNG.java:1208)
	at org.testng.TestNG.runSuitesLocally(TestNG.java:1137)
	at org.testng.TestNG.runSuites(TestNG.java:1049)
	at org.testng.TestNG.run(TestNG.java:1017)
	at org.testng.remote.AbstractRemoteTestNG.run(AbstractRemoteTestNG.java:115)
	at org.testng.remote.RemoteTestNG.initAndRun(RemoteTestNG.java:251)
	at org.testng.remote.RemoteTestNG.main(RemoteTestNG.java:77)
</pre></div></td>
<td>0</td>
<td>delivery01.soi_66.AgreementCreation_From_Oportunity_MobileVoice_Negative_SFPC@73ad2d6</td></tr>
</table><p>
<table width='100%' border='1' class='invocation-skipped'>
<tr><td colspan='4' align='center'><b>SKIPPED CONFIGURATIONS</b></td></tr>
<tr><td><b>Test method</b></td>
<td width="30%"><b>Exception</b></td>
<td width="10%"><b>Time (seconds)</b></td>
<td><b>Instance</b></td>
</tr>
<tr>
<td title='delivery01.soi_66.AgreementCreation_From_Oportunity_MobileVoice_Negative_SFPC.beforeTest()'><b>beforeTest</b><br>Test class: delivery01.soi_66.AgreementCreation_From_Oportunity_MobileVoice_Negative_SFPC</td>
<td></td>
<td>0</td>
<td>delivery01.soi_66.AgreementCreation_From_Oportunity_MobileVoice_SFPC@7085bdee</td></tr>
<tr>
<td title='delivery01.soi_66.AgreementCreation_From_Oportunity_MobileVoice_Negative_SFPC.beforeTest()'><b>beforeTest</b><br>Test class: delivery01.soi_66.AgreementCreation_From_Oportunity_MobileVoice_Negative_SFPC</td>
<td></td>
<td>0</td>
<td>delivery01.soi_66.AgreementCreation_From_Opportunity_MobileVoice_EditAgreement_SFPC@1ce92674</td></tr>
<tr>
<td title='delivery01.soi_66.AgreementCreation_From_Oportunity_MobileVoice_Negative_SFPC.afterTest()'><b>afterTest</b><br>Test class: delivery01.soi_66.AgreementCreation_From_Oportunity_MobileVoice_Negative_SFPC</td>
<td></td>
<td>0</td>
<td>delivery01.soi_66.AgreementCreation_From_Oportunity_MobileVoice_Negative_SFPC@73ad2d6</td></tr>
<tr>
<td title='delivery01.soi_66.AgreementCreation_From_Oportunity_MobileVoice_Negative_SFPC.afterTest()'><b>afterTest</b><br>Test class: delivery01.soi_66.AgreementCreation_From_Oportunity_MobileVoice_Negative_SFPC</td>
<td></td>
<td>0</td>
<td>delivery01.soi_66.AgreementCreation_From_Oportunity_MobileVoice_SFPC@7085bdee</td></tr>
<tr>
<td title='delivery01.soi_66.AgreementCreation_From_Oportunity_MobileVoice_Negative_SFPC.afterTest()'><b>afterTest</b><br>Test class: delivery01.soi_66.AgreementCreation_From_Oportunity_MobileVoice_Negative_SFPC</td>
<td></td>
<td>0</td>
<td>delivery01.soi_66.AgreementCreation_From_Opportunity_MobileVoice_EditAgreement_SFPC@1ce92674</td></tr>
</table><p>
<table width='100%' border='1' class='invocation-skipped'>
<tr><td colspan='4' align='center'><b>SKIPPED TESTS</b></td></tr>
<tr><td><b>Test method</b></td>
<td width="30%"><b>Exception</b></td>
<td width="10%"><b>Time (seconds)</b></td>
<td><b>Instance</b></td>
</tr>
<tr>
<td title='delivery01.soi_66.AgreementCreation_From_Oportunity_MobileVoice_Negative_SFPC.step01()'><b>step01</b><br>Test class: delivery01.soi_66.AgreementCreation_From_Oportunity_MobileVoice_Negative_SFPC</td>
<td><div><pre>org.openqa.selenium.WebDriverException: unknown error: cannot create default profile directory
Build info: version: &apos;3.141.59&apos;, revision: &apos;e82be7d358&apos;, time: &apos;2018-11-14T08:17:03&apos;
System info: host: &apos;INNOWAVE-383&apos;, ip: &apos;192.168.100.249&apos;, os.name: &apos;Windows 10&apos;, os.arch: &apos;amd64&apos;, os.version: &apos;10.0&apos;, java.version: &apos;1.8.0_212&apos;
Driver info: driver.version: ChromeDriver
remote stacktrace: Backtrace:
	Ordinal0 [0x00A6A903+1550595]
	Ordinal0 [0x009EA701+1025793]
	Ordinal0 [0x0096C6E5+509669]
	Ordinal0 [0x008FF009+61449]
	Ordinal0 [0x008FC01C+49180]
	Ordinal0 [0x0091ACE7+175335]
	Ordinal0 [0x0091A8ED+174317]
	Ordinal0 [0x00918CDB+167131]
	Ordinal0 [0x0090144A+70730]
	Ordinal0 [0x009024D0+74960]
	Ordinal0 [0x00902469+74857]
	Ordinal0 [0x00A042C7+1131207]
	GetHandleVerifier [0x00B070FD+523789]
	GetHandleVerifier [0x00B06E90+523168]
	GetHandleVerifier [0x00B0E1E7+552695]
	GetHandleVerifier [0x00B078FA+525834]
	Ordinal0 [0x009FB7FC+1095676]
	Ordinal0 [0x00A0633B+1139515]
	Ordinal0 [0x00A064A3+1139875]
	Ordinal0 [0x00A05425+1135653]
	BaseThreadInitThunk [0x76CD6359+25]
	RtlGetAppContainerNamedObjectPath [0x770E7B74+228]
	RtlGetAppContainerNamedObjectPath [0x770E7B44+180]

	at org.openqa.selenium.remote.W3CHandshakeResponse.lambda$errorHandler$0(W3CHandshakeResponse.java:62)
	at org.openqa.selenium.remote.HandshakeResponse.lambda$getResponseFunction$0(HandshakeResponse.java:30)
	at org.openqa.selenium.remote.ProtocolHandshake.lambda$createSession$0(ProtocolHandshake.java:126)
	at java.util.stream.ReferencePipeline$3$1.accept(ReferencePipeline.java:193)
	at java.util.Spliterators$ArraySpliterator.tryAdvance(Spliterators.java:958)
	at java.util.stream.ReferencePipeline.forEachWithCancel(ReferencePipeline.java:126)
	at java.util.stream.AbstractPipeline.copyIntoWithCancel(AbstractPipeline.java:498)
	at java.util.stream.AbstractPipeline.copyInto(AbstractPipeline.java:485)
	at java.util.stream.AbstractPipeline.wrapAndCopyInto(AbstractPipeline.java:471)
	at java.util.stream.FindOps$FindOp.evaluateSequential(FindOps.java:152)
	at java.util.stream.AbstractPipeline.evaluate(AbstractPipeline.java:234)
	at java.util.stream.ReferencePipeline.findFirst(ReferencePipeline.java:464)
	at org.openqa.selenium.remote.ProtocolHandshake.createSession(ProtocolHandshake.java:128)
	at org.openqa.selenium.remote.ProtocolHandshake.createSession(ProtocolHandshake.java:74)
	at org.openqa.selenium.remote.HttpCommandExecutor.execute(HttpCommandExecutor.java:136)
	at org.openqa.selenium.remote.service.DriverCommandExecutor.execute(DriverCommandExecutor.java:83)
	at org.openqa.selenium.remote.RemoteWebDriver.execute(RemoteWebDriver.java:552)
	at org.openqa.selenium.remote.RemoteWebDriver.startSession(RemoteWebDriver.java:213)
	at org.openqa.selenium.remote.RemoteWebDriver.&lt;init&gt;(RemoteWebDriver.java:131)
	at org.openqa.selenium.chrome.ChromeDriver.&lt;init&gt;(ChromeDriver.java:181)
	at org.openqa.selenium.chrome.ChromeDriver.&lt;init&gt;(ChromeDriver.java:168)
	at org.openqa.selenium.chrome.ChromeDriver.&lt;init&gt;(ChromeDriver.java:157)
	at delivery01.soi_66.AgreementCreation_From_Oportunity_MobileVoice_Negative_SFPC.beforeTest(AgreementCreation_From_Oportunity_MobileVoice_Negative_SFPC.java:85)
... Removed 28 stack frames</pre></div><a href='#' onClick='toggleBox("stack-trace190628410", this, "Click to show all stack frames", "Click to hide stack frames")'>Click to show all stack frames</a>
<div class='stack-trace' id='stack-trace190628410'><pre>org.openqa.selenium.WebDriverException: unknown error: cannot create default profile directory
Build info: version: &apos;3.141.59&apos;, revision: &apos;e82be7d358&apos;, time: &apos;2018-11-14T08:17:03&apos;
System info: host: &apos;INNOWAVE-383&apos;, ip: &apos;192.168.100.249&apos;, os.name: &apos;Windows 10&apos;, os.arch: &apos;amd64&apos;, os.version: &apos;10.0&apos;, java.version: &apos;1.8.0_212&apos;
Driver info: driver.version: ChromeDriver
remote stacktrace: Backtrace:
	Ordinal0 [0x00A6A903+1550595]
	Ordinal0 [0x009EA701+1025793]
	Ordinal0 [0x0096C6E5+509669]
	Ordinal0 [0x008FF009+61449]
	Ordinal0 [0x008FC01C+49180]
	Ordinal0 [0x0091ACE7+175335]
	Ordinal0 [0x0091A8ED+174317]
	Ordinal0 [0x00918CDB+167131]
	Ordinal0 [0x0090144A+70730]
	Ordinal0 [0x009024D0+74960]
	Ordinal0 [0x00902469+74857]
	Ordinal0 [0x00A042C7+1131207]
	GetHandleVerifier [0x00B070FD+523789]
	GetHandleVerifier [0x00B06E90+523168]
	GetHandleVerifier [0x00B0E1E7+552695]
	GetHandleVerifier [0x00B078FA+525834]
	Ordinal0 [0x009FB7FC+1095676]
	Ordinal0 [0x00A0633B+1139515]
	Ordinal0 [0x00A064A3+1139875]
	Ordinal0 [0x00A05425+1135653]
	BaseThreadInitThunk [0x76CD6359+25]
	RtlGetAppContainerNamedObjectPath [0x770E7B74+228]
	RtlGetAppContainerNamedObjectPath [0x770E7B44+180]

	at sun.reflect.NativeConstructorAccessorImpl.newInstance0(Native Method)
	at sun.reflect.NativeConstructorAccessorImpl.newInstance(NativeConstructorAccessorImpl.java:62)
	at sun.reflect.DelegatingConstructorAccessorImpl.newInstance(DelegatingConstructorAccessorImpl.java:45)
	at java.lang.reflect.Constructor.newInstance(Constructor.java:423)
	at org.openqa.selenium.remote.W3CHandshakeResponse.lambda$errorHandler$0(W3CHandshakeResponse.java:62)
	at org.openqa.selenium.remote.HandshakeResponse.lambda$getResponseFunction$0(HandshakeResponse.java:30)
	at org.openqa.selenium.remote.ProtocolHandshake.lambda$createSession$0(ProtocolHandshake.java:126)
	at java.util.stream.ReferencePipeline$3$1.accept(ReferencePipeline.java:193)
	at java.util.Spliterators$ArraySpliterator.tryAdvance(Spliterators.java:958)
	at java.util.stream.ReferencePipeline.forEachWithCancel(ReferencePipeline.java:126)
	at java.util.stream.AbstractPipeline.copyIntoWithCancel(AbstractPipeline.java:498)
	at java.util.stream.AbstractPipeline.copyInto(AbstractPipeline.java:485)
	at java.util.stream.AbstractPipeline.wrapAndCopyInto(AbstractPipeline.java:471)
	at java.util.stream.FindOps$FindOp.evaluateSequential(FindOps.java:152)
	at java.util.stream.AbstractPipeline.evaluate(AbstractPipeline.java:234)
	at java.util.stream.ReferencePipeline.findFirst(ReferencePipeline.java:464)
	at org.openqa.selenium.remote.ProtocolHandshake.createSession(ProtocolHandshake.java:128)
	at org.openqa.selenium.remote.ProtocolHandshake.createSession(ProtocolHandshake.java:74)
	at org.openqa.selenium.remote.HttpCommandExecutor.execute(HttpCommandExecutor.java:136)
	at org.openqa.selenium.remote.service.DriverCommandExecutor.execute(DriverCommandExecutor.java:83)
	at org.openqa.selenium.remote.RemoteWebDriver.execute(RemoteWebDriver.java:552)
	at org.openqa.selenium.remote.RemoteWebDriver.startSession(RemoteWebDriver.java:213)
	at org.openqa.selenium.remote.RemoteWebDriver.&lt;init&gt;(RemoteWebDriver.java:131)
	at org.openqa.selenium.chrome.ChromeDriver.&lt;init&gt;(ChromeDriver.java:181)
	at org.openqa.selenium.chrome.ChromeDriver.&lt;init&gt;(ChromeDriver.java:168)
	at org.openqa.selenium.chrome.ChromeDriver.&lt;init&gt;(ChromeDriver.java:157)
	at delivery01.soi_66.AgreementCreation_From_Oportunity_MobileVoice_Negative_SFPC.beforeTest(AgreementCreation_From_Oportunity_MobileVoice_Negative_SFPC.java:85)
	at sun.reflect.NativeMethodAccessorImpl.invoke0(Native Method)
	at sun.reflect.NativeMethodAccessorImpl.invoke(NativeMethodAccessorImpl.java:62)
	at sun.reflect.DelegatingMethodAccessorImpl.invoke(DelegatingMethodAccessorImpl.java:43)
	at java.lang.reflect.Method.invoke(Method.java:498)
	at org.testng.internal.MethodInvocationHelper.invokeMethod(MethodInvocationHelper.java:124)
	at org.testng.internal.MethodInvocationHelper.invokeMethodConsideringTimeout(MethodInvocationHelper.java:59)
	at org.testng.internal.Invoker.invokeConfigurationMethod(Invoker.java:458)
	at org.testng.internal.Invoker.invokeConfigurations(Invoker.java:222)
	at org.testng.internal.Invoker.invokeConfigurations(Invoker.java:142)
	at org.testng.TestRunner.beforeRun(TestRunner.java:529)
	at org.testng.TestRunner.run(TestRunner.java:497)
	at org.testng.SuiteRunner.runTest(SuiteRunner.java:455)
	at org.testng.SuiteRunner.runSequentially(SuiteRunner.java:450)
	at org.testng.SuiteRunner.privateRun(SuiteRunner.java:415)
	at org.testng.SuiteRunner.run(SuiteRunner.java:364)
	at org.testng.SuiteRunnerWorker.runSuite(SuiteRunnerWorker.java:52)
	at org.testng.SuiteRunnerWorker.run(SuiteRunnerWorker.java:84)
	at org.testng.TestNG.runSuitesSequentially(TestNG.java:1208)
	at org.testng.TestNG.runSuitesLocally(TestNG.java:1137)
	at org.testng.TestNG.runSuites(TestNG.java:1049)
	at org.testng.TestNG.run(TestNG.java:1017)
	at org.testng.remote.AbstractRemoteTestNG.run(AbstractRemoteTestNG.java:115)
	at org.testng.remote.RemoteTestNG.initAndRun(RemoteTestNG.java:251)
	at org.testng.remote.RemoteTestNG.main(RemoteTestNG.java:77)
</pre></div></td>
<td>0</td>
<td>delivery01.soi_66.AgreementCreation_From_Oportunity_MobileVoice_Negative_SFPC@73ad2d6</td></tr>
<tr>
<td title='delivery01.soi_66.AgreementCreation_From_Oportunity_MobileVoice_SFPC.step01()'><b>step01</b><br>Test class: delivery01.soi_66.AgreementCreation_From_Oportunity_MobileVoice_SFPC</td>
<td><div><pre>org.openqa.selenium.WebDriverException: unknown error: cannot create default profile directory
Build info: version: &apos;3.141.59&apos;, revision: &apos;e82be7d358&apos;, time: &apos;2018-11-14T08:17:03&apos;
System info: host: &apos;INNOWAVE-383&apos;, ip: &apos;192.168.100.249&apos;, os.name: &apos;Windows 10&apos;, os.arch: &apos;amd64&apos;, os.version: &apos;10.0&apos;, java.version: &apos;1.8.0_212&apos;
Driver info: driver.version: ChromeDriver
remote stacktrace: Backtrace:
	Ordinal0 [0x00A6A903+1550595]
	Ordinal0 [0x009EA701+1025793]
	Ordinal0 [0x0096C6E5+509669]
	Ordinal0 [0x008FF009+61449]
	Ordinal0 [0x008FC01C+49180]
	Ordinal0 [0x0091ACE7+175335]
	Ordinal0 [0x0091A8ED+174317]
	Ordinal0 [0x00918CDB+167131]
	Ordinal0 [0x0090144A+70730]
	Ordinal0 [0x009024D0+74960]
	Ordinal0 [0x00902469+74857]
	Ordinal0 [0x00A042C7+1131207]
	GetHandleVerifier [0x00B070FD+523789]
	GetHandleVerifier [0x00B06E90+523168]
	GetHandleVerifier [0x00B0E1E7+552695]
	GetHandleVerifier [0x00B078FA+525834]
	Ordinal0 [0x009FB7FC+1095676]
	Ordinal0 [0x00A0633B+1139515]
	Ordinal0 [0x00A064A3+1139875]
	Ordinal0 [0x00A05425+1135653]
	BaseThreadInitThunk [0x76CD6359+25]
	RtlGetAppContainerNamedObjectPath [0x770E7B74+228]
	RtlGetAppContainerNamedObjectPath [0x770E7B44+180]

	at org.openqa.selenium.remote.W3CHandshakeResponse.lambda$errorHandler$0(W3CHandshakeResponse.java:62)
	at org.openqa.selenium.remote.HandshakeResponse.lambda$getResponseFunction$0(HandshakeResponse.java:30)
	at org.openqa.selenium.remote.ProtocolHandshake.lambda$createSession$0(ProtocolHandshake.java:126)
	at java.util.stream.ReferencePipeline$3$1.accept(ReferencePipeline.java:193)
	at java.util.Spliterators$ArraySpliterator.tryAdvance(Spliterators.java:958)
	at java.util.stream.ReferencePipeline.forEachWithCancel(ReferencePipeline.java:126)
	at java.util.stream.AbstractPipeline.copyIntoWithCancel(AbstractPipeline.java:498)
	at java.util.stream.AbstractPipeline.copyInto(AbstractPipeline.java:485)
	at java.util.stream.AbstractPipeline.wrapAndCopyInto(AbstractPipeline.java:471)
	at java.util.stream.FindOps$FindOp.evaluateSequential(FindOps.java:152)
	at java.util.stream.AbstractPipeline.evaluate(AbstractPipeline.java:234)
	at java.util.stream.ReferencePipeline.findFirst(ReferencePipeline.java:464)
	at org.openqa.selenium.remote.ProtocolHandshake.createSession(ProtocolHandshake.java:128)
	at org.openqa.selenium.remote.ProtocolHandshake.createSession(ProtocolHandshake.java:74)
	at org.openqa.selenium.remote.HttpCommandExecutor.execute(HttpCommandExecutor.java:136)
	at org.openqa.selenium.remote.service.DriverCommandExecutor.execute(DriverCommandExecutor.java:83)
	at org.openqa.selenium.remote.RemoteWebDriver.execute(RemoteWebDriver.java:552)
	at org.openqa.selenium.remote.RemoteWebDriver.startSession(RemoteWebDriver.java:213)
	at org.openqa.selenium.remote.RemoteWebDriver.&lt;init&gt;(RemoteWebDriver.java:131)
	at org.openqa.selenium.chrome.ChromeDriver.&lt;init&gt;(ChromeDriver.java:181)
	at org.openqa.selenium.chrome.ChromeDriver.&lt;init&gt;(ChromeDriver.java:168)
	at org.openqa.selenium.chrome.ChromeDriver.&lt;init&gt;(ChromeDriver.java:157)
	at delivery01.soi_66.AgreementCreation_From_Oportunity_MobileVoice_Negative_SFPC.beforeTest(AgreementCreation_From_Oportunity_MobileVoice_Negative_SFPC.java:85)
... Removed 28 stack frames</pre></div><a href='#' onClick='toggleBox("stack-trace229919394", this, "Click to show all stack frames", "Click to hide stack frames")'>Click to show all stack frames</a>
<div class='stack-trace' id='stack-trace229919394'><pre>org.openqa.selenium.WebDriverException: unknown error: cannot create default profile directory
Build info: version: &apos;3.141.59&apos;, revision: &apos;e82be7d358&apos;, time: &apos;2018-11-14T08:17:03&apos;
System info: host: &apos;INNOWAVE-383&apos;, ip: &apos;192.168.100.249&apos;, os.name: &apos;Windows 10&apos;, os.arch: &apos;amd64&apos;, os.version: &apos;10.0&apos;, java.version: &apos;1.8.0_212&apos;
Driver info: driver.version: ChromeDriver
remote stacktrace: Backtrace:
	Ordinal0 [0x00A6A903+1550595]
	Ordinal0 [0x009EA701+1025793]
	Ordinal0 [0x0096C6E5+509669]
	Ordinal0 [0x008FF009+61449]
	Ordinal0 [0x008FC01C+49180]
	Ordinal0 [0x0091ACE7+175335]
	Ordinal0 [0x0091A8ED+174317]
	Ordinal0 [0x00918CDB+167131]
	Ordinal0 [0x0090144A+70730]
	Ordinal0 [0x009024D0+74960]
	Ordinal0 [0x00902469+74857]
	Ordinal0 [0x00A042C7+1131207]
	GetHandleVerifier [0x00B070FD+523789]
	GetHandleVerifier [0x00B06E90+523168]
	GetHandleVerifier [0x00B0E1E7+552695]
	GetHandleVerifier [0x00B078FA+525834]
	Ordinal0 [0x009FB7FC+1095676]
	Ordinal0 [0x00A0633B+1139515]
	Ordinal0 [0x00A064A3+1139875]
	Ordinal0 [0x00A05425+1135653]
	BaseThreadInitThunk [0x76CD6359+25]
	RtlGetAppContainerNamedObjectPath [0x770E7B74+228]
	RtlGetAppContainerNamedObjectPath [0x770E7B44+180]

	at sun.reflect.NativeConstructorAccessorImpl.newInstance0(Native Method)
	at sun.reflect.NativeConstructorAccessorImpl.newInstance(NativeConstructorAccessorImpl.java:62)
	at sun.reflect.DelegatingConstructorAccessorImpl.newInstance(DelegatingConstructorAccessorImpl.java:45)
	at java.lang.reflect.Constructor.newInstance(Constructor.java:423)
	at org.openqa.selenium.remote.W3CHandshakeResponse.lambda$errorHandler$0(W3CHandshakeResponse.java:62)
	at org.openqa.selenium.remote.HandshakeResponse.lambda$getResponseFunction$0(HandshakeResponse.java:30)
	at org.openqa.selenium.remote.ProtocolHandshake.lambda$createSession$0(ProtocolHandshake.java:126)
	at java.util.stream.ReferencePipeline$3$1.accept(ReferencePipeline.java:193)
	at java.util.Spliterators$ArraySpliterator.tryAdvance(Spliterators.java:958)
	at java.util.stream.ReferencePipeline.forEachWithCancel(ReferencePipeline.java:126)
	at java.util.stream.AbstractPipeline.copyIntoWithCancel(AbstractPipeline.java:498)
	at java.util.stream.AbstractPipeline.copyInto(AbstractPipeline.java:485)
	at java.util.stream.AbstractPipeline.wrapAndCopyInto(AbstractPipeline.java:471)
	at java.util.stream.FindOps$FindOp.evaluateSequential(FindOps.java:152)
	at java.util.stream.AbstractPipeline.evaluate(AbstractPipeline.java:234)
	at java.util.stream.ReferencePipeline.findFirst(ReferencePipeline.java:464)
	at org.openqa.selenium.remote.ProtocolHandshake.createSession(ProtocolHandshake.java:128)
	at org.openqa.selenium.remote.ProtocolHandshake.createSession(ProtocolHandshake.java:74)
	at org.openqa.selenium.remote.HttpCommandExecutor.execute(HttpCommandExecutor.java:136)
	at org.openqa.selenium.remote.service.DriverCommandExecutor.execute(DriverCommandExecutor.java:83)
	at org.openqa.selenium.remote.RemoteWebDriver.execute(RemoteWebDriver.java:552)
	at org.openqa.selenium.remote.RemoteWebDriver.startSession(RemoteWebDriver.java:213)
	at org.openqa.selenium.remote.RemoteWebDriver.&lt;init&gt;(RemoteWebDriver.java:131)
	at org.openqa.selenium.chrome.ChromeDriver.&lt;init&gt;(ChromeDriver.java:181)
	at org.openqa.selenium.chrome.ChromeDriver.&lt;init&gt;(ChromeDriver.java:168)
	at org.openqa.selenium.chrome.ChromeDriver.&lt;init&gt;(ChromeDriver.java:157)
	at delivery01.soi_66.AgreementCreation_From_Oportunity_MobileVoice_Negative_SFPC.beforeTest(AgreementCreation_From_Oportunity_MobileVoice_Negative_SFPC.java:85)
	at sun.reflect.NativeMethodAccessorImpl.invoke0(Native Method)
	at sun.reflect.NativeMethodAccessorImpl.invoke(NativeMethodAccessorImpl.java:62)
	at sun.reflect.DelegatingMethodAccessorImpl.invoke(DelegatingMethodAccessorImpl.java:43)
	at java.lang.reflect.Method.invoke(Method.java:498)
	at org.testng.internal.MethodInvocationHelper.invokeMethod(MethodInvocationHelper.java:124)
	at org.testng.internal.MethodInvocationHelper.invokeMethodConsideringTimeout(MethodInvocationHelper.java:59)
	at org.testng.internal.Invoker.invokeConfigurationMethod(Invoker.java:458)
	at org.testng.internal.Invoker.invokeConfigurations(Invoker.java:222)
	at org.testng.internal.Invoker.invokeConfigurations(Invoker.java:142)
	at org.testng.TestRunner.beforeRun(TestRunner.java:529)
	at org.testng.TestRunner.run(TestRunner.java:497)
	at org.testng.SuiteRunner.runTest(SuiteRunner.java:455)
	at org.testng.SuiteRunner.runSequentially(SuiteRunner.java:450)
	at org.testng.SuiteRunner.privateRun(SuiteRunner.java:415)
	at org.testng.SuiteRunner.run(SuiteRunner.java:364)
	at org.testng.SuiteRunnerWorker.runSuite(SuiteRunnerWorker.java:52)
	at org.testng.SuiteRunnerWorker.run(SuiteRunnerWorker.java:84)
	at org.testng.TestNG.runSuitesSequentially(TestNG.java:1208)
	at org.testng.TestNG.runSuitesLocally(TestNG.java:1137)
	at org.testng.TestNG.runSuites(TestNG.java:1049)
	at org.testng.TestNG.run(TestNG.java:1017)
	at org.testng.remote.AbstractRemoteTestNG.run(AbstractRemoteTestNG.java:115)
	at org.testng.remote.RemoteTestNG.initAndRun(RemoteTestNG.java:251)
	at org.testng.remote.RemoteTestNG.main(RemoteTestNG.java:77)
</pre></div></td>
<td>0</td>
<td>delivery01.soi_66.AgreementCreation_From_Oportunity_MobileVoice_SFPC@7085bdee</td></tr>
<tr>
<td title='delivery01.soi_66.AgreementCreation_From_Opportunity_MobileVoice_EditAgreement_SFPC.step01()'><b>step01</b><br>Test class: delivery01.soi_66.AgreementCreation_From_Opportunity_MobileVoice_EditAgreement_SFPC</td>
<td><div><pre>org.openqa.selenium.WebDriverException: unknown error: cannot create default profile directory
Build info: version: &apos;3.141.59&apos;, revision: &apos;e82be7d358&apos;, time: &apos;2018-11-14T08:17:03&apos;
System info: host: &apos;INNOWAVE-383&apos;, ip: &apos;192.168.100.249&apos;, os.name: &apos;Windows 10&apos;, os.arch: &apos;amd64&apos;, os.version: &apos;10.0&apos;, java.version: &apos;1.8.0_212&apos;
Driver info: driver.version: ChromeDriver
remote stacktrace: Backtrace:
	Ordinal0 [0x00A6A903+1550595]
	Ordinal0 [0x009EA701+1025793]
	Ordinal0 [0x0096C6E5+509669]
	Ordinal0 [0x008FF009+61449]
	Ordinal0 [0x008FC01C+49180]
	Ordinal0 [0x0091ACE7+175335]
	Ordinal0 [0x0091A8ED+174317]
	Ordinal0 [0x00918CDB+167131]
	Ordinal0 [0x0090144A+70730]
	Ordinal0 [0x009024D0+74960]
	Ordinal0 [0x00902469+74857]
	Ordinal0 [0x00A042C7+1131207]
	GetHandleVerifier [0x00B070FD+523789]
	GetHandleVerifier [0x00B06E90+523168]
	GetHandleVerifier [0x00B0E1E7+552695]
	GetHandleVerifier [0x00B078FA+525834]
	Ordinal0 [0x009FB7FC+1095676]
	Ordinal0 [0x00A0633B+1139515]
	Ordinal0 [0x00A064A3+1139875]
	Ordinal0 [0x00A05425+1135653]
	BaseThreadInitThunk [0x76CD6359+25]
	RtlGetAppContainerNamedObjectPath [0x770E7B74+228]
	RtlGetAppContainerNamedObjectPath [0x770E7B44+180]

	at org.openqa.selenium.remote.W3CHandshakeResponse.lambda$errorHandler$0(W3CHandshakeResponse.java:62)
	at org.openqa.selenium.remote.HandshakeResponse.lambda$getResponseFunction$0(HandshakeResponse.java:30)
	at org.openqa.selenium.remote.ProtocolHandshake.lambda$createSession$0(ProtocolHandshake.java:126)
	at java.util.stream.ReferencePipeline$3$1.accept(ReferencePipeline.java:193)
	at java.util.Spliterators$ArraySpliterator.tryAdvance(Spliterators.java:958)
	at java.util.stream.ReferencePipeline.forEachWithCancel(ReferencePipeline.java:126)
	at java.util.stream.AbstractPipeline.copyIntoWithCancel(AbstractPipeline.java:498)
	at java.util.stream.AbstractPipeline.copyInto(AbstractPipeline.java:485)
	at java.util.stream.AbstractPipeline.wrapAndCopyInto(AbstractPipeline.java:471)
	at java.util.stream.FindOps$FindOp.evaluateSequential(FindOps.java:152)
	at java.util.stream.AbstractPipeline.evaluate(AbstractPipeline.java:234)
	at java.util.stream.ReferencePipeline.findFirst(ReferencePipeline.java:464)
	at org.openqa.selenium.remote.ProtocolHandshake.createSession(ProtocolHandshake.java:128)
	at org.openqa.selenium.remote.ProtocolHandshake.createSession(ProtocolHandshake.java:74)
	at org.openqa.selenium.remote.HttpCommandExecutor.execute(HttpCommandExecutor.java:136)
	at org.openqa.selenium.remote.service.DriverCommandExecutor.execute(DriverCommandExecutor.java:83)
	at org.openqa.selenium.remote.RemoteWebDriver.execute(RemoteWebDriver.java:552)
	at org.openqa.selenium.remote.RemoteWebDriver.startSession(RemoteWebDriver.java:213)
	at org.openqa.selenium.remote.RemoteWebDriver.&lt;init&gt;(RemoteWebDriver.java:131)
	at org.openqa.selenium.chrome.ChromeDriver.&lt;init&gt;(ChromeDriver.java:181)
	at org.openqa.selenium.chrome.ChromeDriver.&lt;init&gt;(ChromeDriver.java:168)
	at org.openqa.selenium.chrome.ChromeDriver.&lt;init&gt;(ChromeDriver.java:157)
	at delivery01.soi_66.AgreementCreation_From_Oportunity_MobileVoice_Negative_SFPC.beforeTest(AgreementCreation_From_Oportunity_MobileVoice_Negative_SFPC.java:85)
... Removed 28 stack frames</pre></div><a href='#' onClick='toggleBox("stack-trace32393008", this, "Click to show all stack frames", "Click to hide stack frames")'>Click to show all stack frames</a>
<div class='stack-trace' id='stack-trace32393008'><pre>org.openqa.selenium.WebDriverException: unknown error: cannot create default profile directory
Build info: version: &apos;3.141.59&apos;, revision: &apos;e82be7d358&apos;, time: &apos;2018-11-14T08:17:03&apos;
System info: host: &apos;INNOWAVE-383&apos;, ip: &apos;192.168.100.249&apos;, os.name: &apos;Windows 10&apos;, os.arch: &apos;amd64&apos;, os.version: &apos;10.0&apos;, java.version: &apos;1.8.0_212&apos;
Driver info: driver.version: ChromeDriver
remote stacktrace: Backtrace:
	Ordinal0 [0x00A6A903+1550595]
	Ordinal0 [0x009EA701+1025793]
	Ordinal0 [0x0096C6E5+509669]
	Ordinal0 [0x008FF009+61449]
	Ordinal0 [0x008FC01C+49180]
	Ordinal0 [0x0091ACE7+175335]
	Ordinal0 [0x0091A8ED+174317]
	Ordinal0 [0x00918CDB+167131]
	Ordinal0 [0x0090144A+70730]
	Ordinal0 [0x009024D0+74960]
	Ordinal0 [0x00902469+74857]
	Ordinal0 [0x00A042C7+1131207]
	GetHandleVerifier [0x00B070FD+523789]
	GetHandleVerifier [0x00B06E90+523168]
	GetHandleVerifier [0x00B0E1E7+552695]
	GetHandleVerifier [0x00B078FA+525834]
	Ordinal0 [0x009FB7FC+1095676]
	Ordinal0 [0x00A0633B+1139515]
	Ordinal0 [0x00A064A3+1139875]
	Ordinal0 [0x00A05425+1135653]
	BaseThreadInitThunk [0x76CD6359+25]
	RtlGetAppContainerNamedObjectPath [0x770E7B74+228]
	RtlGetAppContainerNamedObjectPath [0x770E7B44+180]

	at sun.reflect.NativeConstructorAccessorImpl.newInstance0(Native Method)
	at sun.reflect.NativeConstructorAccessorImpl.newInstance(NativeConstructorAccessorImpl.java:62)
	at sun.reflect.DelegatingConstructorAccessorImpl.newInstance(DelegatingConstructorAccessorImpl.java:45)
	at java.lang.reflect.Constructor.newInstance(Constructor.java:423)
	at org.openqa.selenium.remote.W3CHandshakeResponse.lambda$errorHandler$0(W3CHandshakeResponse.java:62)
	at org.openqa.selenium.remote.HandshakeResponse.lambda$getResponseFunction$0(HandshakeResponse.java:30)
	at org.openqa.selenium.remote.ProtocolHandshake.lambda$createSession$0(ProtocolHandshake.java:126)
	at java.util.stream.ReferencePipeline$3$1.accept(ReferencePipeline.java:193)
	at java.util.Spliterators$ArraySpliterator.tryAdvance(Spliterators.java:958)
	at java.util.stream.ReferencePipeline.forEachWithCancel(ReferencePipeline.java:126)
	at java.util.stream.AbstractPipeline.copyIntoWithCancel(AbstractPipeline.java:498)
	at java.util.stream.AbstractPipeline.copyInto(AbstractPipeline.java:485)
	at java.util.stream.AbstractPipeline.wrapAndCopyInto(AbstractPipeline.java:471)
	at java.util.stream.FindOps$FindOp.evaluateSequential(FindOps.java:152)
	at java.util.stream.AbstractPipeline.evaluate(AbstractPipeline.java:234)
	at java.util.stream.ReferencePipeline.findFirst(ReferencePipeline.java:464)
	at org.openqa.selenium.remote.ProtocolHandshake.createSession(ProtocolHandshake.java:128)
	at org.openqa.selenium.remote.ProtocolHandshake.createSession(ProtocolHandshake.java:74)
	at org.openqa.selenium.remote.HttpCommandExecutor.execute(HttpCommandExecutor.java:136)
	at org.openqa.selenium.remote.service.DriverCommandExecutor.execute(DriverCommandExecutor.java:83)
	at org.openqa.selenium.remote.RemoteWebDriver.execute(RemoteWebDriver.java:552)
	at org.openqa.selenium.remote.RemoteWebDriver.startSession(RemoteWebDriver.java:213)
	at org.openqa.selenium.remote.RemoteWebDriver.&lt;init&gt;(RemoteWebDriver.java:131)
	at org.openqa.selenium.chrome.ChromeDriver.&lt;init&gt;(ChromeDriver.java:181)
	at org.openqa.selenium.chrome.ChromeDriver.&lt;init&gt;(ChromeDriver.java:168)
	at org.openqa.selenium.chrome.ChromeDriver.&lt;init&gt;(ChromeDriver.java:157)
	at delivery01.soi_66.AgreementCreation_From_Oportunity_MobileVoice_Negative_SFPC.beforeTest(AgreementCreation_From_Oportunity_MobileVoice_Negative_SFPC.java:85)
	at sun.reflect.NativeMethodAccessorImpl.invoke0(Native Method)
	at sun.reflect.NativeMethodAccessorImpl.invoke(NativeMethodAccessorImpl.java:62)
	at sun.reflect.DelegatingMethodAccessorImpl.invoke(DelegatingMethodAccessorImpl.java:43)
	at java.lang.reflect.Method.invoke(Method.java:498)
	at org.testng.internal.MethodInvocationHelper.invokeMethod(MethodInvocationHelper.java:124)
	at org.testng.internal.MethodInvocationHelper.invokeMethodConsideringTimeout(MethodInvocationHelper.java:59)
	at org.testng.internal.Invoker.invokeConfigurationMethod(Invoker.java:458)
	at org.testng.internal.Invoker.invokeConfigurations(Invoker.java:222)
	at org.testng.internal.Invoker.invokeConfigurations(Invoker.java:142)
	at org.testng.TestRunner.beforeRun(TestRunner.java:529)
	at org.testng.TestRunner.run(TestRunner.java:497)
	at org.testng.SuiteRunner.runTest(SuiteRunner.java:455)
	at org.testng.SuiteRunner.runSequentially(SuiteRunner.java:450)
	at org.testng.SuiteRunner.privateRun(SuiteRunner.java:415)
	at org.testng.SuiteRunner.run(SuiteRunner.java:364)
	at org.testng.SuiteRunnerWorker.runSuite(SuiteRunnerWorker.java:52)
	at org.testng.SuiteRunnerWorker.run(SuiteRunnerWorker.java:84)
	at org.testng.TestNG.runSuitesSequentially(TestNG.java:1208)
	at org.testng.TestNG.runSuitesLocally(TestNG.java:1137)
	at org.testng.TestNG.runSuites(TestNG.java:1049)
	at org.testng.TestNG.run(TestNG.java:1017)
	at org.testng.remote.AbstractRemoteTestNG.run(AbstractRemoteTestNG.java:115)
	at org.testng.remote.RemoteTestNG.initAndRun(RemoteTestNG.java:251)
	at org.testng.remote.RemoteTestNG.main(RemoteTestNG.java:77)
</pre></div></td>
<td>0</td>
<td>delivery01.soi_66.AgreementCreation_From_Opportunity_MobileVoice_EditAgreement_SFPC@1ce92674</td></tr>
<tr>
<td title='delivery01.soi_66.AgreementCreation_From_Oportunity_MobileVoice_Negative_SFPC.step02()'><b>step02</b><br>Test class: delivery01.soi_66.AgreementCreation_From_Oportunity_MobileVoice_Negative_SFPC</td>
<td><div><pre>java.lang.Throwable: Method AgreementCreation_From_Oportunity_MobileVoice_Negative_SFPC.step02()[pri:0, instance:delivery01.soi_66.AgreementCreation_From_Oportunity_MobileVoice_Negative_SFPC@73ad2d6] depends on not successfully finished methods
... Removed 18 stack frames</pre></div><a href='#' onClick='toggleBox("stack-trace1642973315", this, "Click to show all stack frames", "Click to hide stack frames")'>Click to show all stack frames</a>
<div class='stack-trace' id='stack-trace1642973315'><pre>java.lang.Throwable: Method AgreementCreation_From_Oportunity_MobileVoice_Negative_SFPC.step02()[pri:0, instance:delivery01.soi_66.AgreementCreation_From_Oportunity_MobileVoice_Negative_SFPC@73ad2d6] depends on not successfully finished methods
	at org.testng.internal.Invoker.invokeTestMethods(Invoker.java:888)
	at org.testng.internal.TestMethodWorker.invokeTestMethods(TestMethodWorker.java:125)
	at org.testng.internal.TestMethodWorker.run(TestMethodWorker.java:109)
	at org.testng.TestRunner.privateRun(TestRunner.java:648)
	at org.testng.TestRunner.run(TestRunner.java:505)
	at org.testng.SuiteRunner.runTest(SuiteRunner.java:455)
	at org.testng.SuiteRunner.runSequentially(SuiteRunner.java:450)
	at org.testng.SuiteRunner.privateRun(SuiteRunner.java:415)
	at org.testng.SuiteRunner.run(SuiteRunner.java:364)
	at org.testng.SuiteRunnerWorker.runSuite(SuiteRunnerWorker.java:52)
	at org.testng.SuiteRunnerWorker.run(SuiteRunnerWorker.java:84)
	at org.testng.TestNG.runSuitesSequentially(TestNG.java:1208)
	at org.testng.TestNG.runSuitesLocally(TestNG.java:1137)
	at org.testng.TestNG.runSuites(TestNG.java:1049)
	at org.testng.TestNG.run(TestNG.java:1017)
	at org.testng.remote.AbstractRemoteTestNG.run(AbstractRemoteTestNG.java:115)
	at org.testng.remote.RemoteTestNG.initAndRun(RemoteTestNG.java:251)
	at org.testng.remote.RemoteTestNG.main(RemoteTestNG.java:77)
</pre></div></td>
<td>0</td>
<td>null</td></tr>
<tr>
<td title='delivery01.soi_66.AgreementCreation_From_Oportunity_MobileVoice_SFPC.step02()'><b>step02</b><br>Test class: delivery01.soi_66.AgreementCreation_From_Oportunity_MobileVoice_SFPC</td>
<td><div><pre>java.lang.Throwable: Method AgreementCreation_From_Oportunity_MobileVoice_SFPC.step02()[pri:0, instance:delivery01.soi_66.AgreementCreation_From_Oportunity_MobileVoice_SFPC@7085bdee] depends on not successfully finished methods
... Removed 18 stack frames</pre></div><a href='#' onClick='toggleBox("stack-trace1057569470", this, "Click to show all stack frames", "Click to hide stack frames")'>Click to show all stack frames</a>
<div class='stack-trace' id='stack-trace1057569470'><pre>java.lang.Throwable: Method AgreementCreation_From_Oportunity_MobileVoice_SFPC.step02()[pri:0, instance:delivery01.soi_66.AgreementCreation_From_Oportunity_MobileVoice_SFPC@7085bdee] depends on not successfully finished methods
	at org.testng.internal.Invoker.invokeTestMethods(Invoker.java:888)
	at org.testng.internal.TestMethodWorker.invokeTestMethods(TestMethodWorker.java:125)
	at org.testng.internal.TestMethodWorker.run(TestMethodWorker.java:109)
	at org.testng.TestRunner.privateRun(TestRunner.java:648)
	at org.testng.TestRunner.run(TestRunner.java:505)
	at org.testng.SuiteRunner.runTest(SuiteRunner.java:455)
	at org.testng.SuiteRunner.runSequentially(SuiteRunner.java:450)
	at org.testng.SuiteRunner.privateRun(SuiteRunner.java:415)
	at org.testng.SuiteRunner.run(SuiteRunner.java:364)
	at org.testng.SuiteRunnerWorker.runSuite(SuiteRunnerWorker.java:52)
	at org.testng.SuiteRunnerWorker.run(SuiteRunnerWorker.java:84)
	at org.testng.TestNG.runSuitesSequentially(TestNG.java:1208)
	at org.testng.TestNG.runSuitesLocally(TestNG.java:1137)
	at org.testng.TestNG.runSuites(TestNG.java:1049)
	at org.testng.TestNG.run(TestNG.java:1017)
	at org.testng.remote.AbstractRemoteTestNG.run(AbstractRemoteTestNG.java:115)
	at org.testng.remote.RemoteTestNG.initAndRun(RemoteTestNG.java:251)
	at org.testng.remote.RemoteTestNG.main(RemoteTestNG.java:77)
</pre></div></td>
<td>0</td>
<td>null</td></tr>
<tr>
<td title='delivery01.soi_66.AgreementCreation_From_Opportunity_MobileVoice_EditAgreement_SFPC.step02()'><b>step02</b><br>Test class: delivery01.soi_66.AgreementCreation_From_Opportunity_MobileVoice_EditAgreement_SFPC</td>
<td><div><pre>java.lang.Throwable: Method AgreementCreation_From_Opportunity_MobileVoice_EditAgreement_SFPC.step02()[pri:0, instance:delivery01.soi_66.AgreementCreation_From_Opportunity_MobileVoice_EditAgreement_SFPC@1ce92674] depends on not successfully finished methods
... Removed 18 stack frames</pre></div><a href='#' onClick='toggleBox("stack-trace1342374939", this, "Click to show all stack frames", "Click to hide stack frames")'>Click to show all stack frames</a>
<div class='stack-trace' id='stack-trace1342374939'><pre>java.lang.Throwable: Method AgreementCreation_From_Opportunity_MobileVoice_EditAgreement_SFPC.step02()[pri:0, instance:delivery01.soi_66.AgreementCreation_From_Opportunity_MobileVoice_EditAgreement_SFPC@1ce92674] depends on not successfully finished methods
	at org.testng.internal.Invoker.invokeTestMethods(Invoker.java:888)
	at org.testng.internal.TestMethodWorker.invokeTestMethods(TestMethodWorker.java:125)
	at org.testng.internal.TestMethodWorker.run(TestMethodWorker.java:109)
	at org.testng.TestRunner.privateRun(TestRunner.java:648)
	at org.testng.TestRunner.run(TestRunner.java:505)
	at org.testng.SuiteRunner.runTest(SuiteRunner.java:455)
	at org.testng.SuiteRunner.runSequentially(SuiteRunner.java:450)
	at org.testng.SuiteRunner.privateRun(SuiteRunner.java:415)
	at org.testng.SuiteRunner.run(SuiteRunner.java:364)
	at org.testng.SuiteRunnerWorker.runSuite(SuiteRunnerWorker.java:52)
	at org.testng.SuiteRunnerWorker.run(SuiteRunnerWorker.java:84)
	at org.testng.TestNG.runSuitesSequentially(TestNG.java:1208)
	at org.testng.TestNG.runSuitesLocally(TestNG.java:1137)
	at org.testng.TestNG.runSuites(TestNG.java:1049)
	at org.testng.TestNG.run(TestNG.java:1017)
	at org.testng.remote.AbstractRemoteTestNG.run(AbstractRemoteTestNG.java:115)
	at org.testng.remote.RemoteTestNG.initAndRun(RemoteTestNG.java:251)
	at org.testng.remote.RemoteTestNG.main(RemoteTestNG.java:77)
</pre></div></td>
<td>0</td>
<td>null</td></tr>
<tr>
<td title='delivery01.soi_66.AgreementCreation_From_Oportunity_MobileVoice_Negative_SFPC.step03()'><b>step03</b><br>Test class: delivery01.soi_66.AgreementCreation_From_Oportunity_MobileVoice_Negative_SFPC</td>
<td><div><pre>java.lang.Throwable: Method AgreementCreation_From_Oportunity_MobileVoice_Negative_SFPC.step03()[pri:0, instance:delivery01.soi_66.AgreementCreation_From_Oportunity_MobileVoice_Negative_SFPC@73ad2d6] depends on not successfully finished methods
... Removed 18 stack frames</pre></div><a href='#' onClick='toggleBox("stack-trace405741210", this, "Click to show all stack frames", "Click to hide stack frames")'>Click to show all stack frames</a>
<div class='stack-trace' id='stack-trace405741210'><pre>java.lang.Throwable: Method AgreementCreation_From_Oportunity_MobileVoice_Negative_SFPC.step03()[pri:0, instance:delivery01.soi_66.AgreementCreation_From_Oportunity_MobileVoice_Negative_SFPC@73ad2d6] depends on not successfully finished methods
	at org.testng.internal.Invoker.invokeTestMethods(Invoker.java:888)
	at org.testng.internal.TestMethodWorker.invokeTestMethods(TestMethodWorker.java:125)
	at org.testng.internal.TestMethodWorker.run(TestMethodWorker.java:109)
	at org.testng.TestRunner.privateRun(TestRunner.java:648)
	at org.testng.TestRunner.run(TestRunner.java:505)
	at org.testng.SuiteRunner.runTest(SuiteRunner.java:455)
	at org.testng.SuiteRunner.runSequentially(SuiteRunner.java:450)
	at org.testng.SuiteRunner.privateRun(SuiteRunner.java:415)
	at org.testng.SuiteRunner.run(SuiteRunner.java:364)
	at org.testng.SuiteRunnerWorker.runSuite(SuiteRunnerWorker.java:52)
	at org.testng.SuiteRunnerWorker.run(SuiteRunnerWorker.java:84)
	at org.testng.TestNG.runSuitesSequentially(TestNG.java:1208)
	at org.testng.TestNG.runSuitesLocally(TestNG.java:1137)
	at org.testng.TestNG.runSuites(TestNG.java:1049)
	at org.testng.TestNG.run(TestNG.java:1017)
	at org.testng.remote.AbstractRemoteTestNG.run(AbstractRemoteTestNG.java:115)
	at org.testng.remote.RemoteTestNG.initAndRun(RemoteTestNG.java:251)
	at org.testng.remote.RemoteTestNG.main(RemoteTestNG.java:77)
</pre></div></td>
<td>0</td>
<td>null</td></tr>
<tr>
<td title='delivery01.soi_66.AgreementCreation_From_Oportunity_MobileVoice_SFPC.step03()'><b>step03</b><br>Test class: delivery01.soi_66.AgreementCreation_From_Oportunity_MobileVoice_SFPC</td>
<td><div><pre>java.lang.Throwable: Method AgreementCreation_From_Oportunity_MobileVoice_SFPC.step03()[pri:0, instance:delivery01.soi_66.AgreementCreation_From_Oportunity_MobileVoice_SFPC@7085bdee] depends on not successfully finished methods
... Removed 18 stack frames</pre></div><a href='#' onClick='toggleBox("stack-trace1324262781", this, "Click to show all stack frames", "Click to hide stack frames")'>Click to show all stack frames</a>
<div class='stack-trace' id='stack-trace1324262781'><pre>java.lang.Throwable: Method AgreementCreation_From_Oportunity_MobileVoice_SFPC.step03()[pri:0, instance:delivery01.soi_66.AgreementCreation_From_Oportunity_MobileVoice_SFPC@7085bdee] depends on not successfully finished methods
	at org.testng.internal.Invoker.invokeTestMethods(Invoker.java:888)
	at org.testng.internal.TestMethodWorker.invokeTestMethods(TestMethodWorker.java:125)
	at org.testng.internal.TestMethodWorker.run(TestMethodWorker.java:109)
	at org.testng.TestRunner.privateRun(TestRunner.java:648)
	at org.testng.TestRunner.run(TestRunner.java:505)
	at org.testng.SuiteRunner.runTest(SuiteRunner.java:455)
	at org.testng.SuiteRunner.runSequentially(SuiteRunner.java:450)
	at org.testng.SuiteRunner.privateRun(SuiteRunner.java:415)
	at org.testng.SuiteRunner.run(SuiteRunner.java:364)
	at org.testng.SuiteRunnerWorker.runSuite(SuiteRunnerWorker.java:52)
	at org.testng.SuiteRunnerWorker.run(SuiteRunnerWorker.java:84)
	at org.testng.TestNG.runSuitesSequentially(TestNG.java:1208)
	at org.testng.TestNG.runSuitesLocally(TestNG.java:1137)
	at org.testng.TestNG.runSuites(TestNG.java:1049)
	at org.testng.TestNG.run(TestNG.java:1017)
	at org.testng.remote.AbstractRemoteTestNG.run(AbstractRemoteTestNG.java:115)
	at org.testng.remote.RemoteTestNG.initAndRun(RemoteTestNG.java:251)
	at org.testng.remote.RemoteTestNG.main(RemoteTestNG.java:77)
</pre></div></td>
<td>0</td>
<td>null</td></tr>
<tr>
<td title='delivery01.soi_66.AgreementCreation_From_Opportunity_MobileVoice_EditAgreement_SFPC.step03()'><b>step03</b><br>Test class: delivery01.soi_66.AgreementCreation_From_Opportunity_MobileVoice_EditAgreement_SFPC</td>
<td><div><pre>java.lang.Throwable: Method AgreementCreation_From_Opportunity_MobileVoice_EditAgreement_SFPC.step03()[pri:0, instance:delivery01.soi_66.AgreementCreation_From_Opportunity_MobileVoice_EditAgreement_SFPC@1ce92674] depends on not successfully finished methods
... Removed 18 stack frames</pre></div><a href='#' onClick='toggleBox("stack-trace24097622", this, "Click to show all stack frames", "Click to hide stack frames")'>Click to show all stack frames</a>
<div class='stack-trace' id='stack-trace24097622'><pre>java.lang.Throwable: Method AgreementCreation_From_Opportunity_MobileVoice_EditAgreement_SFPC.step03()[pri:0, instance:delivery01.soi_66.AgreementCreation_From_Opportunity_MobileVoice_EditAgreement_SFPC@1ce92674] depends on not successfully finished methods
	at org.testng.internal.Invoker.invokeTestMethods(Invoker.java:888)
	at org.testng.internal.TestMethodWorker.invokeTestMethods(TestMethodWorker.java:125)
	at org.testng.internal.TestMethodWorker.run(TestMethodWorker.java:109)
	at org.testng.TestRunner.privateRun(TestRunner.java:648)
	at org.testng.TestRunner.run(TestRunner.java:505)
	at org.testng.SuiteRunner.runTest(SuiteRunner.java:455)
	at org.testng.SuiteRunner.runSequentially(SuiteRunner.java:450)
	at org.testng.SuiteRunner.privateRun(SuiteRunner.java:415)
	at org.testng.SuiteRunner.run(SuiteRunner.java:364)
	at org.testng.SuiteRunnerWorker.runSuite(SuiteRunnerWorker.java:52)
	at org.testng.SuiteRunnerWorker.run(SuiteRunnerWorker.java:84)
	at org.testng.TestNG.runSuitesSequentially(TestNG.java:1208)
	at org.testng.TestNG.runSuitesLocally(TestNG.java:1137)
	at org.testng.TestNG.runSuites(TestNG.java:1049)
	at org.testng.TestNG.run(TestNG.java:1017)
	at org.testng.remote.AbstractRemoteTestNG.run(AbstractRemoteTestNG.java:115)
	at org.testng.remote.RemoteTestNG.initAndRun(RemoteTestNG.java:251)
	at org.testng.remote.RemoteTestNG.main(RemoteTestNG.java:77)
</pre></div></td>
<td>0</td>
<td>null</td></tr>
<tr>
<td title='delivery01.soi_66.AgreementCreation_From_Oportunity_MobileVoice_Negative_SFPC.step04()'><b>step04</b><br>Test class: delivery01.soi_66.AgreementCreation_From_Oportunity_MobileVoice_Negative_SFPC</td>
<td><div><pre>java.lang.Throwable: Method AgreementCreation_From_Oportunity_MobileVoice_Negative_SFPC.step04()[pri:0, instance:delivery01.soi_66.AgreementCreation_From_Oportunity_MobileVoice_Negative_SFPC@73ad2d6] depends on not successfully finished methods
... Removed 18 stack frames</pre></div><a href='#' onClick='toggleBox("stack-trace1712230656", this, "Click to show all stack frames", "Click to hide stack frames")'>Click to show all stack frames</a>
<div class='stack-trace' id='stack-trace1712230656'><pre>java.lang.Throwable: Method AgreementCreation_From_Oportunity_MobileVoice_Negative_SFPC.step04()[pri:0, instance:delivery01.soi_66.AgreementCreation_From_Oportunity_MobileVoice_Negative_SFPC@73ad2d6] depends on not successfully finished methods
	at org.testng.internal.Invoker.invokeTestMethods(Invoker.java:888)
	at org.testng.internal.TestMethodWorker.invokeTestMethods(TestMethodWorker.java:125)
	at org.testng.internal.TestMethodWorker.run(TestMethodWorker.java:109)
	at org.testng.TestRunner.privateRun(TestRunner.java:648)
	at org.testng.TestRunner.run(TestRunner.java:505)
	at org.testng.SuiteRunner.runTest(SuiteRunner.java:455)
	at org.testng.SuiteRunner.runSequentially(SuiteRunner.java:450)
	at org.testng.SuiteRunner.privateRun(SuiteRunner.java:415)
	at org.testng.SuiteRunner.run(SuiteRunner.java:364)
	at org.testng.SuiteRunnerWorker.runSuite(SuiteRunnerWorker.java:52)
	at org.testng.SuiteRunnerWorker.run(SuiteRunnerWorker.java:84)
	at org.testng.TestNG.runSuitesSequentially(TestNG.java:1208)
	at org.testng.TestNG.runSuitesLocally(TestNG.java:1137)
	at org.testng.TestNG.runSuites(TestNG.java:1049)
	at org.testng.TestNG.run(TestNG.java:1017)
	at org.testng.remote.AbstractRemoteTestNG.run(AbstractRemoteTestNG.java:115)
	at org.testng.remote.RemoteTestNG.initAndRun(RemoteTestNG.java:251)
	at org.testng.remote.RemoteTestNG.main(RemoteTestNG.java:77)
</pre></div></td>
<td>0</td>
<td>null</td></tr>
<tr>
<td title='delivery01.soi_66.AgreementCreation_From_Oportunity_MobileVoice_SFPC.step04()'><b>step04</b><br>Test class: delivery01.soi_66.AgreementCreation_From_Oportunity_MobileVoice_SFPC</td>
<td><div><pre>java.lang.Throwable: Method AgreementCreation_From_Oportunity_MobileVoice_SFPC.step04()[pri:0, instance:delivery01.soi_66.AgreementCreation_From_Oportunity_MobileVoice_SFPC@7085bdee] depends on not successfully finished methods
... Removed 18 stack frames</pre></div><a href='#' onClick='toggleBox("stack-trace237297104", this, "Click to show all stack frames", "Click to hide stack frames")'>Click to show all stack frames</a>
<div class='stack-trace' id='stack-trace237297104'><pre>java.lang.Throwable: Method AgreementCreation_From_Oportunity_MobileVoice_SFPC.step04()[pri:0, instance:delivery01.soi_66.AgreementCreation_From_Oportunity_MobileVoice_SFPC@7085bdee] depends on not successfully finished methods
	at org.testng.internal.Invoker.invokeTestMethods(Invoker.java:888)
	at org.testng.internal.TestMethodWorker.invokeTestMethods(TestMethodWorker.java:125)
	at org.testng.internal.TestMethodWorker.run(TestMethodWorker.java:109)
	at org.testng.TestRunner.privateRun(TestRunner.java:648)
	at org.testng.TestRunner.run(TestRunner.java:505)
	at org.testng.SuiteRunner.runTest(SuiteRunner.java:455)
	at org.testng.SuiteRunner.runSequentially(SuiteRunner.java:450)
	at org.testng.SuiteRunner.privateRun(SuiteRunner.java:415)
	at org.testng.SuiteRunner.run(SuiteRunner.java:364)
	at org.testng.SuiteRunnerWorker.runSuite(SuiteRunnerWorker.java:52)
	at org.testng.SuiteRunnerWorker.run(SuiteRunnerWorker.java:84)
	at org.testng.TestNG.runSuitesSequentially(TestNG.java:1208)
	at org.testng.TestNG.runSuitesLocally(TestNG.java:1137)
	at org.testng.TestNG.runSuites(TestNG.java:1049)
	at org.testng.TestNG.run(TestNG.java:1017)
	at org.testng.remote.AbstractRemoteTestNG.run(AbstractRemoteTestNG.java:115)
	at org.testng.remote.RemoteTestNG.initAndRun(RemoteTestNG.java:251)
	at org.testng.remote.RemoteTestNG.main(RemoteTestNG.java:77)
</pre></div></td>
<td>0</td>
<td>null</td></tr>
<tr>
<td title='delivery01.soi_66.AgreementCreation_From_Opportunity_MobileVoice_EditAgreement_SFPC.step04()'><b>step04</b><br>Test class: delivery01.soi_66.AgreementCreation_From_Opportunity_MobileVoice_EditAgreement_SFPC</td>
<td><div><pre>java.lang.Throwable: Method AgreementCreation_From_Opportunity_MobileVoice_EditAgreement_SFPC.step04()[pri:0, instance:delivery01.soi_66.AgreementCreation_From_Opportunity_MobileVoice_EditAgreement_SFPC@1ce92674] depends on not successfully finished methods
... Removed 18 stack frames</pre></div><a href='#' onClick='toggleBox("stack-trace598325842", this, "Click to show all stack frames", "Click to hide stack frames")'>Click to show all stack frames</a>
<div class='stack-trace' id='stack-trace598325842'><pre>java.lang.Throwable: Method AgreementCreation_From_Opportunity_MobileVoice_EditAgreement_SFPC.step04()[pri:0, instance:delivery01.soi_66.AgreementCreation_From_Opportunity_MobileVoice_EditAgreement_SFPC@1ce92674] depends on not successfully finished methods
	at org.testng.internal.Invoker.invokeTestMethods(Invoker.java:888)
	at org.testng.internal.TestMethodWorker.invokeTestMethods(TestMethodWorker.java:125)
	at org.testng.internal.TestMethodWorker.run(TestMethodWorker.java:109)
	at org.testng.TestRunner.privateRun(TestRunner.java:648)
	at org.testng.TestRunner.run(TestRunner.java:505)
	at org.testng.SuiteRunner.runTest(SuiteRunner.java:455)
	at org.testng.SuiteRunner.runSequentially(SuiteRunner.java:450)
	at org.testng.SuiteRunner.privateRun(SuiteRunner.java:415)
	at org.testng.SuiteRunner.run(SuiteRunner.java:364)
	at org.testng.SuiteRunnerWorker.runSuite(SuiteRunnerWorker.java:52)
	at org.testng.SuiteRunnerWorker.run(SuiteRunnerWorker.java:84)
	at org.testng.TestNG.runSuitesSequentially(TestNG.java:1208)
	at org.testng.TestNG.runSuitesLocally(TestNG.java:1137)
	at org.testng.TestNG.runSuites(TestNG.java:1049)
	at org.testng.TestNG.run(TestNG.java:1017)
	at org.testng.remote.AbstractRemoteTestNG.run(AbstractRemoteTestNG.java:115)
	at org.testng.remote.RemoteTestNG.initAndRun(RemoteTestNG.java:251)
	at org.testng.remote.RemoteTestNG.main(RemoteTestNG.java:77)
</pre></div></td>
<td>0</td>
<td>null</td></tr>
<tr>
<td title='delivery01.soi_66.AgreementCreation_From_Oportunity_MobileVoice_Negative_SFPC.step05()'><b>step05</b><br>Test class: delivery01.soi_66.AgreementCreation_From_Oportunity_MobileVoice_Negative_SFPC</td>
<td><div><pre>java.lang.Throwable: Method AgreementCreation_From_Oportunity_MobileVoice_Negative_SFPC.step05()[pri:0, instance:delivery01.soi_66.AgreementCreation_From_Oportunity_MobileVoice_Negative_SFPC@73ad2d6] depends on not successfully finished methods
... Removed 18 stack frames</pre></div><a href='#' onClick='toggleBox("stack-trace164439551", this, "Click to show all stack frames", "Click to hide stack frames")'>Click to show all stack frames</a>
<div class='stack-trace' id='stack-trace164439551'><pre>java.lang.Throwable: Method AgreementCreation_From_Oportunity_MobileVoice_Negative_SFPC.step05()[pri:0, instance:delivery01.soi_66.AgreementCreation_From_Oportunity_MobileVoice_Negative_SFPC@73ad2d6] depends on not successfully finished methods
	at org.testng.internal.Invoker.invokeTestMethods(Invoker.java:888)
	at org.testng.internal.TestMethodWorker.invokeTestMethods(TestMethodWorker.java:125)
	at org.testng.internal.TestMethodWorker.run(TestMethodWorker.java:109)
	at org.testng.TestRunner.privateRun(TestRunner.java:648)
	at org.testng.TestRunner.run(TestRunner.java:505)
	at org.testng.SuiteRunner.runTest(SuiteRunner.java:455)
	at org.testng.SuiteRunner.runSequentially(SuiteRunner.java:450)
	at org.testng.SuiteRunner.privateRun(SuiteRunner.java:415)
	at org.testng.SuiteRunner.run(SuiteRunner.java:364)
	at org.testng.SuiteRunnerWorker.runSuite(SuiteRunnerWorker.java:52)
	at org.testng.SuiteRunnerWorker.run(SuiteRunnerWorker.java:84)
	at org.testng.TestNG.runSuitesSequentially(TestNG.java:1208)
	at org.testng.TestNG.runSuitesLocally(TestNG.java:1137)
	at org.testng.TestNG.runSuites(TestNG.java:1049)
	at org.testng.TestNG.run(TestNG.java:1017)
	at org.testng.remote.AbstractRemoteTestNG.run(AbstractRemoteTestNG.java:115)
	at org.testng.remote.RemoteTestNG.initAndRun(RemoteTestNG.java:251)
	at org.testng.remote.RemoteTestNG.main(RemoteTestNG.java:77)
</pre></div></td>
<td>0</td>
<td>null</td></tr>
<tr>
<td title='delivery01.soi_66.AgreementCreation_From_Oportunity_MobileVoice_SFPC.step05()'><b>step05</b><br>Test class: delivery01.soi_66.AgreementCreation_From_Oportunity_MobileVoice_SFPC</td>
<td><div><pre>java.lang.Throwable: Method AgreementCreation_From_Oportunity_MobileVoice_SFPC.step05()[pri:0, instance:delivery01.soi_66.AgreementCreation_From_Oportunity_MobileVoice_SFPC@7085bdee] depends on not successfully finished methods
... Removed 18 stack frames</pre></div><a href='#' onClick='toggleBox("stack-trace1418622705", this, "Click to show all stack frames", "Click to hide stack frames")'>Click to show all stack frames</a>
<div class='stack-trace' id='stack-trace1418622705'><pre>java.lang.Throwable: Method AgreementCreation_From_Oportunity_MobileVoice_SFPC.step05()[pri:0, instance:delivery01.soi_66.AgreementCreation_From_Oportunity_MobileVoice_SFPC@7085bdee] depends on not successfully finished methods
	at org.testng.internal.Invoker.invokeTestMethods(Invoker.java:888)
	at org.testng.internal.TestMethodWorker.invokeTestMethods(TestMethodWorker.java:125)
	at org.testng.internal.TestMethodWorker.run(TestMethodWorker.java:109)
	at org.testng.TestRunner.privateRun(TestRunner.java:648)
	at org.testng.TestRunner.run(TestRunner.java:505)
	at org.testng.SuiteRunner.runTest(SuiteRunner.java:455)
	at org.testng.SuiteRunner.runSequentially(SuiteRunner.java:450)
	at org.testng.SuiteRunner.privateRun(SuiteRunner.java:415)
	at org.testng.SuiteRunner.run(SuiteRunner.java:364)
	at org.testng.SuiteRunnerWorker.runSuite(SuiteRunnerWorker.java:52)
	at org.testng.SuiteRunnerWorker.run(SuiteRunnerWorker.java:84)
	at org.testng.TestNG.runSuitesSequentially(TestNG.java:1208)
	at org.testng.TestNG.runSuitesLocally(TestNG.java:1137)
	at org.testng.TestNG.runSuites(TestNG.java:1049)
	at org.testng.TestNG.run(TestNG.java:1017)
	at org.testng.remote.AbstractRemoteTestNG.run(AbstractRemoteTestNG.java:115)
	at org.testng.remote.RemoteTestNG.initAndRun(RemoteTestNG.java:251)
	at org.testng.remote.RemoteTestNG.main(RemoteTestNG.java:77)
</pre></div></td>
<td>0</td>
<td>null</td></tr>
<tr>
<td title='delivery01.soi_66.AgreementCreation_From_Opportunity_MobileVoice_EditAgreement_SFPC.step05()'><b>step05</b><br>Test class: delivery01.soi_66.AgreementCreation_From_Opportunity_MobileVoice_EditAgreement_SFPC</td>
<td><div><pre>java.lang.Throwable: Method AgreementCreation_From_Opportunity_MobileVoice_EditAgreement_SFPC.step05()[pri:0, instance:delivery01.soi_66.AgreementCreation_From_Opportunity_MobileVoice_EditAgreement_SFPC@1ce92674] depends on not successfully finished methods
... Removed 18 stack frames</pre></div><a href='#' onClick='toggleBox("stack-trace1890287843", this, "Click to show all stack frames", "Click to hide stack frames")'>Click to show all stack frames</a>
<div class='stack-trace' id='stack-trace1890287843'><pre>java.lang.Throwable: Method AgreementCreation_From_Opportunity_MobileVoice_EditAgreement_SFPC.step05()[pri:0, instance:delivery01.soi_66.AgreementCreation_From_Opportunity_MobileVoice_EditAgreement_SFPC@1ce92674] depends on not successfully finished methods
	at org.testng.internal.Invoker.invokeTestMethods(Invoker.java:888)
	at org.testng.internal.TestMethodWorker.invokeTestMethods(TestMethodWorker.java:125)
	at org.testng.internal.TestMethodWorker.run(TestMethodWorker.java:109)
	at org.testng.TestRunner.privateRun(TestRunner.java:648)
	at org.testng.TestRunner.run(TestRunner.java:505)
	at org.testng.SuiteRunner.runTest(SuiteRunner.java:455)
	at org.testng.SuiteRunner.runSequentially(SuiteRunner.java:450)
	at org.testng.SuiteRunner.privateRun(SuiteRunner.java:415)
	at org.testng.SuiteRunner.run(SuiteRunner.java:364)
	at org.testng.SuiteRunnerWorker.runSuite(SuiteRunnerWorker.java:52)
	at org.testng.SuiteRunnerWorker.run(SuiteRunnerWorker.java:84)
	at org.testng.TestNG.runSuitesSequentially(TestNG.java:1208)
	at org.testng.TestNG.runSuitesLocally(TestNG.java:1137)
	at org.testng.TestNG.runSuites(TestNG.java:1049)
	at org.testng.TestNG.run(TestNG.java:1017)
	at org.testng.remote.AbstractRemoteTestNG.run(AbstractRemoteTestNG.java:115)
	at org.testng.remote.RemoteTestNG.initAndRun(RemoteTestNG.java:251)
	at org.testng.remote.RemoteTestNG.main(RemoteTestNG.java:77)
</pre></div></td>
<td>0</td>
<td>null</td></tr>
<tr>
<td title='delivery01.soi_66.AgreementCreation_From_Oportunity_MobileVoice_Negative_SFPC.step06()'><b>step06</b><br>Test class: delivery01.soi_66.AgreementCreation_From_Oportunity_MobileVoice_Negative_SFPC</td>
<td><div><pre>java.lang.Throwable: Method AgreementCreation_From_Oportunity_MobileVoice_Negative_SFPC.step06()[pri:0, instance:delivery01.soi_66.AgreementCreation_From_Oportunity_MobileVoice_Negative_SFPC@73ad2d6] depends on not successfully finished methods
... Removed 18 stack frames</pre></div><a href='#' onClick='toggleBox("stack-trace896852376", this, "Click to show all stack frames", "Click to hide stack frames")'>Click to show all stack frames</a>
<div class='stack-trace' id='stack-trace896852376'><pre>java.lang.Throwable: Method AgreementCreation_From_Oportunity_MobileVoice_Negative_SFPC.step06()[pri:0, instance:delivery01.soi_66.AgreementCreation_From_Oportunity_MobileVoice_Negative_SFPC@73ad2d6] depends on not successfully finished methods
	at org.testng.internal.Invoker.invokeTestMethods(Invoker.java:888)
	at org.testng.internal.TestMethodWorker.invokeTestMethods(TestMethodWorker.java:125)
	at org.testng.internal.TestMethodWorker.run(TestMethodWorker.java:109)
	at org.testng.TestRunner.privateRun(TestRunner.java:648)
	at org.testng.TestRunner.run(TestRunner.java:505)
	at org.testng.SuiteRunner.runTest(SuiteRunner.java:455)
	at org.testng.SuiteRunner.runSequentially(SuiteRunner.java:450)
	at org.testng.SuiteRunner.privateRun(SuiteRunner.java:415)
	at org.testng.SuiteRunner.run(SuiteRunner.java:364)
	at org.testng.SuiteRunnerWorker.runSuite(SuiteRunnerWorker.java:52)
	at org.testng.SuiteRunnerWorker.run(SuiteRunnerWorker.java:84)
	at org.testng.TestNG.runSuitesSequentially(TestNG.java:1208)
	at org.testng.TestNG.runSuitesLocally(TestNG.java:1137)
	at org.testng.TestNG.runSuites(TestNG.java:1049)
	at org.testng.TestNG.run(TestNG.java:1017)
	at org.testng.remote.AbstractRemoteTestNG.run(AbstractRemoteTestNG.java:115)
	at org.testng.remote.RemoteTestNG.initAndRun(RemoteTestNG.java:251)
	at org.testng.remote.RemoteTestNG.main(RemoteTestNG.java:77)
</pre></div></td>
<td>0</td>
<td>null</td></tr>
<tr>
<td title='delivery01.soi_66.AgreementCreation_From_Oportunity_MobileVoice_SFPC.step06()'><b>step06</b><br>Test class: delivery01.soi_66.AgreementCreation_From_Oportunity_MobileVoice_SFPC</td>
<td><div><pre>java.lang.Throwable: Method AgreementCreation_From_Oportunity_MobileVoice_SFPC.step06()[pri:0, instance:delivery01.soi_66.AgreementCreation_From_Oportunity_MobileVoice_SFPC@7085bdee] depends on not successfully finished methods
... Removed 18 stack frames</pre></div><a href='#' onClick='toggleBox("stack-trace1925785585", this, "Click to show all stack frames", "Click to hide stack frames")'>Click to show all stack frames</a>
<div class='stack-trace' id='stack-trace1925785585'><pre>java.lang.Throwable: Method AgreementCreation_From_Oportunity_MobileVoice_SFPC.step06()[pri:0, instance:delivery01.soi_66.AgreementCreation_From_Oportunity_MobileVoice_SFPC@7085bdee] depends on not successfully finished methods
	at org.testng.internal.Invoker.invokeTestMethods(Invoker.java:888)
	at org.testng.internal.TestMethodWorker.invokeTestMethods(TestMethodWorker.java:125)
	at org.testng.internal.TestMethodWorker.run(TestMethodWorker.java:109)
	at org.testng.TestRunner.privateRun(TestRunner.java:648)
	at org.testng.TestRunner.run(TestRunner.java:505)
	at org.testng.SuiteRunner.runTest(SuiteRunner.java:455)
	at org.testng.SuiteRunner.runSequentially(SuiteRunner.java:450)
	at org.testng.SuiteRunner.privateRun(SuiteRunner.java:415)
	at org.testng.SuiteRunner.run(SuiteRunner.java:364)
	at org.testng.SuiteRunnerWorker.runSuite(SuiteRunnerWorker.java:52)
	at org.testng.SuiteRunnerWorker.run(SuiteRunnerWorker.java:84)
	at org.testng.TestNG.runSuitesSequentially(TestNG.java:1208)
	at org.testng.TestNG.runSuitesLocally(TestNG.java:1137)
	at org.testng.TestNG.runSuites(TestNG.java:1049)
	at org.testng.TestNG.run(TestNG.java:1017)
	at org.testng.remote.AbstractRemoteTestNG.run(AbstractRemoteTestNG.java:115)
	at org.testng.remote.RemoteTestNG.initAndRun(RemoteTestNG.java:251)
	at org.testng.remote.RemoteTestNG.main(RemoteTestNG.java:77)
</pre></div></td>
<td>0</td>
<td>null</td></tr>
<tr>
<td title='delivery01.soi_66.AgreementCreation_From_Opportunity_MobileVoice_EditAgreement_SFPC.step06()'><b>step06</b><br>Test class: delivery01.soi_66.AgreementCreation_From_Opportunity_MobileVoice_EditAgreement_SFPC</td>
<td><div><pre>java.lang.Throwable: Method AgreementCreation_From_Opportunity_MobileVoice_EditAgreement_SFPC.step06()[pri:0, instance:delivery01.soi_66.AgreementCreation_From_Opportunity_MobileVoice_EditAgreement_SFPC@1ce92674] depends on not successfully finished methods
... Removed 18 stack frames</pre></div><a href='#' onClick='toggleBox("stack-trace1732410217", this, "Click to show all stack frames", "Click to hide stack frames")'>Click to show all stack frames</a>
<div class='stack-trace' id='stack-trace1732410217'><pre>java.lang.Throwable: Method AgreementCreation_From_Opportunity_MobileVoice_EditAgreement_SFPC.step06()[pri:0, instance:delivery01.soi_66.AgreementCreation_From_Opportunity_MobileVoice_EditAgreement_SFPC@1ce92674] depends on not successfully finished methods
	at org.testng.internal.Invoker.invokeTestMethods(Invoker.java:888)
	at org.testng.internal.TestMethodWorker.invokeTestMethods(TestMethodWorker.java:125)
	at org.testng.internal.TestMethodWorker.run(TestMethodWorker.java:109)
	at org.testng.TestRunner.privateRun(TestRunner.java:648)
	at org.testng.TestRunner.run(TestRunner.java:505)
	at org.testng.SuiteRunner.runTest(SuiteRunner.java:455)
	at org.testng.SuiteRunner.runSequentially(SuiteRunner.java:450)
	at org.testng.SuiteRunner.privateRun(SuiteRunner.java:415)
	at org.testng.SuiteRunner.run(SuiteRunner.java:364)
	at org.testng.SuiteRunnerWorker.runSuite(SuiteRunnerWorker.java:52)
	at org.testng.SuiteRunnerWorker.run(SuiteRunnerWorker.java:84)
	at org.testng.TestNG.runSuitesSequentially(TestNG.java:1208)
	at org.testng.TestNG.runSuitesLocally(TestNG.java:1137)
	at org.testng.TestNG.runSuites(TestNG.java:1049)
	at org.testng.TestNG.run(TestNG.java:1017)
	at org.testng.remote.AbstractRemoteTestNG.run(AbstractRemoteTestNG.java:115)
	at org.testng.remote.RemoteTestNG.initAndRun(RemoteTestNG.java:251)
	at org.testng.remote.RemoteTestNG.main(RemoteTestNG.java:77)
</pre></div></td>
<td>0</td>
<td>null</td></tr>
<tr>
<td title='delivery01.soi_66.AgreementCreation_From_Oportunity_MobileVoice_SFPC.step07()'><b>step07</b><br>Test class: delivery01.soi_66.AgreementCreation_From_Oportunity_MobileVoice_SFPC</td>
<td><div><pre>java.lang.Throwable: Method AgreementCreation_From_Oportunity_MobileVoice_SFPC.step07()[pri:0, instance:delivery01.soi_66.AgreementCreation_From_Oportunity_MobileVoice_SFPC@7085bdee] depends on not successfully finished methods
... Removed 18 stack frames</pre></div><a href='#' onClick='toggleBox("stack-trace1037475674", this, "Click to show all stack frames", "Click to hide stack frames")'>Click to show all stack frames</a>
<div class='stack-trace' id='stack-trace1037475674'><pre>java.lang.Throwable: Method AgreementCreation_From_Oportunity_MobileVoice_SFPC.step07()[pri:0, instance:delivery01.soi_66.AgreementCreation_From_Oportunity_MobileVoice_SFPC@7085bdee] depends on not successfully finished methods
	at org.testng.internal.Invoker.invokeTestMethods(Invoker.java:888)
	at org.testng.internal.TestMethodWorker.invokeTestMethods(TestMethodWorker.java:125)
	at org.testng.internal.TestMethodWorker.run(TestMethodWorker.java:109)
	at org.testng.TestRunner.privateRun(TestRunner.java:648)
	at org.testng.TestRunner.run(TestRunner.java:505)
	at org.testng.SuiteRunner.runTest(SuiteRunner.java:455)
	at org.testng.SuiteRunner.runSequentially(SuiteRunner.java:450)
	at org.testng.SuiteRunner.privateRun(SuiteRunner.java:415)
	at org.testng.SuiteRunner.run(SuiteRunner.java:364)
	at org.testng.SuiteRunnerWorker.runSuite(SuiteRunnerWorker.java:52)
	at org.testng.SuiteRunnerWorker.run(SuiteRunnerWorker.java:84)
	at org.testng.TestNG.runSuitesSequentially(TestNG.java:1208)
	at org.testng.TestNG.runSuitesLocally(TestNG.java:1137)
	at org.testng.TestNG.runSuites(TestNG.java:1049)
	at org.testng.TestNG.run(TestNG.java:1017)
	at org.testng.remote.AbstractRemoteTestNG.run(AbstractRemoteTestNG.java:115)
	at org.testng.remote.RemoteTestNG.initAndRun(RemoteTestNG.java:251)
	at org.testng.remote.RemoteTestNG.main(RemoteTestNG.java:77)
</pre></div></td>
<td>0</td>
<td>null</td></tr>
<tr>
<td title='delivery01.soi_66.AgreementCreation_From_Opportunity_MobileVoice_EditAgreement_SFPC.step07()'><b>step07</b><br>Test class: delivery01.soi_66.AgreementCreation_From_Opportunity_MobileVoice_EditAgreement_SFPC</td>
<td><div><pre>java.lang.Throwable: Method AgreementCreation_From_Opportunity_MobileVoice_EditAgreement_SFPC.step07()[pri:0, instance:delivery01.soi_66.AgreementCreation_From_Opportunity_MobileVoice_EditAgreement_SFPC@1ce92674] depends on not successfully finished methods
... Removed 18 stack frames</pre></div><a href='#' onClick='toggleBox("stack-trace1413886135", this, "Click to show all stack frames", "Click to hide stack frames")'>Click to show all stack frames</a>
<div class='stack-trace' id='stack-trace1413886135'><pre>java.lang.Throwable: Method AgreementCreation_From_Opportunity_MobileVoice_EditAgreement_SFPC.step07()[pri:0, instance:delivery01.soi_66.AgreementCreation_From_Opportunity_MobileVoice_EditAgreement_SFPC@1ce92674] depends on not successfully finished methods
	at org.testng.internal.Invoker.invokeTestMethods(Invoker.java:888)
	at org.testng.internal.TestMethodWorker.invokeTestMethods(TestMethodWorker.java:125)
	at org.testng.internal.TestMethodWorker.run(TestMethodWorker.java:109)
	at org.testng.TestRunner.privateRun(TestRunner.java:648)
	at org.testng.TestRunner.run(TestRunner.java:505)
	at org.testng.SuiteRunner.runTest(SuiteRunner.java:455)
	at org.testng.SuiteRunner.runSequentially(SuiteRunner.java:450)
	at org.testng.SuiteRunner.privateRun(SuiteRunner.java:415)
	at org.testng.SuiteRunner.run(SuiteRunner.java:364)
	at org.testng.SuiteRunnerWorker.runSuite(SuiteRunnerWorker.java:52)
	at org.testng.SuiteRunnerWorker.run(SuiteRunnerWorker.java:84)
	at org.testng.TestNG.runSuitesSequentially(TestNG.java:1208)
	at org.testng.TestNG.runSuitesLocally(TestNG.java:1137)
	at org.testng.TestNG.runSuites(TestNG.java:1049)
	at org.testng.TestNG.run(TestNG.java:1017)
	at org.testng.remote.AbstractRemoteTestNG.run(AbstractRemoteTestNG.java:115)
	at org.testng.remote.RemoteTestNG.initAndRun(RemoteTestNG.java:251)
	at org.testng.remote.RemoteTestNG.main(RemoteTestNG.java:77)
</pre></div></td>
<td>0</td>
<td>null</td></tr>
<tr>
<td title='delivery01.soi_66.AgreementCreation_From_Opportunity_MobileVoice_EditAgreement_SFPC.step08()'><b>step08</b><br>Test class: delivery01.soi_66.AgreementCreation_From_Opportunity_MobileVoice_EditAgreement_SFPC</td>
<td><div><pre>java.lang.Throwable: Method AgreementCreation_From_Opportunity_MobileVoice_EditAgreement_SFPC.step08()[pri:0, instance:delivery01.soi_66.AgreementCreation_From_Opportunity_MobileVoice_EditAgreement_SFPC@1ce92674] depends on not successfully finished methods
... Removed 18 stack frames</pre></div><a href='#' onClick='toggleBox("stack-trace278262050", this, "Click to show all stack frames", "Click to hide stack frames")'>Click to show all stack frames</a>
<div class='stack-trace' id='stack-trace278262050'><pre>java.lang.Throwable: Method AgreementCreation_From_Opportunity_MobileVoice_EditAgreement_SFPC.step08()[pri:0, instance:delivery01.soi_66.AgreementCreation_From_Opportunity_MobileVoice_EditAgreement_SFPC@1ce92674] depends on not successfully finished methods
	at org.testng.internal.Invoker.invokeTestMethods(Invoker.java:888)
	at org.testng.internal.TestMethodWorker.invokeTestMethods(TestMethodWorker.java:125)
	at org.testng.internal.TestMethodWorker.run(TestMethodWorker.java:109)
	at org.testng.TestRunner.privateRun(TestRunner.java:648)
	at org.testng.TestRunner.run(TestRunner.java:505)
	at org.testng.SuiteRunner.runTest(SuiteRunner.java:455)
	at org.testng.SuiteRunner.runSequentially(SuiteRunner.java:450)
	at org.testng.SuiteRunner.privateRun(SuiteRunner.java:415)
	at org.testng.SuiteRunner.run(SuiteRunner.java:364)
	at org.testng.SuiteRunnerWorker.runSuite(SuiteRunnerWorker.java:52)
	at org.testng.SuiteRunnerWorker.run(SuiteRunnerWorker.java:84)
	at org.testng.TestNG.runSuitesSequentially(TestNG.java:1208)
	at org.testng.TestNG.runSuitesLocally(TestNG.java:1137)
	at org.testng.TestNG.runSuites(TestNG.java:1049)
	at org.testng.TestNG.run(TestNG.java:1017)
	at org.testng.remote.AbstractRemoteTestNG.run(AbstractRemoteTestNG.java:115)
	at org.testng.remote.RemoteTestNG.initAndRun(RemoteTestNG.java:251)
	at org.testng.remote.RemoteTestNG.main(RemoteTestNG.java:77)
</pre></div></td>
<td>0</td>
<td>null</td></tr>
<tr>
<td title='delivery01.soi_66.AgreementCreation_From_Opportunity_MobileVoice_EditAgreement_SFPC.step09()'><b>step09</b><br>Test class: delivery01.soi_66.AgreementCreation_From_Opportunity_MobileVoice_EditAgreement_SFPC</td>
<td><div><pre>java.lang.Throwable: Method AgreementCreation_From_Opportunity_MobileVoice_EditAgreement_SFPC.step09()[pri:0, instance:delivery01.soi_66.AgreementCreation_From_Opportunity_MobileVoice_EditAgreement_SFPC@1ce92674] depends on not successfully finished methods
... Removed 18 stack frames</pre></div><a href='#' onClick='toggleBox("stack-trace1029898472", this, "Click to show all stack frames", "Click to hide stack frames")'>Click to show all stack frames</a>
<div class='stack-trace' id='stack-trace1029898472'><pre>java.lang.Throwable: Method AgreementCreation_From_Opportunity_MobileVoice_EditAgreement_SFPC.step09()[pri:0, instance:delivery01.soi_66.AgreementCreation_From_Opportunity_MobileVoice_EditAgreement_SFPC@1ce92674] depends on not successfully finished methods
	at org.testng.internal.Invoker.invokeTestMethods(Invoker.java:888)
	at org.testng.internal.TestMethodWorker.invokeTestMethods(TestMethodWorker.java:125)
	at org.testng.internal.TestMethodWorker.run(TestMethodWorker.java:109)
	at org.testng.TestRunner.privateRun(TestRunner.java:648)
	at org.testng.TestRunner.run(TestRunner.java:505)
	at org.testng.SuiteRunner.runTest(SuiteRunner.java:455)
	at org.testng.SuiteRunner.runSequentially(SuiteRunner.java:450)
	at org.testng.SuiteRunner.privateRun(SuiteRunner.java:415)
	at org.testng.SuiteRunner.run(SuiteRunner.java:364)
	at org.testng.SuiteRunnerWorker.runSuite(SuiteRunnerWorker.java:52)
	at org.testng.SuiteRunnerWorker.run(SuiteRunnerWorker.java:84)
	at org.testng.TestNG.runSuitesSequentially(TestNG.java:1208)
	at org.testng.TestNG.runSuitesLocally(TestNG.java:1137)
	at org.testng.TestNG.runSuites(TestNG.java:1049)
	at org.testng.TestNG.run(TestNG.java:1017)
	at org.testng.remote.AbstractRemoteTestNG.run(AbstractRemoteTestNG.java:115)
	at org.testng.remote.RemoteTestNG.initAndRun(RemoteTestNG.java:251)
	at org.testng.remote.RemoteTestNG.main(RemoteTestNG.java:77)
</pre></div></td>
<td>0</td>
<td>null</td></tr>
</table><p>
</body>
</html>