<?xml version="1.0" encoding="UTF-8"?>
<!-- Generated by org.testng.reporters.JUnitXMLReporter -->
<testsuite hostname="INNOWAVE-383" ignored="0" name="Salesforce Partners Community" tests="22" failures="0" timestamp="03 jan 2020 15:21:50 GMT" time="0.69" errors="0">
  <testcase name="@BeforeTest beforeTest" time="0.561" classname="delivery01.soi_66.AgreementCreation_From_Oportunity_MobileVoice_Negative_SFPC">
    <failure type="org.openqa.selenium.WebDriverException" message="unknown error: cannot create default profile directory
Build info: version: &amp;apos;3.141.59&amp;apos;, revision: &amp;apos;e82be7d358&amp;apos;, time: &amp;apos;2018-11-14T08:17:03&amp;apos;
System info: host: &amp;apos;INNOWAVE-383&amp;apos;, ip: &amp;apos;192.168.100.249&amp;apos;, os.name: &amp;apos;Windows 10&amp;apos;, os.arch: &amp;apos;amd64&amp;apos;, os.version: &amp;apos;10.0&amp;apos;, java.version: &amp;apos;1.8.0_212&amp;apos;
Driver info: driver.version: ChromeDriver
remote stacktrace: Backtrace:
	Ordinal0 [0x00A6A903+1550595]
	Ordinal0 [0x009EA701+1025793]
	Ordinal0 [0x0096C6E5+509669]
	Ordinal0 [0x008FF009+61449]
	Ordinal0 [0x008FC01C+49180]
	Ordinal0 [0x0091ACE7+175335]
	Ordinal0 [0x0091A8ED+174317]
	Ordinal0 [0x00918CDB+167131]
	Ordinal0 [0x0090144A+70730]
	Ordinal0 [0x009024D0+74960]
	Ordinal0 [0x00902469+74857]
	Ordinal0 [0x00A042C7+1131207]
	GetHandleVerifier [0x00B070FD+523789]
	GetHandleVerifier [0x00B06E90+523168]
	GetHandleVerifier [0x00B0E1E7+552695]
	GetHandleVerifier [0x00B078FA+525834]
	Ordinal0 [0x009FB7FC+1095676]
	Ordinal0 [0x00A0633B+1139515]
	Ordinal0 [0x00A064A3+1139875]
	Ordinal0 [0x00A05425+1135653]
	BaseThreadInitThunk [0x76CD6359+25]
	RtlGetAppContainerNamedObjectPath [0x770E7B74+228]
	RtlGetAppContainerNamedObjectPath [0x770E7B44+180]
">
      <![CDATA[org.openqa.selenium.WebDriverException: unknown error: cannot create default profile directory
Build info: version: '3.141.59', revision: 'e82be7d358', time: '2018-11-14T08:17:03'
System info: host: 'INNOWAVE-383', ip: '192.168.100.249', os.name: 'Windows 10', os.arch: 'amd64', os.version: '10.0', java.version: '1.8.0_212'
Driver info: driver.version: ChromeDriver
remote stacktrace: Backtrace:
Ordinal0 [0x00A6A903+1550595]
Ordinal0 [0x009EA701+1025793]
Ordinal0 [0x0096C6E5+509669]
Ordinal0 [0x008FF009+61449]
Ordinal0 [0x008FC01C+49180]
Ordinal0 [0x0091ACE7+175335]
Ordinal0 [0x0091A8ED+174317]
Ordinal0 [0x00918CDB+167131]
Ordinal0 [0x0090144A+70730]
Ordinal0 [0x009024D0+74960]
Ordinal0 [0x00902469+74857]
Ordinal0 [0x00A042C7+1131207]
GetHandleVerifier [0x00B070FD+523789]
GetHandleVerifier [0x00B06E90+523168]
GetHandleVerifier [0x00B0E1E7+552695]
GetHandleVerifier [0x00B078FA+525834]
Ordinal0 [0x009FB7FC+1095676]
Ordinal0 [0x00A0633B+1139515]
Ordinal0 [0x00A064A3+1139875]
Ordinal0 [0x00A05425+1135653]
BaseThreadInitThunk [0x76CD6359+25]
RtlGetAppContainerNamedObjectPath [0x770E7B74+228]
RtlGetAppContainerNamedObjectPath [0x770E7B44+180]

at org.openqa.selenium.remote.W3CHandshakeResponse.lambda$errorHandler$0(W3CHandshakeResponse.java:62)
at org.openqa.selenium.remote.HandshakeResponse.lambda$getResponseFunction$0(HandshakeResponse.java:30)
at org.openqa.selenium.remote.ProtocolHandshake.lambda$createSession$0(ProtocolHandshake.java:126)
at java.util.stream.ReferencePipeline$3$1.accept(ReferencePipeline.java:193)
at java.util.Spliterators$ArraySpliterator.tryAdvance(Spliterators.java:958)
at java.util.stream.ReferencePipeline.forEachWithCancel(ReferencePipeline.java:126)
at java.util.stream.AbstractPipeline.copyIntoWithCancel(AbstractPipeline.java:498)
at java.util.stream.AbstractPipeline.copyInto(AbstractPipeline.java:485)
at java.util.stream.AbstractPipeline.wrapAndCopyInto(AbstractPipeline.java:471)
at java.util.stream.FindOps$FindOp.evaluateSequential(FindOps.java:152)
at java.util.stream.AbstractPipeline.evaluate(AbstractPipeline.java:234)
at java.util.stream.ReferencePipeline.findFirst(ReferencePipeline.java:464)
at org.openqa.selenium.remote.ProtocolHandshake.createSession(ProtocolHandshake.java:128)
at org.openqa.selenium.remote.ProtocolHandshake.createSession(ProtocolHandshake.java:74)
at org.openqa.selenium.remote.HttpCommandExecutor.execute(HttpCommandExecutor.java:136)
at org.openqa.selenium.remote.service.DriverCommandExecutor.execute(DriverCommandExecutor.java:83)
at org.openqa.selenium.remote.RemoteWebDriver.execute(RemoteWebDriver.java:552)
at org.openqa.selenium.remote.RemoteWebDriver.startSession(RemoteWebDriver.java:213)
at org.openqa.selenium.remote.RemoteWebDriver.<init>(RemoteWebDriver.java:131)
at org.openqa.selenium.chrome.ChromeDriver.<init>(ChromeDriver.java:181)
at org.openqa.selenium.chrome.ChromeDriver.<init>(ChromeDriver.java:168)
at org.openqa.selenium.chrome.ChromeDriver.<init>(ChromeDriver.java:157)
at delivery01.soi_66.AgreementCreation_From_Oportunity_MobileVoice_Negative_SFPC.beforeTest(AgreementCreation_From_Oportunity_MobileVoice_Negative_SFPC.java:85)
... Removed 28 stack frames]]>
    </failure>
  </testcase> <!-- @BeforeTest beforeTest -->
  <testcase name="@BeforeTest beforeTest" time="0.0" classname="delivery01.soi_66.AgreementCreation_From_Oportunity_MobileVoice_SFPC">
    <skipped/>
  </testcase> <!-- @BeforeTest beforeTest -->
  <testcase name="@BeforeTest beforeTest" time="0.0" classname="delivery01.soi_66.AgreementCreation_From_Opportunity_MobileVoice_EditAgreement_SFPC">
    <skipped/>
  </testcase> <!-- @BeforeTest beforeTest -->
  <testcase name="@AfterTest afterTest" time="0.0" classname="delivery01.soi_66.AgreementCreation_From_Oportunity_MobileVoice_Negative_SFPC">
    <skipped/>
  </testcase> <!-- @AfterTest afterTest -->
  <testcase name="@AfterTest afterTest" time="0.0" classname="delivery01.soi_66.AgreementCreation_From_Oportunity_MobileVoice_SFPC">
    <skipped/>
  </testcase> <!-- @AfterTest afterTest -->
  <testcase name="@AfterTest afterTest" time="0.0" classname="delivery01.soi_66.AgreementCreation_From_Opportunity_MobileVoice_EditAgreement_SFPC">
    <skipped/>
  </testcase> <!-- @AfterTest afterTest -->
  <testcase name="step01" time="0.0" classname="delivery01.soi_66.AgreementCreation_From_Oportunity_MobileVoice_Negative_SFPC">
    <skipped/>
  </testcase> <!-- step01 -->
  <testcase name="step02" time="0.0" classname="delivery01.soi_66.AgreementCreation_From_Oportunity_MobileVoice_Negative_SFPC">
    <skipped/>
  </testcase> <!-- step02 -->
  <testcase name="step03" time="0.0" classname="delivery01.soi_66.AgreementCreation_From_Oportunity_MobileVoice_Negative_SFPC">
    <skipped/>
  </testcase> <!-- step03 -->
  <testcase name="step04" time="0.0" classname="delivery01.soi_66.AgreementCreation_From_Oportunity_MobileVoice_Negative_SFPC">
    <skipped/>
  </testcase> <!-- step04 -->
  <testcase name="step05" time="0.0" classname="delivery01.soi_66.AgreementCreation_From_Oportunity_MobileVoice_Negative_SFPC">
    <skipped/>
  </testcase> <!-- step05 -->
  <testcase name="step06" time="0.0" classname="delivery01.soi_66.AgreementCreation_From_Oportunity_MobileVoice_Negative_SFPC">
    <skipped/>
  </testcase> <!-- step06 -->
  <testcase name="step01" time="0.0" classname="delivery01.soi_66.AgreementCreation_From_Oportunity_MobileVoice_SFPC">
    <skipped/>
  </testcase> <!-- step01 -->
  <testcase name="step02" time="0.0" classname="delivery01.soi_66.AgreementCreation_From_Oportunity_MobileVoice_SFPC">
    <skipped/>
  </testcase> <!-- step02 -->
  <testcase name="step03" time="0.0" classname="delivery01.soi_66.AgreementCreation_From_Oportunity_MobileVoice_SFPC">
    <skipped/>
  </testcase> <!-- step03 -->
  <testcase name="step04" time="0.0" classname="delivery01.soi_66.AgreementCreation_From_Oportunity_MobileVoice_SFPC">
    <skipped/>
  </testcase> <!-- step04 -->
  <testcase name="step05" time="0.0" classname="delivery01.soi_66.AgreementCreation_From_Oportunity_MobileVoice_SFPC">
    <skipped/>
  </testcase> <!-- step05 -->
  <testcase name="step06" time="0.0" classname="delivery01.soi_66.AgreementCreation_From_Oportunity_MobileVoice_SFPC">
    <skipped/>
  </testcase> <!-- step06 -->
  <testcase name="step07" time="0.0" classname="delivery01.soi_66.AgreementCreation_From_Oportunity_MobileVoice_SFPC">
    <skipped/>
  </testcase> <!-- step07 -->
  <testcase name="step01" time="0.0" classname="delivery01.soi_66.AgreementCreation_From_Opportunity_MobileVoice_EditAgreement_SFPC">
    <skipped/>
  </testcase> <!-- step01 -->
  <testcase name="step02" time="0.0" classname="delivery01.soi_66.AgreementCreation_From_Opportunity_MobileVoice_EditAgreement_SFPC">
    <skipped/>
  </testcase> <!-- step02 -->
  <testcase name="step03" time="0.0" classname="delivery01.soi_66.AgreementCreation_From_Opportunity_MobileVoice_EditAgreement_SFPC">
    <skipped/>
  </testcase> <!-- step03 -->
  <testcase name="step04" time="0.0" classname="delivery01.soi_66.AgreementCreation_From_Opportunity_MobileVoice_EditAgreement_SFPC">
    <skipped/>
  </testcase> <!-- step04 -->
  <testcase name="step05" time="0.0" classname="delivery01.soi_66.AgreementCreation_From_Opportunity_MobileVoice_EditAgreement_SFPC">
    <skipped/>
  </testcase> <!-- step05 -->
  <testcase name="step06" time="0.0" classname="delivery01.soi_66.AgreementCreation_From_Opportunity_MobileVoice_EditAgreement_SFPC">
    <skipped/>
  </testcase> <!-- step06 -->
  <testcase name="step07" time="0.0" classname="delivery01.soi_66.AgreementCreation_From_Opportunity_MobileVoice_EditAgreement_SFPC">
    <skipped/>
  </testcase> <!-- step07 -->
  <testcase name="step08" time="0.0" classname="delivery01.soi_66.AgreementCreation_From_Opportunity_MobileVoice_EditAgreement_SFPC">
    <skipped/>
  </testcase> <!-- step08 -->
  <testcase name="step09" time="0.0" classname="delivery01.soi_66.AgreementCreation_From_Opportunity_MobileVoice_EditAgreement_SFPC">
    <skipped/>
  </testcase> <!-- step09 -->
</testsuite> <!-- Salesforce Partners Community -->
