<?xml version="1.0" encoding="UTF-8"?>
<!-- Generated by org.testng.reporters.JUnitXMLReporter -->
<testsuite hostname="INNOWAVE-383" ignored="0" name="Salesforce Direct Sales" tests="13" failures="2" timestamp="03 jan 2020 15:21:49 GMT" time="122.055" errors="0">
  <testcase name="step01" time="31.462" classname="delivery01.soi_66.AgreementCreation_From_Oportunity_MobileVoice"/>
  <testcase name="step02" time="21.899" classname="delivery01.soi_66.AgreementCreation_From_Oportunity_MobileVoice">
    <failure type="java.lang.Exception" message="Test Failed on Step 2">
      <![CDATA[java.lang.Exception: Test Failed on Step 2
at delivery01.soi_66.AgreementCreation_From_Oportunity_MobileVoice.step02(AgreementCreation_From_Oportunity_MobileVoice.java:152)
Caused by: java.lang.Exception: Validation Failed on Step 2
at delivery01.soi_66.AgreementCreation_From_Oportunity_MobileVoice.step02(AgreementCreation_From_Oportunity_MobileVoice.java:146)
... 25 more
... Removed 25 stack frames]]>
    </failure>
  </testcase> <!-- step02 -->
  <testcase name="step03" time="0.0" classname="delivery01.soi_66.AgreementCreation_From_Oportunity_MobileVoice">
    <skipped/>
  </testcase> <!-- step03 -->
  <testcase name="step04" time="0.0" classname="delivery01.soi_66.AgreementCreation_From_Oportunity_MobileVoice">
    <skipped/>
  </testcase> <!-- step04 -->
  <testcase name="step05" time="0.0" classname="delivery01.soi_66.AgreementCreation_From_Oportunity_MobileVoice">
    <skipped/>
  </testcase> <!-- step05 -->
  <testcase name="step06" time="0.0" classname="delivery01.soi_66.AgreementCreation_From_Oportunity_MobileVoice">
    <skipped/>
  </testcase> <!-- step06 -->
  <testcase name="step01" time="30.79" classname="delivery01.soi_66.AgreementCreation_From_Oportunity_MobileVoice_EditAgreement"/>
  <testcase name="step02" time="12.421" classname="delivery01.soi_66.AgreementCreation_From_Oportunity_MobileVoice_EditAgreement"/>
  <testcase name="step03" time="3.467" classname="delivery01.soi_66.AgreementCreation_From_Oportunity_MobileVoice_EditAgreement">
    <failure type="java.lang.Exception" message="Test Failed on Step 3">
      <![CDATA[java.lang.Exception: Test Failed on Step 3
at delivery01.soi_66.AgreementCreation_From_Oportunity_MobileVoice_EditAgreement.step03(AgreementCreation_From_Oportunity_MobileVoice_EditAgreement.java:173)
Caused by: java.lang.Exception: Validation Failed on Step 3
at delivery01.soi_66.AgreementCreation_From_Oportunity_MobileVoice_EditAgreement.step03(AgreementCreation_From_Oportunity_MobileVoice_EditAgreement.java:167)
... 25 more
... Removed 25 stack frames]]>
    </failure>
  </testcase> <!-- step03 -->
  <testcase name="step04" time="0.0" classname="delivery01.soi_66.AgreementCreation_From_Oportunity_MobileVoice_EditAgreement">
    <skipped/>
  </testcase> <!-- step04 -->
  <testcase name="step05" time="0.0" classname="delivery01.soi_66.AgreementCreation_From_Oportunity_MobileVoice_EditAgreement">
    <skipped/>
  </testcase> <!-- step05 -->
  <testcase name="step06" time="0.0" classname="delivery01.soi_66.AgreementCreation_From_Oportunity_MobileVoice_EditAgreement">
    <skipped/>
  </testcase> <!-- step06 -->
  <testcase name="step07" time="0.0" classname="delivery01.soi_66.AgreementCreation_From_Oportunity_MobileVoice_EditAgreement">
    <skipped/>
  </testcase> <!-- step07 -->
</testsuite> <!-- Salesforce Direct Sales -->
