<?xml version="1.0" encoding="UTF-8"?>
<!-- Generated by org.testng.reporters.JUnitXMLReporter -->
<testsuite hostname="INNOWAVE-383" ignored="0" name="AgreementCreation_From_Oportunity_MobileVoice" tests="6" failures="1" timestamp="09 jan 2020 18:22:00 GMT" time="84.39" errors="0">
  <testcase name="step01" time="16.132" classname="delivery01.soi_66.AgreementCreation_From_Oportunity_MobileVoice"/>
  <testcase name="step02" time="11.616" classname="delivery01.soi_66.AgreementCreation_From_Oportunity_MobileVoice"/>
  <testcase name="step03" time="14.938" classname="delivery01.soi_66.AgreementCreation_From_Oportunity_MobileVoice"/>
  <testcase name="step04" time="19.181" classname="delivery01.soi_66.AgreementCreation_From_Oportunity_MobileVoice">
    <failure type="java.lang.Exception" message="Test Failed on Step 4">
      <![CDATA[java.lang.Exception: Test Failed on Step 4
at delivery01.soi_66.AgreementCreation_From_Oportunity_MobileVoice.step04(AgreementCreation_From_Oportunity_MobileVoice.java:215)
Caused by: java.lang.Exception: Edit Product Configuration Failed
at actions.FunctionalActionsSFDS.editProductConfiguration(FunctionalActionsSFDS.java:143)
at delivery01.soi_66.AgreementCreation_From_Oportunity_MobileVoice.step04(AgreementCreation_From_Oportunity_MobileVoice.java:190)
... 26 more
Caused by: org.openqa.selenium.TimeoutException: Expected condition failed: waiting for element to no longer be visible: By.xpath: //h2[@id='modal-title'] (tried for 10 second(s) with 500 milliseconds interval)
Build info: version: '3.141.59', revision: 'e82be7d358', time: '2018-11-14T08:17:03'
System info: host: 'INNOWAVE-383', ip: '192.168.0.164', os.name: 'Windows 10', os.arch: 'amd64', os.version: '10.0', java.version: '1.8.0_212'
Driver info: org.openqa.selenium.chrome.ChromeDriver
Capabilities {acceptInsecureCerts: false, browserName: chrome, browserVersion: 79.0.3945.117, chrome: {chromedriverVersion: 79.0.3945.36 (3582db32b3389..., userDataDir: C:\Users\LUIS~1.ACH\AppData...}, goog:chromeOptions: {debuggerAddress: localhost:58459}, javascriptEnabled: true, networkConnectionEnabled: false, pageLoadStrategy: normal, platform: WINDOWS, platformName: WINDOWS, proxy: Proxy(), setWindowRect: true, strictFileInteractability: false, timeouts: {implicit: 0, pageLoad: 300000, script: 30000}, unhandledPromptBehavior: dismiss and notify}
Session ID: 292c1a0f8e18619138d7b36d4d81edd9
at org.openqa.selenium.support.ui.WebDriverWait.timeoutException(WebDriverWait.java:95)
at org.openqa.selenium.support.ui.FluentWait.until(FluentWait.java:272)
at actions.FunctionalActionsSFDS.editProductConfiguration(FunctionalActionsSFDS.java:138)
... 27 more
... Removed 26 stack frames]]>
    </failure>
  </testcase> <!-- step04 -->
  <testcase name="step05" time="0.0" classname="delivery01.soi_66.AgreementCreation_From_Oportunity_MobileVoice">
    <skipped/>
  </testcase> <!-- step05 -->
  <testcase name="step06" time="0.0" classname="delivery01.soi_66.AgreementCreation_From_Oportunity_MobileVoice">
    <skipped/>
  </testcase> <!-- step06 -->
</testsuite> <!-- AgreementCreation_From_Oportunity_MobileVoice -->
