<?xml version="1.0" encoding="UTF-8"?>
<!-- Generated by org.testng.reporters.JUnitXMLReporter -->
<testsuite hostname="INNOWAVE-383" ignored="0" name="SOI_150_TC1_MobileOrderIntake_MACD_Flow" tests="10" failures="1" timestamp="27 fev 2020 14:49:43 GMT" time="44.323" errors="0">
  <testcase name="step01" time="13.026" classname="delivery01.soi_150.SOI_150_TC1_MobileOrderIntake_MACD_Flow"/>
  <testcase name="step02" time="8.421" classname="delivery01.soi_150.SOI_150_TC1_MobileOrderIntake_MACD_Flow"/>
  <testcase name="step03" time="4.447" classname="delivery01.soi_150.SOI_150_TC1_MobileOrderIntake_MACD_Flow"/>
  <testcase name="step04" time="1.262" classname="delivery01.soi_150.SOI_150_TC1_MobileOrderIntake_MACD_Flow"/>
  <testcase name="step05" time="1.789" classname="delivery01.soi_150.SOI_150_TC1_MobileOrderIntake_MACD_Flow"/>
  <testcase name="step06" time="2.701" classname="delivery01.soi_150.SOI_150_TC1_MobileOrderIntake_MACD_Flow">
    <failure type="java.lang.Exception" message="Test Failed on Step 6">
      <![CDATA[java.lang.Exception: Test Failed on Step 6
at delivery01.soi_150.SOI_150_TC1_MobileOrderIntake_MACD_Flow.step06(SOI_150_TC1_MobileOrderIntake_MACD_Flow.java:324)
Caused by: org.openqa.selenium.StaleElementReferenceException: stale element reference: element is not attached to the page document
  (Session info: chrome=80.0.3987.122)
For documentation on this error, please visit: https://www.seleniumhq.org/exceptions/stale_element_reference.html
Build info: version: '3.141.59', revision: 'e82be7d358', time: '2018-11-14T08:17:03'
System info: host: 'INNOWAVE-383', ip: '192.168.100.249', os.name: 'Windows 10', os.arch: 'amd64', os.version: '10.0', java.version: '1.8.0_212'
Driver info: org.openqa.selenium.chrome.ChromeDriver
Capabilities {acceptInsecureCerts: false, browserName: chrome, browserVersion: 80.0.3987.122, chrome: {chromedriverVersion: 80.0.3987.16 (320f6526c1632..., userDataDir: C:\Users\luis.achas\AppData...}, goog:chromeOptions: {debuggerAddress: localhost:57529}, javascriptEnabled: true, networkConnectionEnabled: false, pageLoadStrategy: normal, platform: WINDOWS, platformName: WINDOWS, proxy: Proxy(), setWindowRect: true, strictFileInteractability: false, timeouts: {implicit: 0, pageLoad: 300000, script: 30000}, unhandledPromptBehavior: dismiss and notify}
Session ID: d58caf1146b0062eb6ecc8517ae5f5a2
at org.openqa.selenium.remote.http.W3CHttpResponseCodec.createException(W3CHttpResponseCodec.java:187)
at org.openqa.selenium.remote.http.W3CHttpResponseCodec.decode(W3CHttpResponseCodec.java:122)
at org.openqa.selenium.remote.http.W3CHttpResponseCodec.decode(W3CHttpResponseCodec.java:49)
at org.openqa.selenium.remote.HttpCommandExecutor.execute(HttpCommandExecutor.java:158)
at org.openqa.selenium.remote.service.DriverCommandExecutor.execute(DriverCommandExecutor.java:83)
at org.openqa.selenium.remote.RemoteWebDriver.execute(RemoteWebDriver.java:552)
at org.openqa.selenium.remote.RemoteWebElement.execute(RemoteWebElement.java:285)
at org.openqa.selenium.remote.RemoteWebElement.click(RemoteWebElement.java:84)
at delivery01.soi_150.SOI_150_TC1_MobileOrderIntake_MACD_Flow.step06(SOI_150_TC1_MobileOrderIntake_MACD_Flow.java:285)
... 25 more
... Removed 29 stack frames]]>
    </failure>
  </testcase> <!-- step06 -->
  <testcase name="step07" time="0.0" classname="delivery01.soi_150.SOI_150_TC1_MobileOrderIntake_MACD_Flow">
    <skipped/>
  </testcase> <!-- step07 -->
  <testcase name="step08" time="0.0" classname="delivery01.soi_150.SOI_150_TC1_MobileOrderIntake_MACD_Flow">
    <skipped/>
  </testcase> <!-- step08 -->
  <testcase name="step09" time="0.0" classname="delivery01.soi_150.SOI_150_TC1_MobileOrderIntake_MACD_Flow">
    <skipped/>
  </testcase> <!-- step09 -->
  <testcase name="step10" time="0.0" classname="delivery01.soi_150.SOI_150_TC1_MobileOrderIntake_MACD_Flow">
    <skipped/>
  </testcase> <!-- step10 -->
</testsuite> <!-- SOI_150_TC1_MobileOrderIntake_MACD_Flow -->
