<?xml version="1.0" encoding="UTF-8"?>
<!-- Generated by org.testng.reporters.JUnitXMLReporter -->
<testsuite ignored="0" hostname="INNOWAVE-383" failures="1" tests="1" name="SOI_1013_TC02_DS_Sync_ProductBasket_ProductNotValid_NegativeTest" time="94.263" errors="0" timestamp="04 jan 2021 09:09:20 GMT">
  <testcase classname="d02.SOI_1013.SOI_1013_TC02_DS_Sync_ProductBasket_ProductNotValid_NegativeTest" name="testCase" time="63.448">
    <failure type="java.lang.Exception" message="SOI_1013_TC02_DS_Sync_ProductBasket_ProductNotValid_NegativeTest - Execution Failed">
      <![CDATA[java.lang.Exception: SOI_1013_TC02_DS_Sync_ProductBasket_ProductNotValid_NegativeTest - Execution Failed
at d02.SOI_1013.SOI_1013_TC02_DS_Sync_ProductBasket_ProductNotValid_NegativeTest.testCase(SOI_1013_TC02_DS_Sync_ProductBasket_ProductNotValid_NegativeTest.java:65)
Caused by: java.lang.Exception: SOI_1013_TC02_DS_Sync_ProductBasket_ProductNotValid_NegativeTest: Test Case Failed
at delivery02.SOI_1013.SOI_1013_TC02_DS_Sync_ProductBasket_ProductNotValid_NegativeTest(SOI_1013.java:65)
at d02.SOI_1013.SOI_1013_TC02_DS_Sync_ProductBasket_ProductNotValid_NegativeTest.testCase(SOI_1013_TC02_DS_Sync_ProductBasket_ProductNotValid_NegativeTest.java:59)
... 25 more
... Removed 25 stack frames]]>
    </failure>
  </testcase> <!-- testCase -->
</testsuite> <!-- SOI_1013_TC02_DS_Sync_ProductBasket_ProductNotValid_NegativeTest -->
