<?xml version="1.0" encoding="UTF-8"?>
<!-- Generated by org.testng.reporters.JUnitXMLReporter -->
<testsuite ignored="0" hostname="INNOWAVE-383" failures="1" tests="1" name="SOI_1013_TC03_DS_Sync_ProductBasket_EmptyProduct_NegativeTest" time="67.706" errors="0" timestamp="04 jan 2021 09:10:27 GMT">
  <testcase classname="d02.SOI_1013.SOI_1013_TC03_DS_Sync_ProductBasket_EmptyProduct_NegativeTest" name="testCase" time="47.805">
    <failure type="java.lang.Exception" message="SOI_1013_TC03_DS_Sync_ProductBasket_EmptyProduct_NegativeTest: Test Case Failed">
      <![CDATA[java.lang.Exception: SOI_1013_TC03_DS_Sync_ProductBasket_EmptyProduct_NegativeTest: Test Case Failed
at delivery02.SOI_1013.SOI_1013_TC03_DS_Sync_ProductBasket_EmptyProduct_NegativeTest(SOI_1013.java:38)
at d02.SOI_1013.SOI_1013_TC03_DS_Sync_ProductBasket_EmptyProduct_NegativeTest.testCase(SOI_1013_TC03_DS_Sync_ProductBasket_EmptyProduct_NegativeTest.java:51)
... Removed 25 stack frames]]>
    </failure>
  </testcase> <!-- testCase -->
</testsuite> <!-- SOI_1013_TC03_DS_Sync_ProductBasket_EmptyProduct_NegativeTest -->
