<?xml version="1.0" encoding="UTF-8"?>
<!-- Generated by org.testng.reporters.JUnitReportReporter -->
<testsuite skipped="2" hostname="INNOWAVE-383" name="sq.J1835004000_64.SQ_J1835004000_64_Quick_Sale_Opportunity_PreFilledFields" tests="3" failures="0" timestamp="10 dez 2020 22:40:54 GMT" time="2.150" errors="1">
  <testcase name="setupDriver" time="2.150" classname="sq.J1835004000_64.SQ_J1835004000_64_Quick_Sale_Opportunity_PreFilledFields">
    <error type="org.openqa.selenium.InvalidArgumentException" message="invalid argument: user data directory is already in use, please specify a unique value for --user-data-dir argument, or don&#039;t use --user-data-dir
Build info: version: &#039;3.141.59&#039;, revision: &#039;e82be7d358&#039;, time: &#039;2018-11-14T08:17:03&#039;
System info: host: &#039;INNOWAVE-383&#039;, ip: &#039;192.168.0.164&#039;, os.name: &#039;Windows 10&#039;, os.arch: &#039;amd64&#039;, os.version: &#039;10.0&#039;, java.version: &#039;1.8.0_251&#039;
Driver info: driver.version: ChromeDriver
remote stacktrace: Backtrace:
	Ordinal0 [0x005CC0C3+3326147]
	Ordinal0 [0x004B0851+2164817]
	Ordinal0 [0x00337298+619160]
	Ordinal0 [0x002AF1FC+61948]
	Ordinal0 [0x002AC38A+50058]
	Ordinal0 [0x002D5F3E+220990]
	Ordinal0 [0x002D5CAC+220332]
	Ordinal0 [0x002D189B+202907]
	Ordinal0 [0x002B3DF4+81396]
	Ordinal0 [0x002B4DEE+85486]
	Ordinal0 [0x002B4D79+85369]
	Ordinal0 [0x004C85DC+2262492]
	GetHandleVerifier [0x00752874+1487204]
	GetHandleVerifier [0x007523CD+1486013]
	GetHandleVerifier [0x0075A368+1518680]
	GetHandleVerifier [0x00752F4E+1488958]
	Ordinal0 [0x004BED0D+2223373]
	Ordinal0 [0x004CA12B+2269483]
	Ordinal0 [0x004CA26F+2269807]
	Ordinal0 [0x004DECB8+2354360]
	BaseThreadInitThunk [0x779D6359+25]
	RtlGetAppContainerNamedObjectPath [0x77B17B74+228]
	RtlGetAppContainerNamedObjectPath [0x77B17B44+180]
">
      <![CDATA[org.openqa.selenium.InvalidArgumentException: invalid argument: user data directory is already in use, please specify a unique value for --user-data-dir argument, or don't use --user-data-dir
Build info: version: '3.141.59', revision: 'e82be7d358', time: '2018-11-14T08:17:03'
System info: host: 'INNOWAVE-383', ip: '192.168.0.164', os.name: 'Windows 10', os.arch: 'amd64', os.version: '10.0', java.version: '1.8.0_251'
Driver info: driver.version: ChromeDriver
remote stacktrace: Backtrace:
Ordinal0 [0x005CC0C3+3326147]
Ordinal0 [0x004B0851+2164817]
Ordinal0 [0x00337298+619160]
Ordinal0 [0x002AF1FC+61948]
Ordinal0 [0x002AC38A+50058]
Ordinal0 [0x002D5F3E+220990]
Ordinal0 [0x002D5CAC+220332]
Ordinal0 [0x002D189B+202907]
Ordinal0 [0x002B3DF4+81396]
Ordinal0 [0x002B4DEE+85486]
Ordinal0 [0x002B4D79+85369]
Ordinal0 [0x004C85DC+2262492]
GetHandleVerifier [0x00752874+1487204]
GetHandleVerifier [0x007523CD+1486013]
GetHandleVerifier [0x0075A368+1518680]
GetHandleVerifier [0x00752F4E+1488958]
Ordinal0 [0x004BED0D+2223373]
Ordinal0 [0x004CA12B+2269483]
Ordinal0 [0x004CA26F+2269807]
Ordinal0 [0x004DECB8+2354360]
BaseThreadInitThunk [0x779D6359+25]
RtlGetAppContainerNamedObjectPath [0x77B17B74+228]
RtlGetAppContainerNamedObjectPath [0x77B17B44+180]

at sun.reflect.NativeConstructorAccessorImpl.newInstance0(Native Method)
at sun.reflect.NativeConstructorAccessorImpl.newInstance(Unknown Source)
at sun.reflect.DelegatingConstructorAccessorImpl.newInstance(Unknown Source)
at java.lang.reflect.Constructor.newInstance(Unknown Source)
at org.openqa.selenium.remote.W3CHandshakeResponse.lambda$errorHandler$0(W3CHandshakeResponse.java:62)
at org.openqa.selenium.remote.HandshakeResponse.lambda$getResponseFunction$0(HandshakeResponse.java:30)
at org.openqa.selenium.remote.ProtocolHandshake.lambda$createSession$0(ProtocolHandshake.java:126)
at java.util.stream.ReferencePipeline$3$1.accept(Unknown Source)
at java.util.Spliterators$ArraySpliterator.tryAdvance(Unknown Source)
at java.util.stream.ReferencePipeline.forEachWithCancel(Unknown Source)
at java.util.stream.AbstractPipeline.copyIntoWithCancel(Unknown Source)
at java.util.stream.AbstractPipeline.copyInto(Unknown Source)
at java.util.stream.AbstractPipeline.wrapAndCopyInto(Unknown Source)
at java.util.stream.FindOps$FindOp.evaluateSequential(Unknown Source)
at java.util.stream.AbstractPipeline.evaluate(Unknown Source)
at java.util.stream.ReferencePipeline.findFirst(Unknown Source)
at org.openqa.selenium.remote.ProtocolHandshake.createSession(ProtocolHandshake.java:128)
at org.openqa.selenium.remote.ProtocolHandshake.createSession(ProtocolHandshake.java:74)
at org.openqa.selenium.remote.HttpCommandExecutor.execute(HttpCommandExecutor.java:136)
at org.openqa.selenium.remote.service.DriverCommandExecutor.execute(DriverCommandExecutor.java:83)
at org.openqa.selenium.remote.RemoteWebDriver.execute(RemoteWebDriver.java:552)
at org.openqa.selenium.remote.RemoteWebDriver.startSession(RemoteWebDriver.java:213)
at org.openqa.selenium.remote.RemoteWebDriver.<init>(RemoteWebDriver.java:131)
at org.openqa.selenium.chrome.ChromeDriver.<init>(ChromeDriver.java:181)
at org.openqa.selenium.chrome.ChromeDriver.<init>(ChromeDriver.java:168)
at org.openqa.selenium.chrome.ChromeDriver.<init>(ChromeDriver.java:157)
at executionDriver.ExecDriverClass.setupDriver(ExecDriverClass.java:41)
at sun.reflect.NativeMethodAccessorImpl.invoke0(Native Method)
at sun.reflect.NativeMethodAccessorImpl.invoke(Unknown Source)
at sun.reflect.DelegatingMethodAccessorImpl.invoke(Unknown Source)
at java.lang.reflect.Method.invoke(Unknown Source)
at org.testng.internal.MethodInvocationHelper.invokeMethod(MethodInvocationHelper.java:124)
at org.testng.internal.MethodInvocationHelper.invokeMethodConsideringTimeout(MethodInvocationHelper.java:59)
at org.testng.internal.Invoker.invokeConfigurationMethod(Invoker.java:458)
at org.testng.internal.Invoker.invokeConfigurations(Invoker.java:222)
at org.testng.internal.Invoker.invokeConfigurations(Invoker.java:142)
at org.testng.TestRunner.beforeRun(TestRunner.java:529)
at org.testng.TestRunner.run(TestRunner.java:497)
at org.testng.SuiteRunner.runTest(SuiteRunner.java:455)
at org.testng.SuiteRunner.runSequentially(SuiteRunner.java:450)
at org.testng.SuiteRunner.privateRun(SuiteRunner.java:415)
at org.testng.SuiteRunner.run(SuiteRunner.java:364)
at org.testng.SuiteRunnerWorker.runSuite(SuiteRunnerWorker.java:52)
at org.testng.SuiteRunnerWorker.run(SuiteRunnerWorker.java:84)
at org.testng.TestNG.runSuitesSequentially(TestNG.java:1208)
at org.testng.TestNG.runSuitesLocally(TestNG.java:1137)
at org.testng.TestNG.runSuites(TestNG.java:1049)
at org.testng.TestNG.run(TestNG.java:1017)
at org.testng.remote.AbstractRemoteTestNG.run(AbstractRemoteTestNG.java:115)
at org.testng.remote.RemoteTestNG.initAndRun(RemoteTestNG.java:251)
at org.testng.remote.RemoteTestNG.main(RemoteTestNG.java:77)
]]>
    </error>
  </testcase> <!-- setupDriver -->
  <testcase name="loginSFDS" time="0.000" classname="sq.J1835004000_64.SQ_J1835004000_64_Quick_Sale_Opportunity_PreFilledFields">
    <skipped/>
  </testcase> <!-- loginSFDS -->
  <testcase name="goToCompanyDetailsPage" time="0.000" classname="sq.J1835004000_64.SQ_J1835004000_64_Quick_Sale_Opportunity_PreFilledFields">
    <skipped/>
  </testcase> <!-- goToCompanyDetailsPage -->
</testsuite> <!-- sq.J1835004000_64.SQ_J1835004000_64_Quick_Sale_Opportunity_PreFilledFields -->
