<?xml version="1.0" encoding="UTF-8"?>
<!-- Generated by org.testng.reporters.JUnitReportReporter -->
<testsuite skipped="1" hostname="INNOWAVE-383" name="testingFrameworkPackage.GeneralTestingClass" tests="2" failures="0" timestamp="24 nov 2020 08:56:50 GMT" time="2.210" errors="1">
  <testcase name="setupDriver" time="2.210" classname="testingFrameworkPackage.GeneralTestingClass">
    <error type="org.openqa.selenium.InvalidArgumentException" message="invalid argument: user data directory is already in use, please specify a unique value for --user-data-dir argument, or don&#039;t use --user-data-dir
Build info: version: &#039;3.141.59&#039;, revision: &#039;e82be7d358&#039;, time: &#039;2018-11-14T08:17:03&#039;
System info: host: &#039;INNOWAVE-383&#039;, ip: &#039;192.168.0.164&#039;, os.name: &#039;Windows 10&#039;, os.arch: &#039;amd64&#039;, os.version: &#039;10.0&#039;, java.version: &#039;1.8.0_251&#039;
Driver info: driver.version: ChromeDriver
remote stacktrace: Backtrace:
	Ordinal0 [0x00EAD383+3134339]
	Ordinal0 [0x00D9A171+2007409]
	Ordinal0 [0x00C3AEE8+569064]
	Ordinal0 [0x00BBE1B6+57782]
	Ordinal0 [0x00BE0DFC+200188]
	Ordinal0 [0x00BE0C1D+199709]
	Ordinal0 [0x00BDEB0B+191243]
	Ordinal0 [0x00BC2E77+77431]
	Ordinal0 [0x00BC3E3E+81470]
	Ordinal0 [0x00BC3DC9+81353]
	Ordinal0 [0x00DB0CD9+2100441]
	GetHandleVerifier [0x0101B75A+1396954]
	GetHandleVerifier [0x0101B3D9+1396057]
	GetHandleVerifier [0x01027126+1444518]
	GetHandleVerifier [0x0101BCE8+1398376]
	Ordinal0 [0x00DA7F51+2064209]
	Ordinal0 [0x00DB22EB+2106091]
	Ordinal0 [0x00DB2411+2106385]
	Ordinal0 [0x00DC49C4+2181572]
	BaseThreadInitThunk [0x77896359+25]
	RtlGetAppContainerNamedObjectPath [0x77E57B74+228]
	RtlGetAppContainerNamedObjectPath [0x77E57B44+180]
">
      <![CDATA[org.openqa.selenium.InvalidArgumentException: invalid argument: user data directory is already in use, please specify a unique value for --user-data-dir argument, or don't use --user-data-dir
Build info: version: '3.141.59', revision: 'e82be7d358', time: '2018-11-14T08:17:03'
System info: host: 'INNOWAVE-383', ip: '192.168.0.164', os.name: 'Windows 10', os.arch: 'amd64', os.version: '10.0', java.version: '1.8.0_251'
Driver info: driver.version: ChromeDriver
remote stacktrace: Backtrace:
Ordinal0 [0x00EAD383+3134339]
Ordinal0 [0x00D9A171+2007409]
Ordinal0 [0x00C3AEE8+569064]
Ordinal0 [0x00BBE1B6+57782]
Ordinal0 [0x00BE0DFC+200188]
Ordinal0 [0x00BE0C1D+199709]
Ordinal0 [0x00BDEB0B+191243]
Ordinal0 [0x00BC2E77+77431]
Ordinal0 [0x00BC3E3E+81470]
Ordinal0 [0x00BC3DC9+81353]
Ordinal0 [0x00DB0CD9+2100441]
GetHandleVerifier [0x0101B75A+1396954]
GetHandleVerifier [0x0101B3D9+1396057]
GetHandleVerifier [0x01027126+1444518]
GetHandleVerifier [0x0101BCE8+1398376]
Ordinal0 [0x00DA7F51+2064209]
Ordinal0 [0x00DB22EB+2106091]
Ordinal0 [0x00DB2411+2106385]
Ordinal0 [0x00DC49C4+2181572]
BaseThreadInitThunk [0x77896359+25]
RtlGetAppContainerNamedObjectPath [0x77E57B74+228]
RtlGetAppContainerNamedObjectPath [0x77E57B44+180]

at sun.reflect.NativeConstructorAccessorImpl.newInstance0(Native Method)
at sun.reflect.NativeConstructorAccessorImpl.newInstance(Unknown Source)
at sun.reflect.DelegatingConstructorAccessorImpl.newInstance(Unknown Source)
at java.lang.reflect.Constructor.newInstance(Unknown Source)
at org.openqa.selenium.remote.W3CHandshakeResponse.lambda$errorHandler$0(W3CHandshakeResponse.java:62)
at org.openqa.selenium.remote.HandshakeResponse.lambda$getResponseFunction$0(HandshakeResponse.java:30)
at org.openqa.selenium.remote.ProtocolHandshake.lambda$createSession$0(ProtocolHandshake.java:126)
at java.util.stream.ReferencePipeline$3$1.accept(Unknown Source)
at java.util.Spliterators$ArraySpliterator.tryAdvance(Unknown Source)
at java.util.stream.ReferencePipeline.forEachWithCancel(Unknown Source)
at java.util.stream.AbstractPipeline.copyIntoWithCancel(Unknown Source)
at java.util.stream.AbstractPipeline.copyInto(Unknown Source)
at java.util.stream.AbstractPipeline.wrapAndCopyInto(Unknown Source)
at java.util.stream.FindOps$FindOp.evaluateSequential(Unknown Source)
at java.util.stream.AbstractPipeline.evaluate(Unknown Source)
at java.util.stream.ReferencePipeline.findFirst(Unknown Source)
at org.openqa.selenium.remote.ProtocolHandshake.createSession(ProtocolHandshake.java:128)
at org.openqa.selenium.remote.ProtocolHandshake.createSession(ProtocolHandshake.java:74)
at org.openqa.selenium.remote.HttpCommandExecutor.execute(HttpCommandExecutor.java:136)
at org.openqa.selenium.remote.service.DriverCommandExecutor.execute(DriverCommandExecutor.java:83)
at org.openqa.selenium.remote.RemoteWebDriver.execute(RemoteWebDriver.java:552)
at org.openqa.selenium.remote.RemoteWebDriver.startSession(RemoteWebDriver.java:213)
at org.openqa.selenium.remote.RemoteWebDriver.<init>(RemoteWebDriver.java:131)
at org.openqa.selenium.chrome.ChromeDriver.<init>(ChromeDriver.java:181)
at org.openqa.selenium.chrome.ChromeDriver.<init>(ChromeDriver.java:168)
at org.openqa.selenium.chrome.ChromeDriver.<init>(ChromeDriver.java:157)
at executionDriver.ExecDriverClass.setupDriver(ExecDriverClass.java:40)
at sun.reflect.NativeMethodAccessorImpl.invoke0(Native Method)
at sun.reflect.NativeMethodAccessorImpl.invoke(Unknown Source)
at sun.reflect.DelegatingMethodAccessorImpl.invoke(Unknown Source)
at java.lang.reflect.Method.invoke(Unknown Source)
at org.testng.internal.MethodInvocationHelper.invokeMethod(MethodInvocationHelper.java:124)
at org.testng.internal.MethodInvocationHelper.invokeMethodConsideringTimeout(MethodInvocationHelper.java:59)
at org.testng.internal.Invoker.invokeConfigurationMethod(Invoker.java:458)
at org.testng.internal.Invoker.invokeConfigurations(Invoker.java:222)
at org.testng.internal.Invoker.invokeConfigurations(Invoker.java:142)
at org.testng.TestRunner.beforeRun(TestRunner.java:529)
at org.testng.TestRunner.run(TestRunner.java:497)
at org.testng.SuiteRunner.runTest(SuiteRunner.java:455)
at org.testng.SuiteRunner.runSequentially(SuiteRunner.java:450)
at org.testng.SuiteRunner.privateRun(SuiteRunner.java:415)
at org.testng.SuiteRunner.run(SuiteRunner.java:364)
at org.testng.SuiteRunnerWorker.runSuite(SuiteRunnerWorker.java:52)
at org.testng.SuiteRunnerWorker.run(SuiteRunnerWorker.java:84)
at org.testng.TestNG.runSuitesSequentially(TestNG.java:1208)
at org.testng.TestNG.runSuitesLocally(TestNG.java:1137)
at org.testng.TestNG.runSuites(TestNG.java:1049)
at org.testng.TestNG.run(TestNG.java:1017)
at org.testng.remote.AbstractRemoteTestNG.run(AbstractRemoteTestNG.java:115)
at org.testng.remote.RemoteTestNG.initAndRun(RemoteTestNG.java:251)
at org.testng.remote.RemoteTestNG.main(RemoteTestNG.java:77)
]]>
    </error>
  </testcase> <!-- setupDriver -->
  <testcase name="test" time="0.000" classname="testingFrameworkPackage.GeneralTestingClass">
    <skipped/>
  </testcase> <!-- test -->
</testsuite> <!-- testingFrameworkPackage.GeneralTestingClass -->
