<?xml version="1.0" encoding="UTF-8"?>
<!-- Generated by org.testng.reporters.JUnitReportReporter -->
<testsuite skipped="0" hostname="INNOWAVE-383" name="sq.J1835004000_64.J1835004000_64_TC01_QuickSaleOpportunity_PreFilledFields" tests="1" failures="0" timestamp="21 dez 2020 23:11:34 GMT" time="23.952" errors="1">
  <testcase name="testCase" time="23.952" classname="sq.J1835004000_64.J1835004000_64_TC01_QuickSaleOpportunity_PreFilledFields">
    <error type="java.lang.Exception" message="J1835004000_64_TC01_QuickSaleOpportunity_PreFilledFields - Execution Failed">
      <![CDATA[java.lang.Exception: J1835004000_64_TC01_QuickSaleOpportunity_PreFilledFields - Execution Failed
at sq.J1835004000_64.J1835004000_64_TC01_QuickSaleOpportunity_PreFilledFields.testCase(J1835004000_64_TC01_QuickSaleOpportunity_PreFilledFields.java:62)
at sun.reflect.NativeMethodAccessorImpl.invoke0(Native Method)
at sun.reflect.NativeMethodAccessorImpl.invoke(Unknown Source)
at sun.reflect.DelegatingMethodAccessorImpl.invoke(Unknown Source)
at java.lang.reflect.Method.invoke(Unknown Source)
at org.testng.internal.MethodInvocationHelper.invokeMethod(MethodInvocationHelper.java:124)
at org.testng.internal.Invoker.invokeMethod(Invoker.java:583)
at org.testng.internal.Invoker.invokeTestMethod(Invoker.java:719)
at org.testng.internal.Invoker.invokeTestMethods(Invoker.java:989)
at org.testng.internal.TestMethodWorker.invokeTestMethods(TestMethodWorker.java:125)
at org.testng.internal.TestMethodWorker.run(TestMethodWorker.java:109)
at org.testng.TestRunner.privateRun(TestRunner.java:648)
at org.testng.TestRunner.run(TestRunner.java:505)
at org.testng.SuiteRunner.runTest(SuiteRunner.java:455)
at org.testng.SuiteRunner.runSequentially(SuiteRunner.java:450)
at org.testng.SuiteRunner.privateRun(SuiteRunner.java:415)
at org.testng.SuiteRunner.run(SuiteRunner.java:364)
at org.testng.SuiteRunnerWorker.runSuite(SuiteRunnerWorker.java:52)
at org.testng.SuiteRunnerWorker.run(SuiteRunnerWorker.java:84)
at org.testng.TestNG.runSuitesSequentially(TestNG.java:1208)
at org.testng.TestNG.runSuitesLocally(TestNG.java:1137)
at org.testng.TestNG.runSuites(TestNG.java:1049)
at org.testng.TestNG.run(TestNG.java:1017)
at org.testng.remote.AbstractRemoteTestNG.run(AbstractRemoteTestNG.java:115)
at org.testng.remote.RemoteTestNG.initAndRun(RemoteTestNG.java:251)
at org.testng.remote.RemoteTestNG.main(RemoteTestNG.java:77)
Caused by: java.lang.Exception: J1835004000_64_TC01_QuickSaleOpportunity_PreFilledFields: Failed
at simpleQuoting.J1835004000_64.J1835004000_64_TC01_QuickSaleOpportunity_PreFilledFields(J1835004000_64.java:43)
at sq.J1835004000_64.J1835004000_64_TC01_QuickSaleOpportunity_PreFilledFields.testCase(J1835004000_64_TC01_QuickSaleOpportunity_PreFilledFields.java:56)
... 25 more
]]>
    </error>
  </testcase> <!-- testCase -->
</testsuite> <!-- sq.J1835004000_64.J1835004000_64_TC01_QuickSaleOpportunity_PreFilledFields -->
