<?xml version="1.0" encoding="UTF-8"?>
<!-- Generated by org.testng.reporters.JUnitReportReporter -->
<testsuite skipped="0" hostname="INNOWAVE-383" name="delivery01.soi_69.ServiceScreen_AddNewService_CreateMoreThenOneSerivice_SFPC" tests="11" failures="0" timestamp="13 jan 2020 16:53:51 GMT" time="142.373" errors="1">
  <testcase name="step02" time="5.313" classname="delivery01.soi_69.ServiceScreen_AddNewService_CreateMoreThenOneSerivice_SFPC"/>
  <testcase name="step07" time="51.492" classname="delivery01.soi_69.ServiceScreen_AddNewService_CreateMoreThenOneSerivice_SFPC"/>
  <testcase name="step04" time="6.721" classname="delivery01.soi_69.ServiceScreen_AddNewService_CreateMoreThenOneSerivice_SFPC"/>
  <testcase name="step05" time="2.400" classname="delivery01.soi_69.ServiceScreen_AddNewService_CreateMoreThenOneSerivice_SFPC"/>
  <testcase name="step03" time="10.516" classname="delivery01.soi_69.ServiceScreen_AddNewService_CreateMoreThenOneSerivice_SFPC"/>
  <testcase name="step06" time="7.778" classname="delivery01.soi_69.ServiceScreen_AddNewService_CreateMoreThenOneSerivice_SFPC"/>
  <testcase name="step01" time="6.636" classname="delivery01.soi_69.ServiceScreen_AddNewService_CreateMoreThenOneSerivice_SFPC"/>
  <testcase name="step09" time="2.153" classname="delivery01.soi_69.ServiceScreen_AddNewService_CreateMoreThenOneSerivice_SFPC"/>
  <testcase name="step10" time="26.153" classname="delivery01.soi_69.ServiceScreen_AddNewService_CreateMoreThenOneSerivice_SFPC"/>
  <testcase name="step08" time="1.025" classname="delivery01.soi_69.ServiceScreen_AddNewService_CreateMoreThenOneSerivice_SFPC"/>
  <testcase name="step11" time="22.186" classname="delivery01.soi_69.ServiceScreen_AddNewService_CreateMoreThenOneSerivice_SFPC">
    <error type="java.lang.Exception" message="Test Failed on Step 11">
      <![CDATA[java.lang.Exception: Test Failed on Step 11
at delivery01.soi_69.ServiceScreen_AddNewService_CreateMoreThenOneSerivice_SFPC.step11(ServiceScreen_AddNewService_CreateMoreThenOneSerivice_SFPC.java:570)
at sun.reflect.NativeMethodAccessorImpl.invoke0(Native Method)
at sun.reflect.NativeMethodAccessorImpl.invoke(NativeMethodAccessorImpl.java:62)
at sun.reflect.DelegatingMethodAccessorImpl.invoke(DelegatingMethodAccessorImpl.java:43)
at java.lang.reflect.Method.invoke(Method.java:498)
at org.testng.internal.MethodInvocationHelper.invokeMethod(MethodInvocationHelper.java:124)
at org.testng.internal.Invoker.invokeMethod(Invoker.java:583)
at org.testng.internal.Invoker.invokeTestMethod(Invoker.java:719)
at org.testng.internal.Invoker.invokeTestMethods(Invoker.java:989)
at org.testng.internal.TestMethodWorker.invokeTestMethods(TestMethodWorker.java:125)
at org.testng.internal.TestMethodWorker.run(TestMethodWorker.java:109)
at org.testng.TestRunner.privateRun(TestRunner.java:648)
at org.testng.TestRunner.run(TestRunner.java:505)
at org.testng.SuiteRunner.runTest(SuiteRunner.java:455)
at org.testng.SuiteRunner.runSequentially(SuiteRunner.java:450)
at org.testng.SuiteRunner.privateRun(SuiteRunner.java:415)
at org.testng.SuiteRunner.run(SuiteRunner.java:364)
at org.testng.SuiteRunnerWorker.runSuite(SuiteRunnerWorker.java:52)
at org.testng.SuiteRunnerWorker.run(SuiteRunnerWorker.java:84)
at org.testng.TestNG.runSuitesSequentially(TestNG.java:1208)
at org.testng.TestNG.runSuitesLocally(TestNG.java:1137)
at org.testng.TestNG.runSuites(TestNG.java:1049)
at org.testng.TestNG.run(TestNG.java:1017)
at org.testng.remote.AbstractRemoteTestNG.run(AbstractRemoteTestNG.java:115)
at org.testng.remote.RemoteTestNG.initAndRun(RemoteTestNG.java:251)
at org.testng.remote.RemoteTestNG.main(RemoteTestNG.java:77)
Caused by: java.lang.Exception: Test Procedure to Add Service to Order. Failed on StepID: 10
at actions.FunctionalActionsSFPC.addService2Order(FunctionalActionsSFPC.java:336)
at delivery01.soi_69.ServiceScreen_AddNewService_CreateMoreThenOneSerivice_SFPC.step11(ServiceScreen_AddNewService_CreateMoreThenOneSerivice_SFPC.java:549)
... 25 more
Caused by: org.openqa.selenium.NoSuchElementException: no such element: Unable to locate element: {"method":"xpath","selector":"//span[@title='Winback']"}
  (Session info: chrome=79.0.3945.117)
For documentation on this error, please visit: https://www.seleniumhq.org/exceptions/no_such_element.html
Build info: version: '3.141.59', revision: 'e82be7d358', time: '2018-11-14T08:17:03'
System info: host: 'INNOWAVE-383', ip: '10.247.176.103', os.name: 'Windows 10', os.arch: 'amd64', os.version: '10.0', java.version: '1.8.0_212'
Driver info: org.openqa.selenium.chrome.ChromeDriver
Capabilities {acceptInsecureCerts: false, browserName: chrome, browserVersion: 79.0.3945.117, chrome: {chromedriverVersion: 79.0.3945.36 (3582db32b3389..., userDataDir: C:\Users\luis.achas\AppData...}, goog:chromeOptions: {debuggerAddress: localhost:52883}, javascriptEnabled: true, networkConnectionEnabled: false, pageLoadStrategy: normal, platform: WINDOWS, platformName: WINDOWS, proxy: Proxy(), setWindowRect: true, strictFileInteractability: false, timeouts: {implicit: 0, pageLoad: 300000, script: 30000}, unhandledPromptBehavior: dismiss and notify}
Session ID: 1441d269026c3b08ad60c9b49fd5284a
*** Element info: {Using=xpath, value=//span[@title='Winback']}
at sun.reflect.NativeConstructorAccessorImpl.newInstance0(Native Method)
at sun.reflect.NativeConstructorAccessorImpl.newInstance(NativeConstructorAccessorImpl.java:62)
at sun.reflect.DelegatingConstructorAccessorImpl.newInstance(DelegatingConstructorAccessorImpl.java:45)
at java.lang.reflect.Constructor.newInstance(Constructor.java:423)
at org.openqa.selenium.remote.http.W3CHttpResponseCodec.createException(W3CHttpResponseCodec.java:187)
at org.openqa.selenium.remote.http.W3CHttpResponseCodec.decode(W3CHttpResponseCodec.java:122)
at org.openqa.selenium.remote.http.W3CHttpResponseCodec.decode(W3CHttpResponseCodec.java:49)
at org.openqa.selenium.remote.HttpCommandExecutor.execute(HttpCommandExecutor.java:158)
at org.openqa.selenium.remote.service.DriverCommandExecutor.execute(DriverCommandExecutor.java:83)
at org.openqa.selenium.remote.RemoteWebDriver.execute(RemoteWebDriver.java:552)
at org.openqa.selenium.remote.RemoteWebDriver.findElement(RemoteWebDriver.java:323)
at org.openqa.selenium.remote.RemoteWebDriver.findElementByXPath(RemoteWebDriver.java:428)
at org.openqa.selenium.By$ByXPath.findElement(By.java:353)
at org.openqa.selenium.remote.RemoteWebDriver.findElement(RemoteWebDriver.java:315)
at actions.FunctionalActionsSFPC.addService2Order(FunctionalActionsSFPC.java:321)
... 26 more
]]>
    </error>
  </testcase> <!-- step11 -->
</testsuite> <!-- delivery01.soi_69.ServiceScreen_AddNewService_CreateMoreThenOneSerivice_SFPC -->
