<?xml version="1.0" encoding="UTF-8"?>
<!-- Generated by org.testng.reporters.JUnitReportReporter -->
<testsuite skipped="7" hostname="INNOWAVE-429" name="delivery01.soi_66.AgreementCreation_From_Oportunity_MobileVoice_SFPC" tests="8" failures="0" timestamp="20 Dec 2019 12:47:47 GMT" time="1.287" errors="1">
  <testcase name="step05" time="0.002" classname="delivery01.soi_66.AgreementCreation_From_Oportunity_MobileVoice_SFPC">
    <skipped/>
  </testcase> <!-- step05 -->
  <testcase name="step07" time="0.000" classname="delivery01.soi_66.AgreementCreation_From_Oportunity_MobileVoice_SFPC">
    <skipped/>
  </testcase> <!-- step07 -->
  <testcase name="step04" time="0.000" classname="delivery01.soi_66.AgreementCreation_From_Oportunity_MobileVoice_SFPC">
    <skipped/>
  </testcase> <!-- step04 -->
  <testcase name="step02" time="0.000" classname="delivery01.soi_66.AgreementCreation_From_Oportunity_MobileVoice_SFPC">
    <skipped/>
  </testcase> <!-- step02 -->
  <testcase name="step03" time="0.000" classname="delivery01.soi_66.AgreementCreation_From_Oportunity_MobileVoice_SFPC">
    <skipped/>
  </testcase> <!-- step03 -->
  <testcase name="step06" time="0.000" classname="delivery01.soi_66.AgreementCreation_From_Oportunity_MobileVoice_SFPC">
    <skipped/>
  </testcase> <!-- step06 -->
  <testcase name="beforeTest" time="1.285" classname="delivery01.soi_66.AgreementCreation_From_Oportunity_MobileVoice_SFPC">
    <error type="org.openqa.selenium.InvalidArgumentException" message="invalid argument: user data directory is already in use, please specify a unique value for --user-data-dir argument, or don&#039;t use --user-data-dir
Build info: version: &#039;3.141.59&#039;, revision: &#039;e82be7d358&#039;, time: &#039;2018-11-14T08:17:03&#039;
System info: host: &#039;INNOWAVE-429&#039;, ip: &#039;192.168.202.183&#039;, os.name: &#039;Windows 10&#039;, os.arch: &#039;amd64&#039;, os.version: &#039;10.0&#039;, java.version: &#039;1.8.0_231&#039;
Driver info: driver.version: ChromeDriver
remote stacktrace: Backtrace:
	Ordinal0 [0x00A0A903+1550595]
	Ordinal0 [0x0098A701+1025793]
	Ordinal0 [0x0090C6E5+509669]
	Ordinal0 [0x0089CABE+51902]
	Ordinal0 [0x008BACE7+175335]
	Ordinal0 [0x008BA8ED+174317]
	Ordinal0 [0x008B8CDB+167131]
	Ordinal0 [0x008A144A+70730]
	Ordinal0 [0x008A24D0+74960]
	Ordinal0 [0x008A2469+74857]
	Ordinal0 [0x009A42C7+1131207]
	GetHandleVerifier [0x00AA70FD+523789]
	GetHandleVerifier [0x00AA6E90+523168]
	GetHandleVerifier [0x00AAE1E7+552695]
	GetHandleVerifier [0x00AA78FA+525834]
	Ordinal0 [0x0099B7FC+1095676]
	Ordinal0 [0x009A633B+1139515]
	Ordinal0 [0x009A64A3+1139875]
	Ordinal0 [0x009A5425+1135653]
	BaseThreadInitThunk [0x75C46359+25]
	RtlGetAppContainerNamedObjectPath [0x778B7B74+228]
	RtlGetAppContainerNamedObjectPath [0x778B7B44+180]
">
      <![CDATA[org.openqa.selenium.InvalidArgumentException: invalid argument: user data directory is already in use, please specify a unique value for --user-data-dir argument, or don't use --user-data-dir
Build info: version: '3.141.59', revision: 'e82be7d358', time: '2018-11-14T08:17:03'
System info: host: 'INNOWAVE-429', ip: '192.168.202.183', os.name: 'Windows 10', os.arch: 'amd64', os.version: '10.0', java.version: '1.8.0_231'
Driver info: driver.version: ChromeDriver
remote stacktrace: Backtrace:
Ordinal0 [0x00A0A903+1550595]
Ordinal0 [0x0098A701+1025793]
Ordinal0 [0x0090C6E5+509669]
Ordinal0 [0x0089CABE+51902]
Ordinal0 [0x008BACE7+175335]
Ordinal0 [0x008BA8ED+174317]
Ordinal0 [0x008B8CDB+167131]
Ordinal0 [0x008A144A+70730]
Ordinal0 [0x008A24D0+74960]
Ordinal0 [0x008A2469+74857]
Ordinal0 [0x009A42C7+1131207]
GetHandleVerifier [0x00AA70FD+523789]
GetHandleVerifier [0x00AA6E90+523168]
GetHandleVerifier [0x00AAE1E7+552695]
GetHandleVerifier [0x00AA78FA+525834]
Ordinal0 [0x0099B7FC+1095676]
Ordinal0 [0x009A633B+1139515]
Ordinal0 [0x009A64A3+1139875]
Ordinal0 [0x009A5425+1135653]
BaseThreadInitThunk [0x75C46359+25]
RtlGetAppContainerNamedObjectPath [0x778B7B74+228]
RtlGetAppContainerNamedObjectPath [0x778B7B44+180]

at sun.reflect.NativeConstructorAccessorImpl.newInstance0(Native Method)
at sun.reflect.NativeConstructorAccessorImpl.newInstance(Unknown Source)
at sun.reflect.DelegatingConstructorAccessorImpl.newInstance(Unknown Source)
at java.lang.reflect.Constructor.newInstance(Unknown Source)
at org.openqa.selenium.remote.W3CHandshakeResponse.lambda$errorHandler$0(W3CHandshakeResponse.java:62)
at org.openqa.selenium.remote.HandshakeResponse.lambda$getResponseFunction$0(HandshakeResponse.java:30)
at org.openqa.selenium.remote.ProtocolHandshake.lambda$createSession$0(ProtocolHandshake.java:126)
at java.util.stream.ReferencePipeline$3$1.accept(Unknown Source)
at java.util.Spliterators$ArraySpliterator.tryAdvance(Unknown Source)
at java.util.stream.ReferencePipeline.forEachWithCancel(Unknown Source)
at java.util.stream.AbstractPipeline.copyIntoWithCancel(Unknown Source)
at java.util.stream.AbstractPipeline.copyInto(Unknown Source)
at java.util.stream.AbstractPipeline.wrapAndCopyInto(Unknown Source)
at java.util.stream.FindOps$FindOp.evaluateSequential(Unknown Source)
at java.util.stream.AbstractPipeline.evaluate(Unknown Source)
at java.util.stream.ReferencePipeline.findFirst(Unknown Source)
at org.openqa.selenium.remote.ProtocolHandshake.createSession(ProtocolHandshake.java:128)
at org.openqa.selenium.remote.ProtocolHandshake.createSession(ProtocolHandshake.java:74)
at org.openqa.selenium.remote.HttpCommandExecutor.execute(HttpCommandExecutor.java:136)
at org.openqa.selenium.remote.service.DriverCommandExecutor.execute(DriverCommandExecutor.java:83)
at org.openqa.selenium.remote.RemoteWebDriver.execute(RemoteWebDriver.java:552)
at org.openqa.selenium.remote.RemoteWebDriver.startSession(RemoteWebDriver.java:213)
at org.openqa.selenium.remote.RemoteWebDriver.<init>(RemoteWebDriver.java:131)
at org.openqa.selenium.chrome.ChromeDriver.<init>(ChromeDriver.java:181)
at org.openqa.selenium.chrome.ChromeDriver.<init>(ChromeDriver.java:168)
at org.openqa.selenium.chrome.ChromeDriver.<init>(ChromeDriver.java:157)
at delivery01.soi_66.AgreementCreation_From_Oportunity_MobileVoice_SFPC.beforeTest(AgreementCreation_From_Oportunity_MobileVoice_SFPC.java:84)
at sun.reflect.NativeMethodAccessorImpl.invoke0(Native Method)
at sun.reflect.NativeMethodAccessorImpl.invoke(Unknown Source)
at sun.reflect.DelegatingMethodAccessorImpl.invoke(Unknown Source)
at java.lang.reflect.Method.invoke(Unknown Source)
at org.testng.internal.MethodInvocationHelper.invokeMethod(MethodInvocationHelper.java:124)
at org.testng.internal.MethodInvocationHelper.invokeMethodConsideringTimeout(MethodInvocationHelper.java:59)
at org.testng.internal.Invoker.invokeConfigurationMethod(Invoker.java:458)
at org.testng.internal.Invoker.invokeConfigurations(Invoker.java:222)
at org.testng.internal.Invoker.invokeConfigurations(Invoker.java:142)
at org.testng.TestRunner.beforeRun(TestRunner.java:529)
at org.testng.TestRunner.run(TestRunner.java:497)
at org.testng.SuiteRunner.runTest(SuiteRunner.java:455)
at org.testng.SuiteRunner.runSequentially(SuiteRunner.java:450)
at org.testng.SuiteRunner.privateRun(SuiteRunner.java:415)
at org.testng.SuiteRunner.run(SuiteRunner.java:364)
at org.testng.SuiteRunnerWorker.runSuite(SuiteRunnerWorker.java:52)
at org.testng.SuiteRunnerWorker.run(SuiteRunnerWorker.java:84)
at org.testng.TestNG.runSuitesSequentially(TestNG.java:1208)
at org.testng.TestNG.runSuitesLocally(TestNG.java:1137)
at org.testng.TestNG.runSuites(TestNG.java:1049)
at org.testng.TestNG.run(TestNG.java:1017)
at org.testng.remote.AbstractRemoteTestNG.run(AbstractRemoteTestNG.java:115)
at org.testng.remote.RemoteTestNG.initAndRun(RemoteTestNG.java:251)
at org.testng.remote.RemoteTestNG.main(RemoteTestNG.java:77)
]]>
    </error>
  </testcase> <!-- beforeTest -->
  <testcase name="step01" time="0.000" classname="delivery01.soi_66.AgreementCreation_From_Oportunity_MobileVoice_SFPC">
    <skipped/>
  </testcase> <!-- step01 -->
</testsuite> <!-- delivery01.soi_66.AgreementCreation_From_Oportunity_MobileVoice_SFPC -->
