<?xml version="1.0" encoding="UTF-8"?>
<!-- Generated by org.testng.reporters.JUnitReportReporter -->
<testsuite skipped="5" hostname="INNOWAVE-383" name="delivery01.soi_76.SOI_76_TC1_MobileOrderIntake_CaseCreation" tests="13" failures="0" timestamp="20 fev 2020 00:21:54 GMT" time="131.431" errors="1">
  <testcase name="step06" time="5.276" classname="delivery01.soi_76.SOI_76_TC1_MobileOrderIntake_CaseCreation"/>
  <testcase name="step12" time="0.000" classname="delivery01.soi_76.SOI_76_TC1_MobileOrderIntake_CaseCreation">
    <skipped/>
  </testcase> <!-- step12 -->
  <testcase name="step09" time="0.000" classname="delivery01.soi_76.SOI_76_TC1_MobileOrderIntake_CaseCreation">
    <skipped/>
  </testcase> <!-- step09 -->
  <testcase name="step04" time="19.937" classname="delivery01.soi_76.SOI_76_TC1_MobileOrderIntake_CaseCreation"/>
  <testcase name="step05" time="7.357" classname="delivery01.soi_76.SOI_76_TC1_MobileOrderIntake_CaseCreation"/>
  <testcase name="step11" time="0.000" classname="delivery01.soi_76.SOI_76_TC1_MobileOrderIntake_CaseCreation">
    <skipped/>
  </testcase> <!-- step11 -->
  <testcase name="step01" time="18.652" classname="delivery01.soi_76.SOI_76_TC1_MobileOrderIntake_CaseCreation"/>
  <testcase name="step02" time="8.533" classname="delivery01.soi_76.SOI_76_TC1_MobileOrderIntake_CaseCreation"/>
  <testcase name="step13" time="0.000" classname="delivery01.soi_76.SOI_76_TC1_MobileOrderIntake_CaseCreation">
    <skipped/>
  </testcase> <!-- step13 -->
  <testcase name="step03" time="19.783" classname="delivery01.soi_76.SOI_76_TC1_MobileOrderIntake_CaseCreation"/>
  <testcase name="step08" time="27.367" classname="delivery01.soi_76.SOI_76_TC1_MobileOrderIntake_CaseCreation">
    <error type="java.lang.Exception" message="Test Failed on Step 8">
      <![CDATA[java.lang.Exception: Test Failed on Step 8
at delivery01.soi_76.SOI_76_TC1_MobileOrderIntake_CaseCreation.step08(SOI_76_TC1_MobileOrderIntake_CaseCreation.java:372)
at sun.reflect.NativeMethodAccessorImpl.invoke0(Native Method)
at sun.reflect.NativeMethodAccessorImpl.invoke(NativeMethodAccessorImpl.java:62)
at sun.reflect.DelegatingMethodAccessorImpl.invoke(DelegatingMethodAccessorImpl.java:43)
at java.lang.reflect.Method.invoke(Method.java:498)
at org.testng.internal.MethodInvocationHelper.invokeMethod(MethodInvocationHelper.java:124)
at org.testng.internal.Invoker.invokeMethod(Invoker.java:583)
at org.testng.internal.Invoker.invokeTestMethod(Invoker.java:719)
at org.testng.internal.Invoker.invokeTestMethods(Invoker.java:989)
at org.testng.internal.TestMethodWorker.invokeTestMethods(TestMethodWorker.java:125)
at org.testng.internal.TestMethodWorker.run(TestMethodWorker.java:109)
at org.testng.TestRunner.privateRun(TestRunner.java:648)
at org.testng.TestRunner.run(TestRunner.java:505)
at org.testng.SuiteRunner.runTest(SuiteRunner.java:455)
at org.testng.SuiteRunner.runSequentially(SuiteRunner.java:450)
at org.testng.SuiteRunner.privateRun(SuiteRunner.java:415)
at org.testng.SuiteRunner.run(SuiteRunner.java:364)
at org.testng.SuiteRunnerWorker.runSuite(SuiteRunnerWorker.java:52)
at org.testng.SuiteRunnerWorker.run(SuiteRunnerWorker.java:84)
at org.testng.TestNG.runSuitesSequentially(TestNG.java:1208)
at org.testng.TestNG.runSuitesLocally(TestNG.java:1137)
at org.testng.TestNG.runSuites(TestNG.java:1049)
at org.testng.TestNG.run(TestNG.java:1017)
at org.testng.remote.AbstractRemoteTestNG.run(AbstractRemoteTestNG.java:115)
at org.testng.remote.RemoteTestNG.initAndRun(RemoteTestNG.java:251)
at org.testng.remote.RemoteTestNG.main(RemoteTestNG.java:77)
Caused by: java.lang.Exception: Closing Won Opportunity - Failed
at actions.FunctionalActionsSFDS.closeWonOppie(FunctionalActionsSFDS.java:208)
at delivery01.soi_76.SOI_76_TC1_MobileOrderIntake_CaseCreation.step08(SOI_76_TC1_MobileOrderIntake_CaseCreation.java:349)
... 25 more
Caused by: org.openqa.selenium.NoSuchElementException: no such element: Unable to locate element: {"method":"css selector","selector":"flexipage\-aura\-wrapper"}
  (Session info: chrome=80.0.3987.116)
For documentation on this error, please visit: https://www.seleniumhq.org/exceptions/no_such_element.html
Build info: version: '3.141.59', revision: 'e82be7d358', time: '2018-11-14T08:17:03'
System info: host: 'INNOWAVE-383', ip: '192.168.0.164', os.name: 'Windows 10', os.arch: 'amd64', os.version: '10.0', java.version: '1.8.0_212'
Driver info: org.openqa.selenium.chrome.ChromeDriver
Capabilities {acceptInsecureCerts: false, browserName: chrome, browserVersion: 80.0.3987.116, chrome: {chromedriverVersion: 80.0.3987.16 (320f6526c1632..., userDataDir: C:\Users\luis.achas\AppData...}, goog:chromeOptions: {debuggerAddress: localhost:61775}, javascriptEnabled: true, networkConnectionEnabled: false, pageLoadStrategy: normal, platform: WINDOWS, platformName: WINDOWS, proxy: Proxy(), setWindowRect: true, strictFileInteractability: false, timeouts: {implicit: 0, pageLoad: 300000, script: 30000}, unhandledPromptBehavior: dismiss and notify}
Session ID: 9e3068a0474848aad6b59f2147cdc6ec
*** Element info: {Using=tag name, value=flexipage-aura-wrapper}
at sun.reflect.NativeConstructorAccessorImpl.newInstance0(Native Method)
at sun.reflect.NativeConstructorAccessorImpl.newInstance(NativeConstructorAccessorImpl.java:62)
at sun.reflect.DelegatingConstructorAccessorImpl.newInstance(DelegatingConstructorAccessorImpl.java:45)
at java.lang.reflect.Constructor.newInstance(Constructor.java:423)
at org.openqa.selenium.remote.http.W3CHttpResponseCodec.createException(W3CHttpResponseCodec.java:187)
at org.openqa.selenium.remote.http.W3CHttpResponseCodec.decode(W3CHttpResponseCodec.java:122)
at org.openqa.selenium.remote.http.W3CHttpResponseCodec.decode(W3CHttpResponseCodec.java:49)
at org.openqa.selenium.remote.HttpCommandExecutor.execute(HttpCommandExecutor.java:158)
at org.openqa.selenium.remote.service.DriverCommandExecutor.execute(DriverCommandExecutor.java:83)
at org.openqa.selenium.remote.RemoteWebDriver.execute(RemoteWebDriver.java:552)
at org.openqa.selenium.remote.RemoteWebDriver.findElement(RemoteWebDriver.java:323)
at org.openqa.selenium.remote.RemoteWebDriver.findElementByTagName(RemoteWebDriver.java:396)
at org.openqa.selenium.By$ByTagName.findElement(By.java:320)
at org.openqa.selenium.remote.RemoteWebDriver.findElement(RemoteWebDriver.java:315)
at actions.FunctionalActionsSFDS.closeWonOppie(FunctionalActionsSFDS.java:183)
... 26 more
]]>
    </error>
  </testcase> <!-- step08 -->
  <testcase name="step07" time="24.526" classname="delivery01.soi_76.SOI_76_TC1_MobileOrderIntake_CaseCreation"/>
  <testcase name="step10" time="0.000" classname="delivery01.soi_76.SOI_76_TC1_MobileOrderIntake_CaseCreation">
    <skipped/>
  </testcase> <!-- step10 -->
</testsuite> <!-- delivery01.soi_76.SOI_76_TC1_MobileOrderIntake_CaseCreation -->
