<?xml version="1.0" encoding="UTF-8"?>
<!-- Generated by org.testng.reporters.JUnitReportReporter -->
<testsuite skipped="4" hostname="INNOWAVE-383" name="delivery01.soi_150.SOI_150_TC1_MobileOrderIntake_MACD_Flow" tests="10" failures="0" timestamp="27 fev 2020 14:51:17 GMT" time="31.646" errors="1">
  <testcase name="step04" time="1.262" classname="delivery01.soi_150.SOI_150_TC1_MobileOrderIntake_MACD_Flow"/>
  <testcase name="step01" time="13.026" classname="delivery01.soi_150.SOI_150_TC1_MobileOrderIntake_MACD_Flow"/>
  <testcase name="step09" time="0.000" classname="delivery01.soi_150.SOI_150_TC1_MobileOrderIntake_MACD_Flow">
    <skipped/>
  </testcase> <!-- step09 -->
  <testcase name="step10" time="0.000" classname="delivery01.soi_150.SOI_150_TC1_MobileOrderIntake_MACD_Flow">
    <skipped/>
  </testcase> <!-- step10 -->
  <testcase name="step02" time="8.421" classname="delivery01.soi_150.SOI_150_TC1_MobileOrderIntake_MACD_Flow"/>
  <testcase name="step06" time="2.701" classname="delivery01.soi_150.SOI_150_TC1_MobileOrderIntake_MACD_Flow">
    <error type="java.lang.Exception" message="Test Failed on Step 6">
      <![CDATA[java.lang.Exception: Test Failed on Step 6
at delivery01.soi_150.SOI_150_TC1_MobileOrderIntake_MACD_Flow.step06(SOI_150_TC1_MobileOrderIntake_MACD_Flow.java:324)
at sun.reflect.NativeMethodAccessorImpl.invoke0(Native Method)
at sun.reflect.NativeMethodAccessorImpl.invoke(NativeMethodAccessorImpl.java:62)
at sun.reflect.DelegatingMethodAccessorImpl.invoke(DelegatingMethodAccessorImpl.java:43)
at java.lang.reflect.Method.invoke(Method.java:498)
at org.testng.internal.MethodInvocationHelper.invokeMethod(MethodInvocationHelper.java:124)
at org.testng.internal.Invoker.invokeMethod(Invoker.java:583)
at org.testng.internal.Invoker.invokeTestMethod(Invoker.java:719)
at org.testng.internal.Invoker.invokeTestMethods(Invoker.java:989)
at org.testng.internal.TestMethodWorker.invokeTestMethods(TestMethodWorker.java:125)
at org.testng.internal.TestMethodWorker.run(TestMethodWorker.java:109)
at org.testng.TestRunner.privateRun(TestRunner.java:648)
at org.testng.TestRunner.run(TestRunner.java:505)
at org.testng.SuiteRunner.runTest(SuiteRunner.java:455)
at org.testng.SuiteRunner.runSequentially(SuiteRunner.java:450)
at org.testng.SuiteRunner.privateRun(SuiteRunner.java:415)
at org.testng.SuiteRunner.run(SuiteRunner.java:364)
at org.testng.SuiteRunnerWorker.runSuite(SuiteRunnerWorker.java:52)
at org.testng.SuiteRunnerWorker.run(SuiteRunnerWorker.java:84)
at org.testng.TestNG.runSuitesSequentially(TestNG.java:1208)
at org.testng.TestNG.runSuitesLocally(TestNG.java:1137)
at org.testng.TestNG.runSuites(TestNG.java:1049)
at org.testng.TestNG.run(TestNG.java:1017)
at org.testng.remote.AbstractRemoteTestNG.run(AbstractRemoteTestNG.java:115)
at org.testng.remote.RemoteTestNG.initAndRun(RemoteTestNG.java:251)
at org.testng.remote.RemoteTestNG.main(RemoteTestNG.java:77)
Caused by: org.openqa.selenium.StaleElementReferenceException: stale element reference: element is not attached to the page document
  (Session info: chrome=80.0.3987.122)
For documentation on this error, please visit: https://www.seleniumhq.org/exceptions/stale_element_reference.html
Build info: version: '3.141.59', revision: 'e82be7d358', time: '2018-11-14T08:17:03'
System info: host: 'INNOWAVE-383', ip: '192.168.100.249', os.name: 'Windows 10', os.arch: 'amd64', os.version: '10.0', java.version: '1.8.0_212'
Driver info: org.openqa.selenium.chrome.ChromeDriver
Capabilities {acceptInsecureCerts: false, browserName: chrome, browserVersion: 80.0.3987.122, chrome: {chromedriverVersion: 80.0.3987.16 (320f6526c1632..., userDataDir: C:\Users\luis.achas\AppData...}, goog:chromeOptions: {debuggerAddress: localhost:57529}, javascriptEnabled: true, networkConnectionEnabled: false, pageLoadStrategy: normal, platform: WINDOWS, platformName: WINDOWS, proxy: Proxy(), setWindowRect: true, strictFileInteractability: false, timeouts: {implicit: 0, pageLoad: 300000, script: 30000}, unhandledPromptBehavior: dismiss and notify}
Session ID: d58caf1146b0062eb6ecc8517ae5f5a2
at sun.reflect.NativeConstructorAccessorImpl.newInstance0(Native Method)
at sun.reflect.NativeConstructorAccessorImpl.newInstance(NativeConstructorAccessorImpl.java:62)
at sun.reflect.DelegatingConstructorAccessorImpl.newInstance(DelegatingConstructorAccessorImpl.java:45)
at java.lang.reflect.Constructor.newInstance(Constructor.java:423)
at org.openqa.selenium.remote.http.W3CHttpResponseCodec.createException(W3CHttpResponseCodec.java:187)
at org.openqa.selenium.remote.http.W3CHttpResponseCodec.decode(W3CHttpResponseCodec.java:122)
at org.openqa.selenium.remote.http.W3CHttpResponseCodec.decode(W3CHttpResponseCodec.java:49)
at org.openqa.selenium.remote.HttpCommandExecutor.execute(HttpCommandExecutor.java:158)
at org.openqa.selenium.remote.service.DriverCommandExecutor.execute(DriverCommandExecutor.java:83)
at org.openqa.selenium.remote.RemoteWebDriver.execute(RemoteWebDriver.java:552)
at org.openqa.selenium.remote.RemoteWebElement.execute(RemoteWebElement.java:285)
at org.openqa.selenium.remote.RemoteWebElement.click(RemoteWebElement.java:84)
at delivery01.soi_150.SOI_150_TC1_MobileOrderIntake_MACD_Flow.step06(SOI_150_TC1_MobileOrderIntake_MACD_Flow.java:285)
... 25 more
]]>
    </error>
  </testcase> <!-- step06 -->
  <testcase name="step05" time="1.789" classname="delivery01.soi_150.SOI_150_TC1_MobileOrderIntake_MACD_Flow"/>
  <testcase name="step08" time="0.000" classname="delivery01.soi_150.SOI_150_TC1_MobileOrderIntake_MACD_Flow">
    <skipped/>
  </testcase> <!-- step08 -->
  <testcase name="step03" time="4.447" classname="delivery01.soi_150.SOI_150_TC1_MobileOrderIntake_MACD_Flow"/>
  <testcase name="step07" time="0.000" classname="delivery01.soi_150.SOI_150_TC1_MobileOrderIntake_MACD_Flow">
    <skipped/>
  </testcase> <!-- step07 -->
</testsuite> <!-- delivery01.soi_150.SOI_150_TC1_MobileOrderIntake_MACD_Flow -->
