<?xml version="1.0" encoding="UTF-8"?>
<!-- Generated by org.testng.reporters.JUnitReportReporter -->
<testsuite skipped="6" hostname="INNOWAVE-383" name="delivery01.soi_66.AgreementCreation_From_Oportunity_MobileVoice_Negative_SFPC" tests="7" failures="0" timestamp="03 jan 2020 15:21:51 GMT" time="0.561" errors="1">
  <testcase name="step05" time="0.000" classname="delivery01.soi_66.AgreementCreation_From_Oportunity_MobileVoice_Negative_SFPC">
    <skipped/>
  </testcase> <!-- step05 -->
  <testcase name="step03" time="0.000" classname="delivery01.soi_66.AgreementCreation_From_Oportunity_MobileVoice_Negative_SFPC">
    <skipped/>
  </testcase> <!-- step03 -->
  <testcase name="step01" time="0.000" classname="delivery01.soi_66.AgreementCreation_From_Oportunity_MobileVoice_Negative_SFPC">
    <skipped/>
  </testcase> <!-- step01 -->
  <testcase name="beforeTest" time="0.561" classname="delivery01.soi_66.AgreementCreation_From_Oportunity_MobileVoice_Negative_SFPC">
    <error type="org.openqa.selenium.WebDriverException" message="unknown error: cannot create default profile directory
Build info: version: &#039;3.141.59&#039;, revision: &#039;e82be7d358&#039;, time: &#039;2018-11-14T08:17:03&#039;
System info: host: &#039;INNOWAVE-383&#039;, ip: &#039;192.168.100.249&#039;, os.name: &#039;Windows 10&#039;, os.arch: &#039;amd64&#039;, os.version: &#039;10.0&#039;, java.version: &#039;1.8.0_212&#039;
Driver info: driver.version: ChromeDriver
remote stacktrace: Backtrace:
	Ordinal0 [0x00A6A903+1550595]
	Ordinal0 [0x009EA701+1025793]
	Ordinal0 [0x0096C6E5+509669]
	Ordinal0 [0x008FF009+61449]
	Ordinal0 [0x008FC01C+49180]
	Ordinal0 [0x0091ACE7+175335]
	Ordinal0 [0x0091A8ED+174317]
	Ordinal0 [0x00918CDB+167131]
	Ordinal0 [0x0090144A+70730]
	Ordinal0 [0x009024D0+74960]
	Ordinal0 [0x00902469+74857]
	Ordinal0 [0x00A042C7+1131207]
	GetHandleVerifier [0x00B070FD+523789]
	GetHandleVerifier [0x00B06E90+523168]
	GetHandleVerifier [0x00B0E1E7+552695]
	GetHandleVerifier [0x00B078FA+525834]
	Ordinal0 [0x009FB7FC+1095676]
	Ordinal0 [0x00A0633B+1139515]
	Ordinal0 [0x00A064A3+1139875]
	Ordinal0 [0x00A05425+1135653]
	BaseThreadInitThunk [0x76CD6359+25]
	RtlGetAppContainerNamedObjectPath [0x770E7B74+228]
	RtlGetAppContainerNamedObjectPath [0x770E7B44+180]
">
      <![CDATA[org.openqa.selenium.WebDriverException: unknown error: cannot create default profile directory
Build info: version: '3.141.59', revision: 'e82be7d358', time: '2018-11-14T08:17:03'
System info: host: 'INNOWAVE-383', ip: '192.168.100.249', os.name: 'Windows 10', os.arch: 'amd64', os.version: '10.0', java.version: '1.8.0_212'
Driver info: driver.version: ChromeDriver
remote stacktrace: Backtrace:
Ordinal0 [0x00A6A903+1550595]
Ordinal0 [0x009EA701+1025793]
Ordinal0 [0x0096C6E5+509669]
Ordinal0 [0x008FF009+61449]
Ordinal0 [0x008FC01C+49180]
Ordinal0 [0x0091ACE7+175335]
Ordinal0 [0x0091A8ED+174317]
Ordinal0 [0x00918CDB+167131]
Ordinal0 [0x0090144A+70730]
Ordinal0 [0x009024D0+74960]
Ordinal0 [0x00902469+74857]
Ordinal0 [0x00A042C7+1131207]
GetHandleVerifier [0x00B070FD+523789]
GetHandleVerifier [0x00B06E90+523168]
GetHandleVerifier [0x00B0E1E7+552695]
GetHandleVerifier [0x00B078FA+525834]
Ordinal0 [0x009FB7FC+1095676]
Ordinal0 [0x00A0633B+1139515]
Ordinal0 [0x00A064A3+1139875]
Ordinal0 [0x00A05425+1135653]
BaseThreadInitThunk [0x76CD6359+25]
RtlGetAppContainerNamedObjectPath [0x770E7B74+228]
RtlGetAppContainerNamedObjectPath [0x770E7B44+180]

at sun.reflect.NativeConstructorAccessorImpl.newInstance0(Native Method)
at sun.reflect.NativeConstructorAccessorImpl.newInstance(NativeConstructorAccessorImpl.java:62)
at sun.reflect.DelegatingConstructorAccessorImpl.newInstance(DelegatingConstructorAccessorImpl.java:45)
at java.lang.reflect.Constructor.newInstance(Constructor.java:423)
at org.openqa.selenium.remote.W3CHandshakeResponse.lambda$errorHandler$0(W3CHandshakeResponse.java:62)
at org.openqa.selenium.remote.HandshakeResponse.lambda$getResponseFunction$0(HandshakeResponse.java:30)
at org.openqa.selenium.remote.ProtocolHandshake.lambda$createSession$0(ProtocolHandshake.java:126)
at java.util.stream.ReferencePipeline$3$1.accept(ReferencePipeline.java:193)
at java.util.Spliterators$ArraySpliterator.tryAdvance(Spliterators.java:958)
at java.util.stream.ReferencePipeline.forEachWithCancel(ReferencePipeline.java:126)
at java.util.stream.AbstractPipeline.copyIntoWithCancel(AbstractPipeline.java:498)
at java.util.stream.AbstractPipeline.copyInto(AbstractPipeline.java:485)
at java.util.stream.AbstractPipeline.wrapAndCopyInto(AbstractPipeline.java:471)
at java.util.stream.FindOps$FindOp.evaluateSequential(FindOps.java:152)
at java.util.stream.AbstractPipeline.evaluate(AbstractPipeline.java:234)
at java.util.stream.ReferencePipeline.findFirst(ReferencePipeline.java:464)
at org.openqa.selenium.remote.ProtocolHandshake.createSession(ProtocolHandshake.java:128)
at org.openqa.selenium.remote.ProtocolHandshake.createSession(ProtocolHandshake.java:74)
at org.openqa.selenium.remote.HttpCommandExecutor.execute(HttpCommandExecutor.java:136)
at org.openqa.selenium.remote.service.DriverCommandExecutor.execute(DriverCommandExecutor.java:83)
at org.openqa.selenium.remote.RemoteWebDriver.execute(RemoteWebDriver.java:552)
at org.openqa.selenium.remote.RemoteWebDriver.startSession(RemoteWebDriver.java:213)
at org.openqa.selenium.remote.RemoteWebDriver.<init>(RemoteWebDriver.java:131)
at org.openqa.selenium.chrome.ChromeDriver.<init>(ChromeDriver.java:181)
at org.openqa.selenium.chrome.ChromeDriver.<init>(ChromeDriver.java:168)
at org.openqa.selenium.chrome.ChromeDriver.<init>(ChromeDriver.java:157)
at delivery01.soi_66.AgreementCreation_From_Oportunity_MobileVoice_Negative_SFPC.beforeTest(AgreementCreation_From_Oportunity_MobileVoice_Negative_SFPC.java:85)
at sun.reflect.NativeMethodAccessorImpl.invoke0(Native Method)
at sun.reflect.NativeMethodAccessorImpl.invoke(NativeMethodAccessorImpl.java:62)
at sun.reflect.DelegatingMethodAccessorImpl.invoke(DelegatingMethodAccessorImpl.java:43)
at java.lang.reflect.Method.invoke(Method.java:498)
at org.testng.internal.MethodInvocationHelper.invokeMethod(MethodInvocationHelper.java:124)
at org.testng.internal.MethodInvocationHelper.invokeMethodConsideringTimeout(MethodInvocationHelper.java:59)
at org.testng.internal.Invoker.invokeConfigurationMethod(Invoker.java:458)
at org.testng.internal.Invoker.invokeConfigurations(Invoker.java:222)
at org.testng.internal.Invoker.invokeConfigurations(Invoker.java:142)
at org.testng.TestRunner.beforeRun(TestRunner.java:529)
at org.testng.TestRunner.run(TestRunner.java:497)
at org.testng.SuiteRunner.runTest(SuiteRunner.java:455)
at org.testng.SuiteRunner.runSequentially(SuiteRunner.java:450)
at org.testng.SuiteRunner.privateRun(SuiteRunner.java:415)
at org.testng.SuiteRunner.run(SuiteRunner.java:364)
at org.testng.SuiteRunnerWorker.runSuite(SuiteRunnerWorker.java:52)
at org.testng.SuiteRunnerWorker.run(SuiteRunnerWorker.java:84)
at org.testng.TestNG.runSuitesSequentially(TestNG.java:1208)
at org.testng.TestNG.runSuitesLocally(TestNG.java:1137)
at org.testng.TestNG.runSuites(TestNG.java:1049)
at org.testng.TestNG.run(TestNG.java:1017)
at org.testng.remote.AbstractRemoteTestNG.run(AbstractRemoteTestNG.java:115)
at org.testng.remote.RemoteTestNG.initAndRun(RemoteTestNG.java:251)
at org.testng.remote.RemoteTestNG.main(RemoteTestNG.java:77)
]]>
    </error>
  </testcase> <!-- beforeTest -->
  <testcase name="step06" time="0.000" classname="delivery01.soi_66.AgreementCreation_From_Oportunity_MobileVoice_Negative_SFPC">
    <skipped/>
  </testcase> <!-- step06 -->
  <testcase name="step02" time="0.000" classname="delivery01.soi_66.AgreementCreation_From_Oportunity_MobileVoice_Negative_SFPC">
    <skipped/>
  </testcase> <!-- step02 -->
  <testcase name="step04" time="0.000" classname="delivery01.soi_66.AgreementCreation_From_Oportunity_MobileVoice_Negative_SFPC">
    <skipped/>
  </testcase> <!-- step04 -->
</testsuite> <!-- delivery01.soi_66.AgreementCreation_From_Oportunity_MobileVoice_Negative_SFPC -->
