<?xml version="1.0" encoding="UTF-8"?>
<!-- Generated by org.testng.reporters.JUnitReportReporter -->
<testsuite skipped="2" hostname="INNOWAVE-383" name="notInclude.NewTest" tests="3" failures="0" timestamp="05 mai 2020 00:23:16 GMT" time="4.524" errors="1">
  <testcase name="step01" time="0.000" classname="notInclude.NewTest">
    <skipped/>
  </testcase> <!-- step01 -->
  <testcase name="step02" time="0.000" classname="notInclude.NewTest">
    <skipped/>
  </testcase> <!-- step02 -->
  <testcase name="setupDriver" time="4.524" classname="notInclude.NewTest">
    <error type="org.openqa.selenium.InvalidArgumentException" message="invalid argument: user data directory is already in use, please specify a unique value for --user-data-dir argument, or don&#039;t use --user-data-dir
Build info: version: &#039;3.141.59&#039;, revision: &#039;e82be7d358&#039;, time: &#039;2018-11-14T08:17:03&#039;
System info: host: &#039;INNOWAVE-383&#039;, ip: &#039;192.168.0.166&#039;, os.name: &#039;Windows 10&#039;, os.arch: &#039;amd64&#039;, os.version: &#039;10.0&#039;, java.version: &#039;1.8.0_212&#039;
Driver info: driver.version: ChromeDriver
remote stacktrace: Backtrace:
	Ordinal0 [0x00270AE3+1706723]
	Ordinal0 [0x001D68C1+1075393]
	Ordinal0 [0x0014DFA9+516009]
	Ordinal0 [0x000DD310+54032]
	Ordinal0 [0x000FBFD7+180183]
	Ordinal0 [0x000FBDDD+179677]
	Ordinal0 [0x000F9D4B+171339]
	Ordinal0 [0x000E1D4A+73034]
	Ordinal0 [0x000E2DC0+77248]
	Ordinal0 [0x000E2D59+77145]
	Ordinal0 [0x001EBB37+1162039]
	GetHandleVerifier [0x0030A7C6+508998]
	GetHandleVerifier [0x0030A504+508292]
	GetHandleVerifier [0x0031F617+594583]
	GetHandleVerifier [0x0030B036+511158]
	Ordinal0 [0x001E3FFC+1130492]
	Ordinal0 [0x001ED49B+1168539]
	Ordinal0 [0x001ED603+1168899]
	Ordinal0 [0x00205B05+1268485]
	BaseThreadInitThunk [0x75A36359+25]
	RtlGetAppContainerNamedObjectPath [0x778E7B74+228]
	RtlGetAppContainerNamedObjectPath [0x778E7B44+180]
	(No symbol) [0x00000000]
">
      <![CDATA[org.openqa.selenium.InvalidArgumentException: invalid argument: user data directory is already in use, please specify a unique value for --user-data-dir argument, or don't use --user-data-dir
Build info: version: '3.141.59', revision: 'e82be7d358', time: '2018-11-14T08:17:03'
System info: host: 'INNOWAVE-383', ip: '192.168.0.166', os.name: 'Windows 10', os.arch: 'amd64', os.version: '10.0', java.version: '1.8.0_212'
Driver info: driver.version: ChromeDriver
remote stacktrace: Backtrace:
Ordinal0 [0x00270AE3+1706723]
Ordinal0 [0x001D68C1+1075393]
Ordinal0 [0x0014DFA9+516009]
Ordinal0 [0x000DD310+54032]
Ordinal0 [0x000FBFD7+180183]
Ordinal0 [0x000FBDDD+179677]
Ordinal0 [0x000F9D4B+171339]
Ordinal0 [0x000E1D4A+73034]
Ordinal0 [0x000E2DC0+77248]
Ordinal0 [0x000E2D59+77145]
Ordinal0 [0x001EBB37+1162039]
GetHandleVerifier [0x0030A7C6+508998]
GetHandleVerifier [0x0030A504+508292]
GetHandleVerifier [0x0031F617+594583]
GetHandleVerifier [0x0030B036+511158]
Ordinal0 [0x001E3FFC+1130492]
Ordinal0 [0x001ED49B+1168539]
Ordinal0 [0x001ED603+1168899]
Ordinal0 [0x00205B05+1268485]
BaseThreadInitThunk [0x75A36359+25]
RtlGetAppContainerNamedObjectPath [0x778E7B74+228]
RtlGetAppContainerNamedObjectPath [0x778E7B44+180]
(No symbol) [0x00000000]

at sun.reflect.NativeConstructorAccessorImpl.newInstance0(Native Method)
at sun.reflect.NativeConstructorAccessorImpl.newInstance(NativeConstructorAccessorImpl.java:62)
at sun.reflect.DelegatingConstructorAccessorImpl.newInstance(DelegatingConstructorAccessorImpl.java:45)
at java.lang.reflect.Constructor.newInstance(Constructor.java:423)
at org.openqa.selenium.remote.W3CHandshakeResponse.lambda$errorHandler$0(W3CHandshakeResponse.java:62)
at org.openqa.selenium.remote.HandshakeResponse.lambda$getResponseFunction$0(HandshakeResponse.java:30)
at org.openqa.selenium.remote.ProtocolHandshake.lambda$createSession$0(ProtocolHandshake.java:126)
at java.util.stream.ReferencePipeline$3$1.accept(ReferencePipeline.java:193)
at java.util.Spliterators$ArraySpliterator.tryAdvance(Spliterators.java:958)
at java.util.stream.ReferencePipeline.forEachWithCancel(ReferencePipeline.java:126)
at java.util.stream.AbstractPipeline.copyIntoWithCancel(AbstractPipeline.java:498)
at java.util.stream.AbstractPipeline.copyInto(AbstractPipeline.java:485)
at java.util.stream.AbstractPipeline.wrapAndCopyInto(AbstractPipeline.java:471)
at java.util.stream.FindOps$FindOp.evaluateSequential(FindOps.java:152)
at java.util.stream.AbstractPipeline.evaluate(AbstractPipeline.java:234)
at java.util.stream.ReferencePipeline.findFirst(ReferencePipeline.java:464)
at org.openqa.selenium.remote.ProtocolHandshake.createSession(ProtocolHandshake.java:128)
at org.openqa.selenium.remote.ProtocolHandshake.createSession(ProtocolHandshake.java:74)
at org.openqa.selenium.remote.HttpCommandExecutor.execute(HttpCommandExecutor.java:136)
at org.openqa.selenium.remote.service.DriverCommandExecutor.execute(DriverCommandExecutor.java:83)
at org.openqa.selenium.remote.RemoteWebDriver.execute(RemoteWebDriver.java:552)
at org.openqa.selenium.remote.RemoteWebDriver.startSession(RemoteWebDriver.java:213)
at org.openqa.selenium.remote.RemoteWebDriver.<init>(RemoteWebDriver.java:131)
at org.openqa.selenium.chrome.ChromeDriver.<init>(ChromeDriver.java:181)
at org.openqa.selenium.chrome.ChromeDriver.<init>(ChromeDriver.java:168)
at org.openqa.selenium.chrome.ChromeDriver.<init>(ChromeDriver.java:157)
at execStructure.ExecDriverClass.setupDriver(ExecDriverClass.java:40)
at sun.reflect.NativeMethodAccessorImpl.invoke0(Native Method)
at sun.reflect.NativeMethodAccessorImpl.invoke(NativeMethodAccessorImpl.java:62)
at sun.reflect.DelegatingMethodAccessorImpl.invoke(DelegatingMethodAccessorImpl.java:43)
at java.lang.reflect.Method.invoke(Method.java:498)
at org.testng.internal.MethodInvocationHelper.invokeMethod(MethodInvocationHelper.java:124)
at org.testng.internal.MethodInvocationHelper.invokeMethodConsideringTimeout(MethodInvocationHelper.java:59)
at org.testng.internal.Invoker.invokeConfigurationMethod(Invoker.java:458)
at org.testng.internal.Invoker.invokeConfigurations(Invoker.java:222)
at org.testng.internal.Invoker.invokeConfigurations(Invoker.java:142)
at org.testng.SuiteRunner.privateRun(SuiteRunner.java:401)
at org.testng.SuiteRunner.run(SuiteRunner.java:364)
at org.testng.SuiteRunnerWorker.runSuite(SuiteRunnerWorker.java:52)
at org.testng.SuiteRunnerWorker.run(SuiteRunnerWorker.java:84)
at org.testng.TestNG.runSuitesSequentially(TestNG.java:1208)
at org.testng.TestNG.runSuitesLocally(TestNG.java:1137)
at org.testng.TestNG.runSuites(TestNG.java:1049)
at org.testng.TestNG.run(TestNG.java:1017)
at org.testng.remote.AbstractRemoteTestNG.run(AbstractRemoteTestNG.java:115)
at org.testng.remote.RemoteTestNG.initAndRun(RemoteTestNG.java:251)
at org.testng.remote.RemoteTestNG.main(RemoteTestNG.java:77)
]]>
    </error>
  </testcase> <!-- setupDriver -->
</testsuite> <!-- notInclude.NewTest -->
