<?xml version="1.0" encoding="UTF-8"?>
<!-- Generated by org.testng.reporters.JUnitReportReporter -->
<testsuite skipped="4" hostname="INNOWAVE-383" name="delivery01.soi_66.AgreementCreation_From_Oportunity_MobileVoice" tests="12" failures="0" timestamp="09 jan 2020 18:26:25 GMT" time="101.035" errors="2">
  <testcase name="step04" time="2.592" classname="delivery01.soi_66.AgreementCreation_From_Oportunity_MobileVoice">
    <error type="java.lang.Exception" message="Test Failed on Step 4">
      <![CDATA[java.lang.Exception: Test Failed on Step 4
at delivery01.soi_66.AgreementCreation_From_Oportunity_MobileVoice.step04(AgreementCreation_From_Oportunity_MobileVoice.java:215)
at sun.reflect.NativeMethodAccessorImpl.invoke0(Native Method)
at sun.reflect.NativeMethodAccessorImpl.invoke(NativeMethodAccessorImpl.java:62)
at sun.reflect.DelegatingMethodAccessorImpl.invoke(DelegatingMethodAccessorImpl.java:43)
at java.lang.reflect.Method.invoke(Method.java:498)
at org.testng.internal.MethodInvocationHelper.invokeMethod(MethodInvocationHelper.java:124)
at org.testng.internal.Invoker.invokeMethod(Invoker.java:583)
at org.testng.internal.Invoker.invokeTestMethod(Invoker.java:719)
at org.testng.internal.Invoker.invokeTestMethods(Invoker.java:989)
at org.testng.internal.TestMethodWorker.invokeTestMethods(TestMethodWorker.java:125)
at org.testng.internal.TestMethodWorker.run(TestMethodWorker.java:109)
at org.testng.TestRunner.privateRun(TestRunner.java:648)
at org.testng.TestRunner.run(TestRunner.java:505)
at org.testng.SuiteRunner.runTest(SuiteRunner.java:455)
at org.testng.SuiteRunner.runSequentially(SuiteRunner.java:450)
at org.testng.SuiteRunner.privateRun(SuiteRunner.java:415)
at org.testng.SuiteRunner.run(SuiteRunner.java:364)
at org.testng.SuiteRunnerWorker.runSuite(SuiteRunnerWorker.java:52)
at org.testng.SuiteRunnerWorker.run(SuiteRunnerWorker.java:84)
at org.testng.TestNG.runSuitesSequentially(TestNG.java:1208)
at org.testng.TestNG.runSuitesSequentially(TestNG.java:1204)
at org.testng.TestNG.runSuitesLocally(TestNG.java:1137)
at org.testng.TestNG.runSuites(TestNG.java:1049)
at org.testng.TestNG.run(TestNG.java:1017)
at org.testng.remote.AbstractRemoteTestNG.run(AbstractRemoteTestNG.java:115)
at org.testng.remote.RemoteTestNG.initAndRun(RemoteTestNG.java:251)
at org.testng.remote.RemoteTestNG.main(RemoteTestNG.java:77)
Caused by: java.lang.Exception: Add Product To Opportunity Failed
at actions.FunctionalActionsSFDS.addProductToOppie(FunctionalActionsSFDS.java:105)
at delivery01.soi_66.AgreementCreation_From_Oportunity_MobileVoice.step04(AgreementCreation_From_Oportunity_MobileVoice.java:188)
... 26 more
Caused by: org.openqa.selenium.ElementClickInterceptedException: element click intercepted: Element <div class="primaryLabel slds-truncate slds-lookup__result-text" title="Mobile Voice" data-aura-rendered-by="32:4622;a">...</div> is not clickable at point (484, 222). Other element would receive the click: <div class="slds-truncate" title="..." data-aura-rendered-by="3157:0">OPTY_20200109_TC1_Ex5</div>
  (Session info: chrome=79.0.3945.117)
Build info: version: '3.141.59', revision: 'e82be7d358', time: '2018-11-14T08:17:03'
System info: host: 'INNOWAVE-383', ip: '192.168.0.164', os.name: 'Windows 10', os.arch: 'amd64', os.version: '10.0', java.version: '1.8.0_212'
Driver info: org.openqa.selenium.chrome.ChromeDriver
Capabilities {acceptInsecureCerts: false, browserName: chrome, browserVersion: 79.0.3945.117, chrome: {chromedriverVersion: 79.0.3945.36 (3582db32b3389..., userDataDir: C:\Users\LUIS~1.ACH\AppData...}, goog:chromeOptions: {debuggerAddress: localhost:60887}, javascriptEnabled: true, networkConnectionEnabled: false, pageLoadStrategy: normal, platform: WINDOWS, platformName: WINDOWS, proxy: Proxy(), setWindowRect: true, strictFileInteractability: false, timeouts: {implicit: 0, pageLoad: 300000, script: 30000}, unhandledPromptBehavior: dismiss and notify}
Session ID: d1fefd06d1654417203bbe85ce6ad6a8
at sun.reflect.NativeConstructorAccessorImpl.newInstance0(Native Method)
at sun.reflect.NativeConstructorAccessorImpl.newInstance(NativeConstructorAccessorImpl.java:62)
at sun.reflect.DelegatingConstructorAccessorImpl.newInstance(DelegatingConstructorAccessorImpl.java:45)
at java.lang.reflect.Constructor.newInstance(Constructor.java:423)
at org.openqa.selenium.remote.http.W3CHttpResponseCodec.createException(W3CHttpResponseCodec.java:187)
at org.openqa.selenium.remote.http.W3CHttpResponseCodec.decode(W3CHttpResponseCodec.java:122)
at org.openqa.selenium.remote.http.W3CHttpResponseCodec.decode(W3CHttpResponseCodec.java:49)
at org.openqa.selenium.remote.HttpCommandExecutor.execute(HttpCommandExecutor.java:158)
at org.openqa.selenium.remote.service.DriverCommandExecutor.execute(DriverCommandExecutor.java:83)
at org.openqa.selenium.remote.RemoteWebDriver.execute(RemoteWebDriver.java:552)
at org.openqa.selenium.remote.RemoteWebElement.execute(RemoteWebElement.java:285)
at org.openqa.selenium.remote.RemoteWebElement.click(RemoteWebElement.java:84)
at actions.FunctionalActionsSFDS.addProductToOppie(FunctionalActionsSFDS.java:96)
... 27 more
]]>
    </error>
  </testcase> <!-- step04 -->
  <testcase name="step03" time="14.938" classname="delivery01.soi_66.AgreementCreation_From_Oportunity_MobileVoice"/>
  <testcase name="step02" time="11.616" classname="delivery01.soi_66.AgreementCreation_From_Oportunity_MobileVoice"/>
  <testcase name="step06" time="0.000" classname="delivery01.soi_66.AgreementCreation_From_Oportunity_MobileVoice">
    <skipped/>
  </testcase> <!-- step06 -->
  <testcase name="step06" time="0.000" classname="delivery01.soi_66.AgreementCreation_From_Oportunity_MobileVoice">
    <skipped/>
  </testcase> <!-- step06 -->
  <testcase name="step02" time="11.041" classname="delivery01.soi_66.AgreementCreation_From_Oportunity_MobileVoice"/>
  <testcase name="step05" time="0.000" classname="delivery01.soi_66.AgreementCreation_From_Oportunity_MobileVoice">
    <skipped/>
  </testcase> <!-- step05 -->
  <testcase name="step05" time="0.000" classname="delivery01.soi_66.AgreementCreation_From_Oportunity_MobileVoice">
    <skipped/>
  </testcase> <!-- step05 -->
  <testcase name="step01" time="12.697" classname="delivery01.soi_66.AgreementCreation_From_Oportunity_MobileVoice"/>
  <testcase name="step03" time="12.838" classname="delivery01.soi_66.AgreementCreation_From_Oportunity_MobileVoice"/>
  <testcase name="step01" time="16.132" classname="delivery01.soi_66.AgreementCreation_From_Oportunity_MobileVoice"/>
  <testcase name="step04" time="19.181" classname="delivery01.soi_66.AgreementCreation_From_Oportunity_MobileVoice">
    <error type="java.lang.Exception" message="Test Failed on Step 4">
      <![CDATA[java.lang.Exception: Test Failed on Step 4
at delivery01.soi_66.AgreementCreation_From_Oportunity_MobileVoice.step04(AgreementCreation_From_Oportunity_MobileVoice.java:215)
at sun.reflect.NativeMethodAccessorImpl.invoke0(Native Method)
at sun.reflect.NativeMethodAccessorImpl.invoke(NativeMethodAccessorImpl.java:62)
at sun.reflect.DelegatingMethodAccessorImpl.invoke(DelegatingMethodAccessorImpl.java:43)
at java.lang.reflect.Method.invoke(Method.java:498)
at org.testng.internal.MethodInvocationHelper.invokeMethod(MethodInvocationHelper.java:124)
at org.testng.internal.Invoker.invokeMethod(Invoker.java:583)
at org.testng.internal.Invoker.invokeTestMethod(Invoker.java:719)
at org.testng.internal.Invoker.invokeTestMethods(Invoker.java:989)
at org.testng.internal.TestMethodWorker.invokeTestMethods(TestMethodWorker.java:125)
at org.testng.internal.TestMethodWorker.run(TestMethodWorker.java:109)
at org.testng.TestRunner.privateRun(TestRunner.java:648)
at org.testng.TestRunner.run(TestRunner.java:505)
at org.testng.SuiteRunner.runTest(SuiteRunner.java:455)
at org.testng.SuiteRunner.runSequentially(SuiteRunner.java:450)
at org.testng.SuiteRunner.privateRun(SuiteRunner.java:415)
at org.testng.SuiteRunner.run(SuiteRunner.java:364)
at org.testng.SuiteRunnerWorker.runSuite(SuiteRunnerWorker.java:52)
at org.testng.SuiteRunnerWorker.run(SuiteRunnerWorker.java:84)
at org.testng.TestNG.runSuitesSequentially(TestNG.java:1208)
at org.testng.TestNG.runSuitesSequentially(TestNG.java:1204)
at org.testng.TestNG.runSuitesLocally(TestNG.java:1137)
at org.testng.TestNG.runSuites(TestNG.java:1049)
at org.testng.TestNG.run(TestNG.java:1017)
at org.testng.remote.AbstractRemoteTestNG.run(AbstractRemoteTestNG.java:115)
at org.testng.remote.RemoteTestNG.initAndRun(RemoteTestNG.java:251)
at org.testng.remote.RemoteTestNG.main(RemoteTestNG.java:77)
Caused by: java.lang.Exception: Edit Product Configuration Failed
at actions.FunctionalActionsSFDS.editProductConfiguration(FunctionalActionsSFDS.java:143)
at delivery01.soi_66.AgreementCreation_From_Oportunity_MobileVoice.step04(AgreementCreation_From_Oportunity_MobileVoice.java:190)
... 26 more
Caused by: org.openqa.selenium.TimeoutException: Expected condition failed: waiting for element to no longer be visible: By.xpath: //h2[@id='modal-title'] (tried for 10 second(s) with 500 milliseconds interval)
Build info: version: '3.141.59', revision: 'e82be7d358', time: '2018-11-14T08:17:03'
System info: host: 'INNOWAVE-383', ip: '192.168.0.164', os.name: 'Windows 10', os.arch: 'amd64', os.version: '10.0', java.version: '1.8.0_212'
Driver info: org.openqa.selenium.chrome.ChromeDriver
Capabilities {acceptInsecureCerts: false, browserName: chrome, browserVersion: 79.0.3945.117, chrome: {chromedriverVersion: 79.0.3945.36 (3582db32b3389..., userDataDir: C:\Users\LUIS~1.ACH\AppData...}, goog:chromeOptions: {debuggerAddress: localhost:58459}, javascriptEnabled: true, networkConnectionEnabled: false, pageLoadStrategy: normal, platform: WINDOWS, platformName: WINDOWS, proxy: Proxy(), setWindowRect: true, strictFileInteractability: false, timeouts: {implicit: 0, pageLoad: 300000, script: 30000}, unhandledPromptBehavior: dismiss and notify}
Session ID: 292c1a0f8e18619138d7b36d4d81edd9
at org.openqa.selenium.support.ui.WebDriverWait.timeoutException(WebDriverWait.java:95)
at org.openqa.selenium.support.ui.FluentWait.until(FluentWait.java:272)
at actions.FunctionalActionsSFDS.editProductConfiguration(FunctionalActionsSFDS.java:138)
... 27 more
]]>
    </error>
  </testcase> <!-- step04 -->
</testsuite> <!-- delivery01.soi_66.AgreementCreation_From_Oportunity_MobileVoice -->
