<?xml version="1.0" encoding="UTF-8"?>
<!-- Generated by org.testng.reporters.JUnitReportReporter -->
<<<<<<< HEAD
<testsuite skipped="0" hostname="INNOWAVE-383" name="delivery01.soi_70.OrderCreation_For_MACD_OrderCreation" tests="4" failures="0" timestamp="27 dez 2019 16:57:44 GMT" time="58.743" errors="1">
  <testcase name="step03" time="7.937" classname="delivery01.soi_70.OrderCreation_For_MACD_OrderCreation"/>
  <testcase name="step02" time="13.361" classname="delivery01.soi_70.OrderCreation_For_MACD_OrderCreation"/>
  <testcase name="step04" time="20.545" classname="delivery01.soi_70.OrderCreation_For_MACD_OrderCreation">
    <error type="java.lang.Exception" message="Test Failed on Step 4">
      <![CDATA[java.lang.Exception: Test Failed on Step 4
at delivery01.soi_70.OrderCreation_For_MACD_OrderCreation.step04(OrderCreation_For_MACD_OrderCreation.java:187)
at sun.reflect.NativeMethodAccessorImpl.invoke0(Native Method)
at sun.reflect.NativeMethodAccessorImpl.invoke(NativeMethodAccessorImpl.java:62)
at sun.reflect.DelegatingMethodAccessorImpl.invoke(DelegatingMethodAccessorImpl.java:43)
at java.lang.reflect.Method.invoke(Method.java:498)
at org.testng.internal.MethodInvocationHelper.invokeMethod(MethodInvocationHelper.java:124)
at org.testng.internal.Invoker.invokeMethod(Invoker.java:583)
at org.testng.internal.Invoker.invokeTestMethod(Invoker.java:719)
at org.testng.internal.Invoker.invokeTestMethods(Invoker.java:989)
at org.testng.internal.TestMethodWorker.invokeTestMethods(TestMethodWorker.java:125)
at org.testng.internal.TestMethodWorker.run(TestMethodWorker.java:109)
at org.testng.TestRunner.privateRun(TestRunner.java:648)
at org.testng.TestRunner.run(TestRunner.java:505)
at org.testng.SuiteRunner.runTest(SuiteRunner.java:455)
at org.testng.SuiteRunner.runSequentially(SuiteRunner.java:450)
at org.testng.SuiteRunner.privateRun(SuiteRunner.java:415)
at org.testng.SuiteRunner.run(SuiteRunner.java:364)
at org.testng.SuiteRunnerWorker.runSuite(SuiteRunnerWorker.java:52)
at org.testng.SuiteRunnerWorker.run(SuiteRunnerWorker.java:84)
at org.testng.TestNG.runSuitesSequentially(TestNG.java:1208)
at org.testng.TestNG.runSuitesLocally(TestNG.java:1137)
at org.testng.TestNG.runSuites(TestNG.java:1049)
at org.testng.TestNG.run(TestNG.java:1017)
at org.testng.remote.AbstractRemoteTestNG.run(AbstractRemoteTestNG.java:115)
at org.testng.remote.RemoteTestNG.initAndRun(RemoteTestNG.java:251)
at org.testng.remote.RemoteTestNG.main(RemoteTestNG.java:77)
Caused by: java.lang.Exception: Validation Failed on Step 4
at delivery01.soi_70.OrderCreation_For_MACD_OrderCreation.step04(OrderCreation_For_MACD_OrderCreation.java:176)
... 25 more
]]>
    </error>
  </testcase> <!-- step04 -->
  <testcase name="step01" time="16.900" classname="delivery01.soi_70.OrderCreation_For_MACD_OrderCreation"/>
=======
<testsuite skipped="4" hostname="INNOWAVE-429" name="delivery01.soi_70.OrderCreation_For_MACD_OrderCreation" tests="5" failures="0" timestamp="20 Dec 2019 12:33:14 GMT" time="0.548" errors="1">
  <testcase name="step03" time="0.000" classname="delivery01.soi_70.OrderCreation_For_MACD_OrderCreation">
    <skipped/>
  </testcase> <!-- step03 -->
  <testcase name="beforeTest" time="0.548" classname="delivery01.soi_70.OrderCreation_For_MACD_OrderCreation">
    <error type="org.openqa.selenium.WebDriverException" message="unknown error: cannot create default profile directory
Build info: version: &#039;3.141.59&#039;, revision: &#039;e82be7d358&#039;, time: &#039;2018-11-14T08:17:03&#039;
System info: host: &#039;INNOWAVE-429&#039;, ip: &#039;192.168.202.183&#039;, os.name: &#039;Windows 10&#039;, os.arch: &#039;amd64&#039;, os.version: &#039;10.0&#039;, java.version: &#039;1.8.0_231&#039;
Driver info: driver.version: ChromeDriver
remote stacktrace: Backtrace:
	Ordinal0 [0x00A0A903+1550595]
	Ordinal0 [0x0098A701+1025793]
	Ordinal0 [0x0090C6E5+509669]
	Ordinal0 [0x0089F009+61449]
	Ordinal0 [0x0089C01C+49180]
	Ordinal0 [0x008BACE7+175335]
	Ordinal0 [0x008BA8ED+174317]
	Ordinal0 [0x008B8CDB+167131]
	Ordinal0 [0x008A144A+70730]
	Ordinal0 [0x008A24D0+74960]
	Ordinal0 [0x008A2469+74857]
	Ordinal0 [0x009A42C7+1131207]
	GetHandleVerifier [0x00AA70FD+523789]
	GetHandleVerifier [0x00AA6E90+523168]
	GetHandleVerifier [0x00AAE1E7+552695]
	GetHandleVerifier [0x00AA78FA+525834]
	Ordinal0 [0x0099B7FC+1095676]
	Ordinal0 [0x009A633B+1139515]
	Ordinal0 [0x009A64A3+1139875]
	Ordinal0 [0x009A5425+1135653]
	BaseThreadInitThunk [0x75C46359+25]
	RtlGetAppContainerNamedObjectPath [0x778B7B74+228]
	RtlGetAppContainerNamedObjectPath [0x778B7B44+180]
">
      <![CDATA[org.openqa.selenium.WebDriverException: unknown error: cannot create default profile directory
Build info: version: '3.141.59', revision: 'e82be7d358', time: '2018-11-14T08:17:03'
System info: host: 'INNOWAVE-429', ip: '192.168.202.183', os.name: 'Windows 10', os.arch: 'amd64', os.version: '10.0', java.version: '1.8.0_231'
Driver info: driver.version: ChromeDriver
remote stacktrace: Backtrace:
Ordinal0 [0x00A0A903+1550595]
Ordinal0 [0x0098A701+1025793]
Ordinal0 [0x0090C6E5+509669]
Ordinal0 [0x0089F009+61449]
Ordinal0 [0x0089C01C+49180]
Ordinal0 [0x008BACE7+175335]
Ordinal0 [0x008BA8ED+174317]
Ordinal0 [0x008B8CDB+167131]
Ordinal0 [0x008A144A+70730]
Ordinal0 [0x008A24D0+74960]
Ordinal0 [0x008A2469+74857]
Ordinal0 [0x009A42C7+1131207]
GetHandleVerifier [0x00AA70FD+523789]
GetHandleVerifier [0x00AA6E90+523168]
GetHandleVerifier [0x00AAE1E7+552695]
GetHandleVerifier [0x00AA78FA+525834]
Ordinal0 [0x0099B7FC+1095676]
Ordinal0 [0x009A633B+1139515]
Ordinal0 [0x009A64A3+1139875]
Ordinal0 [0x009A5425+1135653]
BaseThreadInitThunk [0x75C46359+25]
RtlGetAppContainerNamedObjectPath [0x778B7B74+228]
RtlGetAppContainerNamedObjectPath [0x778B7B44+180]

at sun.reflect.NativeConstructorAccessorImpl.newInstance0(Native Method)
at sun.reflect.NativeConstructorAccessorImpl.newInstance(Unknown Source)
at sun.reflect.DelegatingConstructorAccessorImpl.newInstance(Unknown Source)
at java.lang.reflect.Constructor.newInstance(Unknown Source)
at org.openqa.selenium.remote.W3CHandshakeResponse.lambda$errorHandler$0(W3CHandshakeResponse.java:62)
at org.openqa.selenium.remote.HandshakeResponse.lambda$getResponseFunction$0(HandshakeResponse.java:30)
at org.openqa.selenium.remote.ProtocolHandshake.lambda$createSession$0(ProtocolHandshake.java:126)
at java.util.stream.ReferencePipeline$3$1.accept(Unknown Source)
at java.util.Spliterators$ArraySpliterator.tryAdvance(Unknown Source)
at java.util.stream.ReferencePipeline.forEachWithCancel(Unknown Source)
at java.util.stream.AbstractPipeline.copyIntoWithCancel(Unknown Source)
at java.util.stream.AbstractPipeline.copyInto(Unknown Source)
at java.util.stream.AbstractPipeline.wrapAndCopyInto(Unknown Source)
at java.util.stream.FindOps$FindOp.evaluateSequential(Unknown Source)
at java.util.stream.AbstractPipeline.evaluate(Unknown Source)
at java.util.stream.ReferencePipeline.findFirst(Unknown Source)
at org.openqa.selenium.remote.ProtocolHandshake.createSession(ProtocolHandshake.java:128)
at org.openqa.selenium.remote.ProtocolHandshake.createSession(ProtocolHandshake.java:74)
at org.openqa.selenium.remote.HttpCommandExecutor.execute(HttpCommandExecutor.java:136)
at org.openqa.selenium.remote.service.DriverCommandExecutor.execute(DriverCommandExecutor.java:83)
at org.openqa.selenium.remote.RemoteWebDriver.execute(RemoteWebDriver.java:552)
at org.openqa.selenium.remote.RemoteWebDriver.startSession(RemoteWebDriver.java:213)
at org.openqa.selenium.remote.RemoteWebDriver.<init>(RemoteWebDriver.java:131)
at org.openqa.selenium.chrome.ChromeDriver.<init>(ChromeDriver.java:181)
at org.openqa.selenium.chrome.ChromeDriver.<init>(ChromeDriver.java:168)
at org.openqa.selenium.chrome.ChromeDriver.<init>(ChromeDriver.java:157)
at delivery01.soi_70.OrderCreation_For_MACD_OrderCreation.beforeTest(OrderCreation_For_MACD_OrderCreation.java:71)
at sun.reflect.NativeMethodAccessorImpl.invoke0(Native Method)
at sun.reflect.NativeMethodAccessorImpl.invoke(Unknown Source)
at sun.reflect.DelegatingMethodAccessorImpl.invoke(Unknown Source)
at java.lang.reflect.Method.invoke(Unknown Source)
at org.testng.internal.MethodInvocationHelper.invokeMethod(MethodInvocationHelper.java:124)
at org.testng.internal.MethodInvocationHelper.invokeMethodConsideringTimeout(MethodInvocationHelper.java:59)
at org.testng.internal.Invoker.invokeConfigurationMethod(Invoker.java:458)
at org.testng.internal.Invoker.invokeConfigurations(Invoker.java:222)
at org.testng.internal.Invoker.invokeConfigurations(Invoker.java:142)
at org.testng.TestRunner.beforeRun(TestRunner.java:529)
at org.testng.TestRunner.run(TestRunner.java:497)
at org.testng.SuiteRunner.runTest(SuiteRunner.java:455)
at org.testng.SuiteRunner.runSequentially(SuiteRunner.java:450)
at org.testng.SuiteRunner.privateRun(SuiteRunner.java:415)
at org.testng.SuiteRunner.run(SuiteRunner.java:364)
at org.testng.SuiteRunnerWorker.runSuite(SuiteRunnerWorker.java:52)
at org.testng.SuiteRunnerWorker.run(SuiteRunnerWorker.java:84)
at org.testng.TestNG.runSuitesSequentially(TestNG.java:1208)
at org.testng.TestNG.runSuitesLocally(TestNG.java:1137)
at org.testng.TestNG.runSuites(TestNG.java:1049)
at org.testng.TestNG.run(TestNG.java:1017)
at org.testng.remote.AbstractRemoteTestNG.run(AbstractRemoteTestNG.java:115)
at org.testng.remote.RemoteTestNG.initAndRun(RemoteTestNG.java:251)
at org.testng.remote.RemoteTestNG.main(RemoteTestNG.java:77)
]]>
    </error>
  </testcase> <!-- beforeTest -->
  <testcase name="step04" time="0.000" classname="delivery01.soi_70.OrderCreation_For_MACD_OrderCreation">
    <skipped/>
  </testcase> <!-- step04 -->
  <testcase name="step01" time="0.000" classname="delivery01.soi_70.OrderCreation_For_MACD_OrderCreation">
    <skipped/>
  </testcase> <!-- step01 -->
  <testcase name="step02" time="0.000" classname="delivery01.soi_70.OrderCreation_For_MACD_OrderCreation">
    <skipped/>
  </testcase> <!-- step02 -->
>>>>>>> branch 'master' of https://github.com/LMAchas/simpleOrdering
</testsuite> <!-- delivery01.soi_70.OrderCreation_For_MACD_OrderCreation -->
