<?xml version="1.0" encoding="UTF-8"?>
<!-- Generated by org.testng.reporters.JUnitXMLReporter -->
<testsuite hostname="INNOWAVE-383" ignored="0" name="AgreementCreation_From_Oportunity_MobileVoice_Negative" tests="5" failures="1" timestamp="09 jan 2020 18:25:32 GMT" time="53.238" errors="0">
  <testcase name="step01" time="9.763" classname="delivery01.soi_66.AgreementCreation_From_Oportunity_MobileVoice_Negative"/>
  <testcase name="step02" time="9.226" classname="delivery01.soi_66.AgreementCreation_From_Oportunity_MobileVoice_Negative"/>
  <testcase name="step03" time="12.665" classname="delivery01.soi_66.AgreementCreation_From_Oportunity_MobileVoice_Negative"/>
  <testcase name="step04" time="10.921" classname="delivery01.soi_66.AgreementCreation_From_Oportunity_MobileVoice_Negative">
    <failure type="java.lang.Exception" message="Test Failed on Step 4">
      <![CDATA[java.lang.Exception: Test Failed on Step 4
at delivery01.soi_66.AgreementCreation_From_Oportunity_MobileVoice_Negative.step04(AgreementCreation_From_Oportunity_MobileVoice_Negative.java:216)
Caused by: org.openqa.selenium.StaleElementReferenceException: stale element reference: element is not attached to the page document
  (Session info: chrome=79.0.3945.117)
For documentation on this error, please visit: https://www.seleniumhq.org/exceptions/stale_element_reference.html
Build info: version: '3.141.59', revision: 'e82be7d358', time: '2018-11-14T08:17:03'
System info: host: 'INNOWAVE-383', ip: '192.168.0.164', os.name: 'Windows 10', os.arch: 'amd64', os.version: '10.0', java.version: '1.8.0_212'
Driver info: org.openqa.selenium.chrome.ChromeDriver
Capabilities {acceptInsecureCerts: false, browserName: chrome, browserVersion: 79.0.3945.117, chrome: {chromedriverVersion: 79.0.3945.36 (3582db32b3389..., userDataDir: C:\Users\luis.achas\AppData...}, goog:chromeOptions: {debuggerAddress: localhost:61578}, javascriptEnabled: true, networkConnectionEnabled: false, pageLoadStrategy: normal, platform: WINDOWS, platformName: WINDOWS, proxy: Proxy(), setWindowRect: true, strictFileInteractability: false, timeouts: {implicit: 0, pageLoad: 300000, script: 30000}, unhandledPromptBehavior: dismiss and notify}
Session ID: f7b9236a06d04c0ccd05f2d0bc5d7c7d
at org.openqa.selenium.remote.http.W3CHttpResponseCodec.createException(W3CHttpResponseCodec.java:187)
at org.openqa.selenium.remote.http.W3CHttpResponseCodec.decode(W3CHttpResponseCodec.java:122)
at org.openqa.selenium.remote.http.W3CHttpResponseCodec.decode(W3CHttpResponseCodec.java:49)
at org.openqa.selenium.remote.HttpCommandExecutor.execute(HttpCommandExecutor.java:158)
at org.openqa.selenium.remote.service.DriverCommandExecutor.execute(DriverCommandExecutor.java:83)
at org.openqa.selenium.remote.RemoteWebDriver.execute(RemoteWebDriver.java:552)
at org.openqa.selenium.remote.RemoteWebElement.execute(RemoteWebElement.java:285)
at org.openqa.selenium.remote.RemoteWebElement.click(RemoteWebElement.java:84)
at delivery01.soi_66.AgreementCreation_From_Oportunity_MobileVoice_Negative.step04(AgreementCreation_From_Oportunity_MobileVoice_Negative.java:195)
... 26 more
... Removed 30 stack frames]]>
    </failure>
  </testcase> <!-- step04 -->
  <testcase name="step05" time="0.0" classname="delivery01.soi_66.AgreementCreation_From_Oportunity_MobileVoice_Negative">
    <skipped/>
  </testcase> <!-- step05 -->
</testsuite> <!-- AgreementCreation_From_Oportunity_MobileVoice_Negative -->
